#
# There is insufficient memory for the Java Runtime Environment to continue.
# Native memory allocation (malloc) failed to allocate 32784 bytes for Chunk::new
# Possible reasons:
#   The system is out of physical RAM or swap space
#   The process is running with CompressedOops enabled, and the Java Heap may be blocking the growth of the native heap
# Possible solutions:
#   Reduce memory load on the system
#   Increase physical memory or swap space
#   Check if swap backing store is full
#   Decrease Java heap size (-Xmx/-Xms)
#   Decrease number of Java threads
#   Decrease Java thread stack sizes (-Xss)
#   Set larger code cache with -XX:ReservedCodeCacheSize=
#   JVM is running with Zero Based Compressed Oops mode in which the Java heap is
#     placed in the first 32GB address space. The Java Heap base address is the
#     maximum limit for the native heap growth. Please use -XX:HeapBaseMinAddress
#     to set the Java Heap base and to place the Java Heap above 32GB virtual address.
# This output file may be truncated or incomplete.
#
#  Out of Memory Error (./open/src/hotspot/share/memory/arena.cpp:197), pid=38704, tid=18356
#
# JRE version: Java(TM) SE Runtime Environment 18.9 (11.0.21+9) (build 11.0.21+9-LTS-193)
# Java VM: Java HotSpot(TM) 64-Bit Server VM 18.9 (11.0.21+9-LTS-193, mixed mode, tiered, compressed oops, g1 gc, windows-amd64)
# No core dump will be written. Minidumps are not enabled by default on client versions of Windows
#

---------------  S U M M A R Y ------------

Command Line: -Dfile.encoding=UTF-8 com.sample.DroolsTest

Host: AMD Ryzen 5 5600H with Radeon Graphics         , 12 cores, 15G,  Windows 11 , 64 bit Build 22621 (10.0.22621.4391)
Time: Sun Dec 15 16:02:21 2024 Central European Standard Time elapsed time: 4263.777969 seconds (0d 1h 11m 3s)

---------------  T H R E A D  ---------------

Current thread (0x000001452dd81800):  JavaThread "C2 CompilerThread0" daemon [_thread_in_native, id=18356, stack(0x00000030bd300000,0x00000030bd400000)]


Current CompileTask:
C2:4263778 5379       4       sun.awt.image.VolatileSurfaceManager::displayChanged (102 bytes)

Stack: [0x00000030bd300000,0x00000030bd400000]
Native frames: (J=compiled Java code, j=interpreted, Vv=VM code, C=native code)
V  [jvm.dll+0x66058a]
V  [jvm.dll+0x7a362f]
V  [jvm.dll+0x7a4cf9]
V  [jvm.dll+0x7a5393]
V  [jvm.dll+0x258f55]
V  [jvm.dll+0xb2a0c]
V  [jvm.dll+0xb2fcc]
V  [jvm.dll+0xb2b24]
V  [jvm.dll+0x68b18f]
V  [jvm.dll+0x21348a]
V  [jvm.dll+0x210af4]
V  [jvm.dll+0x18cdb1]
V  [jvm.dll+0x220e99]
V  [jvm.dll+0x21f1bc]
V  [jvm.dll+0x7673c1]
V  [jvm.dll+0x75fc44]
V  [jvm.dll+0x65f435]
C  [ucrtbase.dll+0x29333]
C  [KERNEL32.DLL+0x1259d]
C  [ntdll.dll+0x5af38]


---------------  P R O C E S S  ---------------

Threads class SMR info:
_java_thread_list=0x000001452f585940, length=28, elements={
0x000001452dd11800, 0x000001452dd1b000, 0x000001452dd6e000, 0x000001452dd71000,
0x000001452dd73000, 0x000001452dd81800, 0x000001452dd82800, 0x000001452dd85000,
0x000001452deff000, 0x0000014531a61800, 0x0000014531993000, 0x000001453198d000,
0x0000014531998000, 0x0000014531999800, 0x0000014531998800, 0x0000014531993800,
0x000001453199a800, 0x0000014531994800, 0x0000014531996000, 0x000001453199b000,
0x0000014531995800, 0x0000014531997000, 0x000001453221c000, 0x000001453221d000,
0x0000014532220000, 0x000001453221d800, 0x000001453221f800, 0x000001453221a800
}

Java Threads: ( => current thread )
  0x000001452dd11800 JavaThread "Reference Handler" daemon [_thread_blocked, id=37776, stack(0x00000030bce00000,0x00000030bcf00000)]
  0x000001452dd1b000 JavaThread "Finalizer" daemon [_thread_blocked, id=37460, stack(0x00000030bcf00000,0x00000030bd000000)]
  0x000001452dd6e000 JavaThread "Signal Dispatcher" daemon [_thread_blocked, id=37508, stack(0x00000030bd000000,0x00000030bd100000)]
  0x000001452dd71000 JavaThread "Attach Listener" daemon [_thread_blocked, id=37736, stack(0x00000030bd100000,0x00000030bd200000)]
  0x000001452dd73000 JavaThread "Service Thread" daemon [_thread_blocked, id=38360, stack(0x00000030bd200000,0x00000030bd300000)]
=>0x000001452dd81800 JavaThread "C2 CompilerThread0" daemon [_thread_in_native, id=18356, stack(0x00000030bd300000,0x00000030bd400000)]
  0x000001452dd82800 JavaThread "C1 CompilerThread0" daemon [_thread_blocked, id=35000, stack(0x00000030bd400000,0x00000030bd500000)]
  0x000001452dd85000 JavaThread "Sweeper thread" daemon [_thread_blocked, id=35076, stack(0x00000030bd500000,0x00000030bd600000)]
  0x000001452deff000 JavaThread "Common-Cleaner" daemon [_thread_blocked, id=36980, stack(0x00000030bd700000,0x00000030bd800000)]
  0x0000014531a61800 JavaThread "ForkJoinPool.commonPool-worker-19" daemon [_thread_blocked, id=37728, stack(0x00000030be500000,0x00000030be600000)]
  0x0000014531993000 JavaThread "drools-worker-1" daemon [_thread_blocked, id=36736, stack(0x00000030bf000000,0x00000030bf100000)]
  0x000001453198d000 JavaThread "drools-worker-2" daemon [_thread_blocked, id=36716, stack(0x00000030bf100000,0x00000030bf200000)]
  0x0000014531998000 JavaThread "drools-worker-3" daemon [_thread_blocked, id=37492, stack(0x00000030bf200000,0x00000030bf300000)]
  0x0000014531999800 JavaThread "drools-worker-4" daemon [_thread_blocked, id=27632, stack(0x00000030bf300000,0x00000030bf400000)]
  0x0000014531998800 JavaThread "drools-worker-5" daemon [_thread_blocked, id=22064, stack(0x00000030bf400000,0x00000030bf500000)]
  0x0000014531993800 JavaThread "drools-worker-6" daemon [_thread_blocked, id=32536, stack(0x00000030bf500000,0x00000030bf600000)]
  0x000001453199a800 JavaThread "drools-worker-7" daemon [_thread_blocked, id=36904, stack(0x00000030bf600000,0x00000030bf700000)]
  0x0000014531994800 JavaThread "drools-worker-8" daemon [_thread_blocked, id=36812, stack(0x00000030bf700000,0x00000030bf800000)]
  0x0000014531996000 JavaThread "drools-worker-9" daemon [_thread_blocked, id=35268, stack(0x00000030bf800000,0x00000030bf900000)]
  0x000001453199b000 JavaThread "drools-worker-10" daemon [_thread_blocked, id=35024, stack(0x00000030bf900000,0x00000030bfa00000)]
  0x0000014531995800 JavaThread "drools-worker-11" daemon [_thread_blocked, id=35424, stack(0x00000030bfa00000,0x00000030bfb00000)]
  0x0000014531997000 JavaThread "drools-worker-12" daemon [_thread_blocked, id=37260, stack(0x00000030bfb00000,0x00000030bfc00000)]
  0x000001453221c000 JavaThread "Java2D Disposer" daemon [_thread_blocked, id=37396, stack(0x00000030bfc00000,0x00000030bfd00000)]
  0x000001453221d000 JavaThread "AWT-Shutdown" [_thread_blocked, id=36496, stack(0x00000030bfd00000,0x00000030bfe00000)]
  0x0000014532220000 JavaThread "AWT-Windows" daemon [_thread_in_native, id=38068, stack(0x00000030bfe00000,0x00000030bff00000)]
  0x000001453221d800 JavaThread "AWT-EventQueue-0" [_thread_in_native, id=30980, stack(0x00000030c1000000,0x00000030c1100000)]
  0x000001453221f800 JavaThread "D3D Screen Updater" daemon [_thread_blocked, id=36232, stack(0x00000030c1100000,0x00000030c1200000)]
  0x000001453221a800 JavaThread "DestroyJavaVM" [_thread_blocked, id=37820, stack(0x00000030bc700000,0x00000030bc800000)]

Other Threads:
  0x000001452d46b800 VMThread "VM Thread" [stack: 0x00000030bcd00000,0x00000030bce00000] [id=37752]
  0x000001452def8800 WatcherThread [stack: 0x00000030bd600000,0x00000030bd700000] [id=35116]
  0x000001450a838800 GCTaskThread "GC Thread#0" [stack: 0x00000030bc800000,0x00000030bc900000] [id=37528]
  0x000001452ed03800 GCTaskThread "GC Thread#1" [stack: 0x00000030bda00000,0x00000030bdb00000] [id=35640]
  0x000001452f1a0800 GCTaskThread "GC Thread#2" [stack: 0x00000030bdb00000,0x00000030bdc00000] [id=28192]
  0x000001452f1a1000 GCTaskThread "GC Thread#3" [stack: 0x00000030bdc00000,0x00000030bdd00000] [id=32008]
  0x000001452eeba000 GCTaskThread "GC Thread#4" [stack: 0x00000030bdd00000,0x00000030bde00000] [id=33280]
  0x0000014530a03800 GCTaskThread "GC Thread#5" [stack: 0x00000030bc500000,0x00000030bc600000] [id=44008]
  0x000001452e65a000 GCTaskThread "GC Thread#6" [stack: 0x00000030bc600000,0x00000030bc700000] [id=45016]
  0x000001450a892800 ConcurrentGCThread "G1 Main Marker" [stack: 0x00000030bc900000,0x00000030bca00000] [id=37768]
  0x000001450a895000 ConcurrentGCThread "G1 Conc#0" [stack: 0x00000030bca00000,0x00000030bcb00000] [id=37764]
  0x0000014531025000 ConcurrentGCThread "G1 Conc#1" [stack: 0x00000030be300000,0x00000030be400000] [id=37724]
  0x00000145307e8800 ConcurrentGCThread "G1 Conc#2" [stack: 0x00000030be400000,0x00000030be500000] [id=37720]
  0x000001452d342000 ConcurrentGCThread "G1 Refine#0" [stack: 0x00000030bcb00000,0x00000030bcc00000] [id=37380]
  0x000001452e270000 ConcurrentGCThread "G1 Refine#1" [stack: 0x00000030bde00000,0x00000030bdf00000] [id=34940]
  0x000001452e6a6000 ConcurrentGCThread "G1 Refine#2" [stack: 0x00000030bdf00000,0x00000030be000000] [id=11548]
  0x000001452e854000 ConcurrentGCThread "G1 Refine#3" [stack: 0x00000030be000000,0x00000030be100000] [id=32916]
  0x000001452ef8b800 ConcurrentGCThread "G1 Refine#4" [stack: 0x00000030be100000,0x00000030be200000] [id=12516]
  0x000001452f48e800 ConcurrentGCThread "G1 Refine#5" [stack: 0x00000030be200000,0x00000030be300000] [id=7772]
  0x000001452d344000 ConcurrentGCThread "G1 Young RemSet Sampling" [stack: 0x00000030bcc00000,0x00000030bcd00000] [id=38356]

Threads with active compile tasks:
C2 CompilerThread0  4263817 5379       4       sun.awt.image.VolatileSurfaceManager::displayChanged (102 bytes)

VM state:not at safepoint (normal execution)

VM Mutex/Monitor currently owned by a thread: None

Heap address: 0x0000000709800000, size: 3944 MB, Compressed Oops mode: Zero based, Oop shift amount: 3
Narrow klass base: 0x0000000800000000, Narrow klass shift: 0
Compressed class space size: 1073741824 Address: 0x0000000800000000

Heap:
 garbage-first heap   total 305152K, used 187002K [0x0000000709800000, 0x0000000800000000)
  region size 1024K, 23 young (23552K), 13 survivors (13312K)
 Metaspace       used 44106K, capacity 45035K, committed 45312K, reserved 1089536K
  class space    used 4616K, capacity 5023K, committed 5120K, reserved 1048576K
Heap Regions: E=young(eden), S=young(survivor), O=old, HS=humongous(starts), HC=humongous(continues), CS=collection set, F=free, A=archive, TAMS=top-at-mark-start (previous, next)
|   0|0x0000000709800000, 0x0000000709900000, 0x0000000709900000|100%|HS|  |TAMS 0x0000000709900000, 0x0000000709800000| Complete 
|   1|0x0000000709900000, 0x0000000709a00000, 0x0000000709a00000|100%| O|  |TAMS 0x0000000709a00000, 0x0000000709900000| Untracked 
|   2|0x0000000709a00000, 0x0000000709b00000, 0x0000000709b00000|100%| O|  |TAMS 0x0000000709b00000, 0x0000000709a00000| Untracked 
|   3|0x0000000709b00000, 0x0000000709c00000, 0x0000000709c00000|100%| O|  |TAMS 0x0000000709c00000, 0x0000000709b00000| Untracked 
|   4|0x0000000709c00000, 0x0000000709d00000, 0x0000000709d00000|100%| O|  |TAMS 0x0000000709d00000, 0x0000000709c00000| Untracked 
|   5|0x0000000709d00000, 0x0000000709e00000, 0x0000000709e00000|100%| O|  |TAMS 0x0000000709e00000, 0x0000000709d00000| Untracked 
|   6|0x0000000709e00000, 0x0000000709f00000, 0x0000000709f00000|100%| O|  |TAMS 0x0000000709f00000, 0x0000000709e00000| Untracked 
|   7|0x0000000709f00000, 0x000000070a000000, 0x000000070a000000|100%| O|  |TAMS 0x000000070a000000, 0x0000000709f00000| Untracked 
|   8|0x000000070a000000, 0x000000070a100000, 0x000000070a100000|100%| O|  |TAMS 0x000000070a100000, 0x000000070a000000| Untracked 
|   9|0x000000070a100000, 0x000000070a200000, 0x000000070a200000|100%| O|  |TAMS 0x000000070a200000, 0x000000070a100000| Untracked 
|  10|0x000000070a200000, 0x000000070a300000, 0x000000070a300000|100%| O|  |TAMS 0x000000070a300000, 0x000000070a200000| Untracked 
|  11|0x000000070a300000, 0x000000070a400000, 0x000000070a400000|100%| O|  |TAMS 0x000000070a400000, 0x000000070a300000| Untracked 
|  12|0x000000070a400000, 0x000000070a500000, 0x000000070a500000|100%| O|  |TAMS 0x000000070a500000, 0x000000070a400000| Untracked 
|  13|0x000000070a500000, 0x000000070a600000, 0x000000070a600000|100%| O|  |TAMS 0x000000070a600000, 0x000000070a500000| Untracked 
|  14|0x000000070a600000, 0x000000070a700000, 0x000000070a700000|100%| O|  |TAMS 0x000000070a700000, 0x000000070a600000| Untracked 
|  15|0x000000070a700000, 0x000000070a800000, 0x000000070a800000|100%| O|  |TAMS 0x000000070a800000, 0x000000070a700000| Untracked 
|  16|0x000000070a800000, 0x000000070a900000, 0x000000070a900000|100%| O|  |TAMS 0x000000070a900000, 0x000000070a800000| Untracked 
|  17|0x000000070a900000, 0x000000070aa00000, 0x000000070aa00000|100%| O|  |TAMS 0x000000070aa00000, 0x000000070a900000| Untracked 
|  18|0x000000070aa00000, 0x000000070ab00000, 0x000000070ab00000|100%|HS|  |TAMS 0x000000070ab00000, 0x000000070aa00000| Complete 
|  19|0x000000070ab00000, 0x000000070ac00000, 0x000000070ac00000|100%|HS|  |TAMS 0x000000070ac00000, 0x000000070ab00000| Complete 
|  20|0x000000070ac00000, 0x000000070ad00000, 0x000000070ad00000|100%| O|  |TAMS 0x000000070ad00000, 0x000000070ac00000| Untracked 
|  21|0x000000070ad00000, 0x000000070ae00000, 0x000000070ae00000|100%| O|  |TAMS 0x000000070ae00000, 0x000000070ad00000| Untracked 
|  22|0x000000070ae00000, 0x000000070af00000, 0x000000070af00000|100%| O|  |TAMS 0x000000070af00000, 0x000000070ae00000| Untracked 
|  23|0x000000070af00000, 0x000000070b000000, 0x000000070b000000|100%| O|  |TAMS 0x000000070b000000, 0x000000070af00000| Untracked 
|  24|0x000000070b000000, 0x000000070b100000, 0x000000070b100000|100%| O|  |TAMS 0x000000070b100000, 0x000000070b000000| Untracked 
|  25|0x000000070b100000, 0x000000070b200000, 0x000000070b200000|100%| O|  |TAMS 0x000000070b200000, 0x000000070b100000| Untracked 
|  26|0x000000070b200000, 0x000000070b300000, 0x000000070b300000|100%| O|  |TAMS 0x000000070b300000, 0x000000070b200000| Untracked 
|  27|0x000000070b300000, 0x000000070b400000, 0x000000070b400000|100%| O|  |TAMS 0x000000070b400000, 0x000000070b300000| Untracked 
|  28|0x000000070b400000, 0x000000070b500000, 0x000000070b500000|100%| O|  |TAMS 0x000000070b500000, 0x000000070b400000| Untracked 
|  29|0x000000070b500000, 0x000000070b600000, 0x000000070b600000|100%| O|  |TAMS 0x000000070b600000, 0x000000070b500000| Untracked 
|  30|0x000000070b600000, 0x000000070b700000, 0x000000070b700000|100%| O|  |TAMS 0x000000070b700000, 0x000000070b600000| Untracked 
|  31|0x000000070b700000, 0x000000070b800000, 0x000000070b800000|100%| O|  |TAMS 0x000000070b800000, 0x000000070b700000| Untracked 
|  32|0x000000070b800000, 0x000000070b900000, 0x000000070b900000|100%| O|  |TAMS 0x000000070b900000, 0x000000070b800000| Untracked 
|  33|0x000000070b900000, 0x000000070ba00000, 0x000000070ba00000|100%| O|  |TAMS 0x000000070ba00000, 0x000000070b900000| Untracked 
|  34|0x000000070ba00000, 0x000000070bb00000, 0x000000070bb00000|100%| O|  |TAMS 0x000000070bb00000, 0x000000070ba00000| Untracked 
|  35|0x000000070bb00000, 0x000000070bc00000, 0x000000070bc00000|100%| O|  |TAMS 0x000000070bc00000, 0x000000070bb00000| Untracked 
|  36|0x000000070bc00000, 0x000000070bd00000, 0x000000070bd00000|100%| O|  |TAMS 0x000000070bd00000, 0x000000070bc00000| Untracked 
|  37|0x000000070bd00000, 0x000000070be00000, 0x000000070be00000|100%| O|  |TAMS 0x000000070be00000, 0x000000070bd00000| Untracked 
|  38|0x000000070be00000, 0x000000070bf00000, 0x000000070bf00000|100%| O|  |TAMS 0x000000070bf00000, 0x000000070be00000| Untracked 
|  39|0x000000070bf00000, 0x000000070c000000, 0x000000070c000000|100%| O|  |TAMS 0x000000070c000000, 0x000000070bf00000| Untracked 
|  40|0x000000070c000000, 0x000000070c100000, 0x000000070c100000|100%| O|  |TAMS 0x000000070c100000, 0x000000070c000000| Untracked 
|  41|0x000000070c100000, 0x000000070c200000, 0x000000070c200000|100%| O|  |TAMS 0x000000070c200000, 0x000000070c100000| Untracked 
|  42|0x000000070c200000, 0x000000070c300000, 0x000000070c300000|100%| O|  |TAMS 0x000000070c300000, 0x000000070c200000| Untracked 
|  43|0x000000070c300000, 0x000000070c400000, 0x000000070c400000|100%| O|  |TAMS 0x000000070c400000, 0x000000070c300000| Untracked 
|  44|0x000000070c400000, 0x000000070c500000, 0x000000070c500000|100%| O|  |TAMS 0x000000070c500000, 0x000000070c400000| Untracked 
|  45|0x000000070c500000, 0x000000070c600000, 0x000000070c600000|100%| O|  |TAMS 0x000000070c600000, 0x000000070c500000| Untracked 
|  46|0x000000070c600000, 0x000000070c700000, 0x000000070c700000|100%| O|  |TAMS 0x000000070c700000, 0x000000070c600000| Untracked 
|  47|0x000000070c700000, 0x000000070c800000, 0x000000070c800000|100%| O|  |TAMS 0x000000070c800000, 0x000000070c700000| Untracked 
|  48|0x000000070c800000, 0x000000070c900000, 0x000000070c900000|100%| O|  |TAMS 0x000000070c900000, 0x000000070c800000| Untracked 
|  49|0x000000070c900000, 0x000000070ca00000, 0x000000070ca00000|100%| O|  |TAMS 0x000000070ca00000, 0x000000070c900000| Untracked 
|  50|0x000000070ca00000, 0x000000070cb00000, 0x000000070cb00000|100%| O|  |TAMS 0x000000070cb00000, 0x000000070ca00000| Untracked 
|  51|0x000000070cb00000, 0x000000070cc00000, 0x000000070cc00000|100%| O|  |TAMS 0x000000070cc00000, 0x000000070cb00000| Untracked 
|  52|0x000000070cc00000, 0x000000070cd00000, 0x000000070cd00000|100%| O|  |TAMS 0x000000070cd00000, 0x000000070cc00000| Untracked 
|  53|0x000000070cd00000, 0x000000070ce00000, 0x000000070ce00000|100%| O|  |TAMS 0x000000070ce00000, 0x000000070cd00000| Untracked 
|  54|0x000000070ce00000, 0x000000070cf00000, 0x000000070cf00000|100%| O|  |TAMS 0x000000070cf00000, 0x000000070ce00000| Untracked 
|  55|0x000000070cf00000, 0x000000070d000000, 0x000000070d000000|100%| O|  |TAMS 0x000000070d000000, 0x000000070cf00000| Untracked 
|  56|0x000000070d000000, 0x000000070d100000, 0x000000070d100000|100%| O|  |TAMS 0x000000070d100000, 0x000000070d000000| Untracked 
|  57|0x000000070d100000, 0x000000070d200000, 0x000000070d200000|100%| O|  |TAMS 0x000000070d200000, 0x000000070d100000| Untracked 
|  58|0x000000070d200000, 0x000000070d300000, 0x000000070d300000|100%| O|  |TAMS 0x000000070d300000, 0x000000070d200000| Untracked 
|  59|0x000000070d300000, 0x000000070d400000, 0x000000070d400000|100%| O|  |TAMS 0x000000070d400000, 0x000000070d300000| Untracked 
|  60|0x000000070d400000, 0x000000070d500000, 0x000000070d500000|100%| O|  |TAMS 0x000000070d500000, 0x000000070d400000| Untracked 
|  61|0x000000070d500000, 0x000000070d600000, 0x000000070d600000|100%| O|  |TAMS 0x000000070d600000, 0x000000070d500000| Untracked 
|  62|0x000000070d600000, 0x000000070d700000, 0x000000070d700000|100%| O|  |TAMS 0x000000070d700000, 0x000000070d600000| Untracked 
|  63|0x000000070d700000, 0x000000070d800000, 0x000000070d800000|100%| O|  |TAMS 0x000000070d800000, 0x000000070d700000| Untracked 
|  64|0x000000070d800000, 0x000000070d900000, 0x000000070d900000|100%| O|  |TAMS 0x000000070d900000, 0x000000070d800000| Untracked 
|  65|0x000000070d900000, 0x000000070da00000, 0x000000070da00000|100%| O|  |TAMS 0x000000070d9a1000, 0x000000070d900000| Untracked 
|  66|0x000000070da00000, 0x000000070db00000, 0x000000070db00000|100%|HS|  |TAMS 0x000000070da00000, 0x000000070da00000| Complete 
|  67|0x000000070db00000, 0x000000070dc00000, 0x000000070dc00000|100%|HC|  |TAMS 0x000000070db00000, 0x000000070db00000| Complete 
|  68|0x000000070dc00000, 0x000000070dd00000, 0x000000070dd00000|100%|HC|  |TAMS 0x000000070dc00000, 0x000000070dc00000| Complete 
|  69|0x000000070dd00000, 0x000000070de00000, 0x000000070de00000|100%|HC|  |TAMS 0x000000070dd00000, 0x000000070dd00000| Complete 
|  70|0x000000070de00000, 0x000000070df00000, 0x000000070df00000|100%|HC|  |TAMS 0x000000070de00000, 0x000000070de00000| Complete 
|  71|0x000000070df00000, 0x000000070e000000, 0x000000070e000000|100%|HC|  |TAMS 0x000000070df00000, 0x000000070df00000| Complete 
|  72|0x000000070e000000, 0x000000070e100000, 0x000000070e100000|100%|HC|  |TAMS 0x000000070e000000, 0x000000070e000000| Complete 
|  73|0x000000070e100000, 0x000000070e200000, 0x000000070e200000|100%| O|  |TAMS 0x000000070e100000, 0x000000070e100000| Untracked 
|  74|0x000000070e200000, 0x000000070e300000, 0x000000070e300000|100%| O|  |TAMS 0x000000070e200000, 0x000000070e200000| Untracked 
|  75|0x000000070e300000, 0x000000070e400000, 0x000000070e400000|100%| O|  |TAMS 0x000000070e300000, 0x000000070e300000| Untracked 
|  76|0x000000070e400000, 0x000000070e500000, 0x000000070e500000|100%| O|  |TAMS 0x000000070e400000, 0x000000070e400000| Untracked 
|  77|0x000000070e500000, 0x000000070e600000, 0x000000070e600000|100%| O|  |TAMS 0x000000070e500000, 0x000000070e500000| Untracked 
|  78|0x000000070e600000, 0x000000070e700000, 0x000000070e700000|100%| O|  |TAMS 0x000000070e600000, 0x000000070e600000| Untracked 
|  79|0x000000070e700000, 0x000000070e800000, 0x000000070e800000|100%| O|  |TAMS 0x000000070e700000, 0x000000070e700000| Untracked 
|  80|0x000000070e800000, 0x000000070e900000, 0x000000070e900000|100%| O|  |TAMS 0x000000070e800000, 0x000000070e800000| Untracked 
|  81|0x000000070e900000, 0x000000070ea00000, 0x000000070ea00000|100%| O|  |TAMS 0x000000070e900000, 0x000000070e900000| Untracked 
|  82|0x000000070ea00000, 0x000000070eb00000, 0x000000070eb00000|100%| O|  |TAMS 0x000000070ea00000, 0x000000070ea00000| Untracked 
|  83|0x000000070eb00000, 0x000000070ec00000, 0x000000070ec00000|100%| O|  |TAMS 0x000000070eb00000, 0x000000070eb00000| Untracked 
|  84|0x000000070ec00000, 0x000000070ed00000, 0x000000070ed00000|100%| O|  |TAMS 0x000000070ec00000, 0x000000070ec00000| Untracked 
|  85|0x000000070ed00000, 0x000000070ee00000, 0x000000070ee00000|100%| O|  |TAMS 0x000000070ed00000, 0x000000070ed00000| Untracked 
|  86|0x000000070ee00000, 0x000000070ef00000, 0x000000070ef00000|100%| O|  |TAMS 0x000000070ee00000, 0x000000070ee00000| Untracked 
|  87|0x000000070ef00000, 0x000000070f000000, 0x000000070f000000|100%| O|  |TAMS 0x000000070ef00000, 0x000000070ef00000| Untracked 
|  88|0x000000070f000000, 0x000000070f100000, 0x000000070f100000|100%| O|  |TAMS 0x000000070f000000, 0x000000070f000000| Untracked 
|  89|0x000000070f100000, 0x000000070f200000, 0x000000070f200000|100%| O|  |TAMS 0x000000070f100000, 0x000000070f100000| Untracked 
|  90|0x000000070f200000, 0x000000070f300000, 0x000000070f300000|100%| O|  |TAMS 0x000000070f200000, 0x000000070f200000| Untracked 
|  91|0x000000070f300000, 0x000000070f400000, 0x000000070f400000|100%| O|  |TAMS 0x000000070f300000, 0x000000070f300000| Untracked 
|  92|0x000000070f400000, 0x000000070f500000, 0x000000070f500000|100%| O|  |TAMS 0x000000070f400000, 0x000000070f400000| Untracked 
|  93|0x000000070f500000, 0x000000070f600000, 0x000000070f600000|100%| O|  |TAMS 0x000000070f500000, 0x000000070f500000| Untracked 
|  94|0x000000070f600000, 0x000000070f700000, 0x000000070f700000|100%| O|  |TAMS 0x000000070f600000, 0x000000070f600000| Untracked 
|  95|0x000000070f700000, 0x000000070f800000, 0x000000070f800000|100%| O|  |TAMS 0x000000070f700000, 0x000000070f700000| Untracked 
|  96|0x000000070f800000, 0x000000070f900000, 0x000000070f900000|100%| O|  |TAMS 0x000000070f800000, 0x000000070f800000| Untracked 
|  97|0x000000070f900000, 0x000000070fa00000, 0x000000070fa00000|100%| O|  |TAMS 0x000000070f900000, 0x000000070f900000| Untracked 
|  98|0x000000070fa00000, 0x000000070fb00000, 0x000000070fb00000|100%| O|  |TAMS 0x000000070fa00000, 0x000000070fa00000| Untracked 
|  99|0x000000070fb00000, 0x000000070fc00000, 0x000000070fc00000|100%| O|  |TAMS 0x000000070fb00000, 0x000000070fb00000| Untracked 
| 100|0x000000070fc00000, 0x000000070fd00000, 0x000000070fd00000|100%| O|  |TAMS 0x000000070fc00000, 0x000000070fc00000| Untracked 
| 101|0x000000070fd00000, 0x000000070fe00000, 0x000000070fe00000|100%| O|  |TAMS 0x000000070fd00000, 0x000000070fd00000| Untracked 
| 102|0x000000070fe00000, 0x000000070ff00000, 0x000000070ff00000|100%| O|  |TAMS 0x000000070fe00000, 0x000000070fe00000| Untracked 
| 103|0x000000070ff00000, 0x0000000710000000, 0x0000000710000000|100%| O|  |TAMS 0x000000070ff00000, 0x000000070ff00000| Untracked 
| 104|0x0000000710000000, 0x0000000710100000, 0x0000000710100000|100%| O|  |TAMS 0x0000000710000000, 0x0000000710000000| Untracked 
| 105|0x0000000710100000, 0x0000000710200000, 0x0000000710200000|100%| O|  |TAMS 0x0000000710100000, 0x0000000710100000| Untracked 
| 106|0x0000000710200000, 0x0000000710300000, 0x0000000710300000|100%| O|  |TAMS 0x0000000710200000, 0x0000000710200000| Untracked 
| 107|0x0000000710300000, 0x0000000710400000, 0x0000000710400000|100%| O|  |TAMS 0x0000000710300000, 0x0000000710300000| Untracked 
| 108|0x0000000710400000, 0x0000000710500000, 0x0000000710500000|100%| O|  |TAMS 0x0000000710400000, 0x0000000710400000| Untracked 
| 109|0x0000000710500000, 0x0000000710600000, 0x0000000710600000|100%| O|  |TAMS 0x0000000710500000, 0x0000000710500000| Untracked 
| 110|0x0000000710600000, 0x0000000710700000, 0x0000000710700000|100%| O|  |TAMS 0x0000000710600000, 0x0000000710600000| Untracked 
| 111|0x0000000710700000, 0x0000000710800000, 0x0000000710800000|100%| O|  |TAMS 0x0000000710700000, 0x0000000710700000| Untracked 
| 112|0x0000000710800000, 0x0000000710900000, 0x0000000710900000|100%| O|  |TAMS 0x0000000710800000, 0x0000000710800000| Untracked 
| 113|0x0000000710900000, 0x0000000710a00000, 0x0000000710a00000|100%| O|  |TAMS 0x0000000710900000, 0x0000000710900000| Untracked 
| 114|0x0000000710a00000, 0x0000000710b00000, 0x0000000710b00000|100%| O|  |TAMS 0x0000000710a00000, 0x0000000710a00000| Untracked 
| 115|0x0000000710b00000, 0x0000000710c00000, 0x0000000710c00000|100%| O|  |TAMS 0x0000000710b00000, 0x0000000710b00000| Untracked 
| 116|0x0000000710c00000, 0x0000000710d00000, 0x0000000710d00000|100%| O|  |TAMS 0x0000000710c00000, 0x0000000710c00000| Untracked 
| 117|0x0000000710d00000, 0x0000000710e00000, 0x0000000710e00000|100%| O|  |TAMS 0x0000000710d00000, 0x0000000710d00000| Untracked 
| 118|0x0000000710e00000, 0x0000000710f00000, 0x0000000710f00000|100%| O|  |TAMS 0x0000000710e00000, 0x0000000710e00000| Untracked 
| 119|0x0000000710f00000, 0x0000000711000000, 0x0000000711000000|100%| O|  |TAMS 0x0000000710f00000, 0x0000000710f00000| Untracked 
| 120|0x0000000711000000, 0x0000000711100000, 0x0000000711100000|100%| O|  |TAMS 0x0000000711000000, 0x0000000711000000| Untracked 
| 121|0x0000000711100000, 0x0000000711200000, 0x0000000711200000|100%| O|  |TAMS 0x0000000711100000, 0x0000000711100000| Untracked 
| 122|0x0000000711200000, 0x0000000711300000, 0x0000000711300000|100%| O|  |TAMS 0x0000000711200000, 0x0000000711200000| Untracked 
| 123|0x0000000711300000, 0x0000000711400000, 0x0000000711400000|100%| O|  |TAMS 0x0000000711300000, 0x0000000711300000| Untracked 
| 124|0x0000000711400000, 0x0000000711500000, 0x0000000711500000|100%| O|  |TAMS 0x0000000711400000, 0x0000000711400000| Untracked 
| 125|0x0000000711500000, 0x0000000711600000, 0x0000000711600000|100%| O|  |TAMS 0x0000000711500000, 0x0000000711500000| Untracked 
| 126|0x0000000711600000, 0x0000000711700000, 0x0000000711700000|100%| O|  |TAMS 0x0000000711600000, 0x0000000711600000| Untracked 
| 127|0x0000000711700000, 0x0000000711800000, 0x0000000711800000|100%| O|  |TAMS 0x0000000711700000, 0x0000000711700000| Untracked 
| 128|0x0000000711800000, 0x0000000711900000, 0x0000000711900000|100%| O|  |TAMS 0x0000000711800000, 0x0000000711800000| Untracked 
| 129|0x0000000711900000, 0x0000000711a00000, 0x0000000711a00000|100%| O|  |TAMS 0x0000000711900000, 0x0000000711900000| Untracked 
| 130|0x0000000711a00000, 0x0000000711b00000, 0x0000000711b00000|100%| O|  |TAMS 0x0000000711a00000, 0x0000000711a00000| Untracked 
| 131|0x0000000711b00000, 0x0000000711c00000, 0x0000000711c00000|100%| O|  |TAMS 0x0000000711b00000, 0x0000000711b00000| Untracked 
| 132|0x0000000711c00000, 0x0000000711d00000, 0x0000000711d00000|100%| O|  |TAMS 0x0000000711c00000, 0x0000000711c00000| Untracked 
| 133|0x0000000711d00000, 0x0000000711e00000, 0x0000000711e00000|100%| O|  |TAMS 0x0000000711d00000, 0x0000000711d00000| Untracked 
| 134|0x0000000711e00000, 0x0000000711f00000, 0x0000000711f00000|100%| O|  |TAMS 0x0000000711e00000, 0x0000000711e00000| Untracked 
| 135|0x0000000711f00000, 0x0000000712000000, 0x0000000712000000|100%| O|  |TAMS 0x0000000711f00000, 0x0000000711f00000| Untracked 
| 136|0x0000000712000000, 0x0000000712100000, 0x0000000712100000|100%| O|  |TAMS 0x0000000712000000, 0x0000000712000000| Untracked 
| 137|0x0000000712100000, 0x0000000712100000, 0x0000000712200000|  0%| F|  |TAMS 0x0000000712100000, 0x0000000712100000| Untracked 
| 138|0x0000000712200000, 0x0000000712200000, 0x0000000712300000|  0%| F|  |TAMS 0x0000000712200000, 0x0000000712200000| Untracked 
| 139|0x0000000712300000, 0x0000000712300000, 0x0000000712400000|  0%| F|  |TAMS 0x0000000712300000, 0x0000000712300000| Untracked 
| 140|0x0000000712400000, 0x0000000712400000, 0x0000000712500000|  0%| F|  |TAMS 0x0000000712400000, 0x0000000712400000| Untracked 
| 141|0x0000000712500000, 0x0000000712500000, 0x0000000712600000|  0%| F|  |TAMS 0x0000000712500000, 0x0000000712500000| Untracked 
| 142|0x0000000712600000, 0x0000000712600000, 0x0000000712700000|  0%| F|  |TAMS 0x0000000712600000, 0x0000000712600000| Untracked 
| 143|0x0000000712700000, 0x0000000712700000, 0x0000000712800000|  0%| F|  |TAMS 0x0000000712700000, 0x0000000712700000| Untracked 
| 144|0x0000000712800000, 0x0000000712800000, 0x0000000712900000|  0%| F|  |TAMS 0x0000000712800000, 0x0000000712800000| Untracked 
| 145|0x0000000712900000, 0x0000000712900000, 0x0000000712a00000|  0%| F|  |TAMS 0x0000000712900000, 0x0000000712900000| Untracked 
| 146|0x0000000712a00000, 0x0000000712a00000, 0x0000000712b00000|  0%| F|  |TAMS 0x0000000712a00000, 0x0000000712a00000| Untracked 
| 147|0x0000000712b00000, 0x0000000712b00000, 0x0000000712c00000|  0%| F|  |TAMS 0x0000000712b00000, 0x0000000712b00000| Untracked 
| 148|0x0000000712c00000, 0x0000000712c00000, 0x0000000712d00000|  0%| F|  |TAMS 0x0000000712c00000, 0x0000000712c00000| Untracked 
| 149|0x0000000712d00000, 0x0000000712d00000, 0x0000000712e00000|  0%| F|  |TAMS 0x0000000712d00000, 0x0000000712d00000| Untracked 
| 150|0x0000000712e00000, 0x0000000712f00000, 0x0000000712f00000|100%| O|  |TAMS 0x0000000712e00000, 0x0000000712e00000| Untracked 
| 151|0x0000000712f00000, 0x0000000713000000, 0x0000000713000000|100%| O|  |TAMS 0x0000000712f00000, 0x0000000712f00000| Untracked 
| 152|0x0000000713000000, 0x0000000713100000, 0x0000000713100000|100%| O|  |TAMS 0x0000000713000000, 0x0000000713000000| Untracked 
| 153|0x0000000713100000, 0x0000000713200000, 0x0000000713200000|100%| O|  |TAMS 0x0000000713100000, 0x0000000713100000| Untracked 
| 154|0x0000000713200000, 0x0000000713300000, 0x0000000713300000|100%| O|  |TAMS 0x0000000713200000, 0x0000000713200000| Untracked 
| 155|0x0000000713300000, 0x0000000713400000, 0x0000000713400000|100%| O|  |TAMS 0x0000000713300000, 0x0000000713300000| Untracked 
| 156|0x0000000713400000, 0x0000000713500000, 0x0000000713500000|100%| O|  |TAMS 0x0000000713400000, 0x0000000713400000| Untracked 
| 157|0x0000000713500000, 0x0000000713600000, 0x0000000713600000|100%| O|  |TAMS 0x0000000713500000, 0x0000000713500000| Untracked 
| 158|0x0000000713600000, 0x0000000713700000, 0x0000000713700000|100%| O|  |TAMS 0x0000000713600000, 0x0000000713600000| Untracked 
| 159|0x0000000713700000, 0x0000000713800000, 0x0000000713800000|100%| O|  |TAMS 0x0000000713700000, 0x0000000713700000| Untracked 
| 160|0x0000000713800000, 0x0000000713900000, 0x0000000713900000|100%| O|  |TAMS 0x0000000713800000, 0x0000000713800000| Untracked 
| 161|0x0000000713900000, 0x0000000713a00000, 0x0000000713a00000|100%| O|  |TAMS 0x0000000713900000, 0x0000000713900000| Untracked 
| 162|0x0000000713a00000, 0x0000000713b00000, 0x0000000713b00000|100%| O|  |TAMS 0x0000000713a00000, 0x0000000713a00000| Untracked 
| 163|0x0000000713b00000, 0x0000000713c00000, 0x0000000713c00000|100%| O|  |TAMS 0x0000000713b00000, 0x0000000713b00000| Untracked 
| 164|0x0000000713c00000, 0x0000000713d00000, 0x0000000713d00000|100%| O|  |TAMS 0x0000000713c00000, 0x0000000713c00000| Untracked 
| 165|0x0000000713d00000, 0x0000000713e00000, 0x0000000713e00000|100%| O|  |TAMS 0x0000000713d00000, 0x0000000713d00000| Untracked 
| 166|0x0000000713e00000, 0x0000000713f00000, 0x0000000713f00000|100%| O|  |TAMS 0x0000000713e00000, 0x0000000713e00000| Untracked 
| 167|0x0000000713f00000, 0x0000000714000000, 0x0000000714000000|100%| O|  |TAMS 0x0000000713f00000, 0x0000000713f00000| Untracked 
| 168|0x0000000714000000, 0x0000000714100000, 0x0000000714100000|100%| O|  |TAMS 0x0000000714000000, 0x0000000714000000| Untracked 
| 169|0x0000000714100000, 0x0000000714200000, 0x0000000714200000|100%| O|  |TAMS 0x0000000714100000, 0x0000000714100000| Untracked 
| 170|0x0000000714200000, 0x0000000714300000, 0x0000000714300000|100%| O|  |TAMS 0x0000000714200000, 0x0000000714200000| Untracked 
| 171|0x0000000714300000, 0x0000000714400000, 0x0000000714400000|100%| O|  |TAMS 0x0000000714300000, 0x0000000714300000| Untracked 
| 172|0x0000000714400000, 0x0000000714500000, 0x0000000714500000|100%| O|  |TAMS 0x0000000714400000, 0x0000000714400000| Untracked 
| 173|0x0000000714500000, 0x0000000714600000, 0x0000000714600000|100%| O|  |TAMS 0x0000000714500000, 0x0000000714500000| Untracked 
| 174|0x0000000714600000, 0x000000071469e800, 0x0000000714700000| 61%| O|  |TAMS 0x0000000714600000, 0x0000000714600000| Untracked 
| 175|0x0000000714700000, 0x0000000714700000, 0x0000000714800000|  0%| F|  |TAMS 0x0000000714700000, 0x0000000714700000| Untracked 
| 176|0x0000000714800000, 0x0000000714800000, 0x0000000714900000|  0%| F|  |TAMS 0x0000000714800000, 0x0000000714800000| Untracked 
| 177|0x0000000714900000, 0x0000000714900000, 0x0000000714a00000|  0%| F|  |TAMS 0x0000000714900000, 0x0000000714900000| Untracked 
| 178|0x0000000714a00000, 0x0000000714a00000, 0x0000000714b00000|  0%| F|  |TAMS 0x0000000714a00000, 0x0000000714a00000| Untracked 
| 179|0x0000000714b00000, 0x0000000714b00000, 0x0000000714c00000|  0%| F|  |TAMS 0x0000000714b00000, 0x0000000714b00000| Untracked 
| 180|0x0000000714c00000, 0x0000000714c00000, 0x0000000714d00000|  0%| F|  |TAMS 0x0000000714c00000, 0x0000000714c00000| Untracked 
| 181|0x0000000714d00000, 0x0000000714d00000, 0x0000000714e00000|  0%| F|  |TAMS 0x0000000714d00000, 0x0000000714d00000| Untracked 
| 182|0x0000000714e00000, 0x0000000714e00000, 0x0000000714f00000|  0%| F|  |TAMS 0x0000000714e00000, 0x0000000714e00000| Untracked 
| 183|0x0000000714f00000, 0x0000000714f00000, 0x0000000715000000|  0%| F|  |TAMS 0x0000000714f00000, 0x0000000714f00000| Untracked 
| 184|0x0000000715000000, 0x0000000715000000, 0x0000000715100000|  0%| F|  |TAMS 0x0000000715000000, 0x0000000715000000| Untracked 
| 185|0x0000000715100000, 0x0000000715100000, 0x0000000715200000|  0%| F|  |TAMS 0x0000000715100000, 0x0000000715100000| Untracked 
| 186|0x0000000715200000, 0x0000000715200000, 0x0000000715300000|  0%| F|  |TAMS 0x0000000715200000, 0x0000000715200000| Untracked 
| 187|0x0000000715300000, 0x0000000715300000, 0x0000000715400000|  0%| F|  |TAMS 0x0000000715300000, 0x0000000715300000| Untracked 
| 188|0x0000000715400000, 0x0000000715400000, 0x0000000715500000|  0%| F|  |TAMS 0x0000000715400000, 0x0000000715400000| Untracked 
| 189|0x0000000715500000, 0x0000000715500000, 0x0000000715600000|  0%| F|  |TAMS 0x0000000715500000, 0x0000000715500000| Untracked 
| 190|0x0000000715600000, 0x0000000715600000, 0x0000000715700000|  0%| F|  |TAMS 0x0000000715600000, 0x0000000715600000| Untracked 
| 191|0x0000000715700000, 0x0000000715700000, 0x0000000715800000|  0%| F|  |TAMS 0x0000000715700000, 0x0000000715700000| Untracked 
| 192|0x0000000715800000, 0x0000000715800000, 0x0000000715900000|  0%| F|  |TAMS 0x0000000715800000, 0x0000000715800000| Untracked 
| 193|0x0000000715900000, 0x0000000715900000, 0x0000000715a00000|  0%| F|  |TAMS 0x0000000715900000, 0x0000000715900000| Untracked 
| 194|0x0000000715a00000, 0x0000000715a00000, 0x0000000715b00000|  0%| F|  |TAMS 0x0000000715a00000, 0x0000000715a00000| Untracked 
| 195|0x0000000715b00000, 0x0000000715c00000, 0x0000000715c00000|100%| S|CS|TAMS 0x0000000715b00000, 0x0000000715b00000| Complete 
| 196|0x0000000715c00000, 0x0000000715d00000, 0x0000000715d00000|100%| S|CS|TAMS 0x0000000715c00000, 0x0000000715c00000| Complete 
| 197|0x0000000715d00000, 0x0000000715e00000, 0x0000000715e00000|100%| S|CS|TAMS 0x0000000715d00000, 0x0000000715d00000| Complete 
| 198|0x0000000715e00000, 0x0000000715f00000, 0x0000000715f00000|100%| S|CS|TAMS 0x0000000715e00000, 0x0000000715e00000| Complete 
| 199|0x0000000715f00000, 0x0000000716000000, 0x0000000716000000|100%| S|CS|TAMS 0x0000000715f00000, 0x0000000715f00000| Complete 
| 200|0x0000000716000000, 0x0000000716100000, 0x0000000716100000|100%| S|CS|TAMS 0x0000000716000000, 0x0000000716000000| Complete 
| 201|0x0000000716100000, 0x0000000716200000, 0x0000000716200000|100%| S|CS|TAMS 0x0000000716100000, 0x0000000716100000| Complete 
| 202|0x0000000716200000, 0x0000000716300000, 0x0000000716300000|100%| S|CS|TAMS 0x0000000716200000, 0x0000000716200000| Complete 
| 203|0x0000000716300000, 0x0000000716400000, 0x0000000716400000|100%| S|CS|TAMS 0x0000000716300000, 0x0000000716300000| Complete 
| 204|0x0000000716400000, 0x0000000716500000, 0x0000000716500000|100%| S|CS|TAMS 0x0000000716400000, 0x0000000716400000| Complete 
| 205|0x0000000716500000, 0x0000000716600000, 0x0000000716600000|100%| S|CS|TAMS 0x0000000716500000, 0x0000000716500000| Complete 
| 206|0x0000000716600000, 0x0000000716700000, 0x0000000716700000|100%| S|CS|TAMS 0x0000000716600000, 0x0000000716600000| Complete 
| 207|0x0000000716700000, 0x0000000716800000, 0x0000000716800000|100%| S|CS|TAMS 0x0000000716700000, 0x0000000716700000| Complete 
| 208|0x0000000716800000, 0x0000000716800000, 0x0000000716900000|  0%| F|  |TAMS 0x0000000716800000, 0x0000000716800000| Untracked 
| 209|0x0000000716900000, 0x0000000716900000, 0x0000000716a00000|  0%| F|  |TAMS 0x0000000716900000, 0x0000000716900000| Untracked 
| 210|0x0000000716a00000, 0x0000000716a00000, 0x0000000716b00000|  0%| F|  |TAMS 0x0000000716a00000, 0x0000000716a00000| Untracked 
| 211|0x0000000716b00000, 0x0000000716b00000, 0x0000000716c00000|  0%| F|  |TAMS 0x0000000716b00000, 0x0000000716b00000| Untracked 
| 212|0x0000000716c00000, 0x0000000716c00000, 0x0000000716d00000|  0%| F|  |TAMS 0x0000000716c00000, 0x0000000716c00000| Untracked 
| 213|0x0000000716d00000, 0x0000000716d00000, 0x0000000716e00000|  0%| F|  |TAMS 0x0000000716d00000, 0x0000000716d00000| Untracked 
| 214|0x0000000716e00000, 0x0000000716e00000, 0x0000000716f00000|  0%| F|  |TAMS 0x0000000716e00000, 0x0000000716e00000| Untracked 
| 215|0x0000000716f00000, 0x0000000716f00000, 0x0000000717000000|  0%| F|  |TAMS 0x0000000716f00000, 0x0000000716f00000| Untracked 
| 216|0x0000000717000000, 0x0000000717000000, 0x0000000717100000|  0%| F|  |TAMS 0x0000000717000000, 0x0000000717000000| Untracked 
| 217|0x0000000717100000, 0x0000000717100000, 0x0000000717200000|  0%| F|  |TAMS 0x0000000717100000, 0x0000000717100000| Untracked 
| 218|0x0000000717200000, 0x0000000717200000, 0x0000000717300000|  0%| F|  |TAMS 0x0000000717200000, 0x0000000717200000| Untracked 
| 219|0x0000000717300000, 0x0000000717300000, 0x0000000717400000|  0%| F|  |TAMS 0x0000000717300000, 0x0000000717300000| Untracked 
| 220|0x0000000717400000, 0x0000000717400000, 0x0000000717500000|  0%| F|  |TAMS 0x0000000717400000, 0x0000000717400000| Untracked 
| 221|0x0000000717500000, 0x0000000717500000, 0x0000000717600000|  0%| F|  |TAMS 0x0000000717500000, 0x0000000717500000| Untracked 
| 222|0x0000000717600000, 0x0000000717600000, 0x0000000717700000|  0%| F|  |TAMS 0x0000000717600000, 0x0000000717600000| Untracked 
| 223|0x0000000717700000, 0x0000000717700000, 0x0000000717800000|  0%| F|  |TAMS 0x0000000717700000, 0x0000000717700000| Untracked 
| 224|0x0000000717800000, 0x0000000717800000, 0x0000000717900000|  0%| F|  |TAMS 0x0000000717800000, 0x0000000717800000| Untracked 
| 225|0x0000000717900000, 0x0000000717900000, 0x0000000717a00000|  0%| F|  |TAMS 0x0000000717900000, 0x0000000717900000| Untracked 
| 226|0x0000000717a00000, 0x0000000717a00000, 0x0000000717b00000|  0%| F|  |TAMS 0x0000000717a00000, 0x0000000717a00000| Untracked 
| 227|0x0000000717b00000, 0x0000000717b00000, 0x0000000717c00000|  0%| F|  |TAMS 0x0000000717b00000, 0x0000000717b00000| Untracked 
| 228|0x0000000717c00000, 0x0000000717c00000, 0x0000000717d00000|  0%| F|  |TAMS 0x0000000717c00000, 0x0000000717c00000| Untracked 
| 229|0x0000000717d00000, 0x0000000717d00000, 0x0000000717e00000|  0%| F|  |TAMS 0x0000000717d00000, 0x0000000717d00000| Untracked 
| 230|0x0000000717e00000, 0x0000000717e00000, 0x0000000717f00000|  0%| F|  |TAMS 0x0000000717e00000, 0x0000000717e00000| Untracked 
| 231|0x0000000717f00000, 0x0000000717f00000, 0x0000000718000000|  0%| F|  |TAMS 0x0000000717f00000, 0x0000000717f00000| Untracked 
| 232|0x0000000718000000, 0x0000000718000000, 0x0000000718100000|  0%| F|  |TAMS 0x0000000718000000, 0x0000000718000000| Untracked 
| 233|0x0000000718100000, 0x0000000718100000, 0x0000000718200000|  0%| F|  |TAMS 0x0000000718100000, 0x0000000718100000| Untracked 
| 234|0x0000000718200000, 0x0000000718200000, 0x0000000718300000|  0%| F|  |TAMS 0x0000000718200000, 0x0000000718200000| Untracked 
| 235|0x0000000718300000, 0x0000000718300000, 0x0000000718400000|  0%| F|  |TAMS 0x0000000718300000, 0x0000000718300000| Untracked 
| 236|0x0000000718400000, 0x0000000718400000, 0x0000000718500000|  0%| F|  |TAMS 0x0000000718400000, 0x0000000718400000| Untracked 
| 237|0x0000000718500000, 0x0000000718500000, 0x0000000718600000|  0%| F|  |TAMS 0x0000000718500000, 0x0000000718500000| Untracked 
| 238|0x0000000718600000, 0x0000000718600000, 0x0000000718700000|  0%| F|  |TAMS 0x0000000718600000, 0x0000000718600000| Untracked 
| 239|0x0000000718700000, 0x0000000718700000, 0x0000000718800000|  0%| F|  |TAMS 0x0000000718700000, 0x0000000718700000| Untracked 
| 240|0x0000000718800000, 0x0000000718800000, 0x0000000718900000|  0%| F|  |TAMS 0x0000000718800000, 0x0000000718800000| Untracked 
| 241|0x0000000718900000, 0x0000000718900000, 0x0000000718a00000|  0%| F|  |TAMS 0x0000000718900000, 0x0000000718900000| Untracked 
| 242|0x0000000718a00000, 0x0000000718a00000, 0x0000000718b00000|  0%| F|  |TAMS 0x0000000718a00000, 0x0000000718a00000| Untracked 
| 243|0x0000000718b00000, 0x0000000718b00000, 0x0000000718c00000|  0%| F|  |TAMS 0x0000000718b00000, 0x0000000718b00000| Untracked 
| 244|0x0000000718c00000, 0x0000000718c00000, 0x0000000718d00000|  0%| F|  |TAMS 0x0000000718c00000, 0x0000000718c00000| Untracked 
| 245|0x0000000718d00000, 0x0000000718d00000, 0x0000000718e00000|  0%| F|  |TAMS 0x0000000718d00000, 0x0000000718d00000| Untracked 
| 246|0x0000000718e00000, 0x0000000718e00000, 0x0000000718f00000|  0%| F|  |TAMS 0x0000000718e00000, 0x0000000718e00000| Untracked 
| 247|0x0000000718f00000, 0x0000000718f00000, 0x0000000719000000|  0%| F|  |TAMS 0x0000000718f00000, 0x0000000718f00000| Untracked 
| 248|0x0000000719000000, 0x0000000719000000, 0x0000000719100000|  0%| F|  |TAMS 0x0000000719000000, 0x0000000719000000| Untracked 
| 249|0x0000000719100000, 0x0000000719100000, 0x0000000719200000|  0%| F|  |TAMS 0x0000000719100000, 0x0000000719100000| Untracked 
| 250|0x0000000719200000, 0x0000000719200000, 0x0000000719300000|  0%| F|  |TAMS 0x0000000719200000, 0x0000000719200000| Untracked 
| 251|0x0000000719300000, 0x0000000719300000, 0x0000000719400000|  0%| F|  |TAMS 0x0000000719300000, 0x0000000719300000| Untracked 
| 252|0x0000000719400000, 0x0000000719400000, 0x0000000719500000|  0%| F|  |TAMS 0x0000000719400000, 0x0000000719400000| Untracked 
| 253|0x0000000719500000, 0x0000000719500000, 0x0000000719600000|  0%| F|  |TAMS 0x0000000719500000, 0x0000000719500000| Untracked 
| 254|0x0000000719600000, 0x0000000719600000, 0x0000000719700000|  0%| F|  |TAMS 0x0000000719600000, 0x0000000719600000| Untracked 
| 255|0x0000000719700000, 0x0000000719700000, 0x0000000719800000|  0%| F|  |TAMS 0x0000000719700000, 0x0000000719700000| Untracked 
| 256|0x0000000719800000, 0x0000000719800000, 0x0000000719900000|  0%| F|  |TAMS 0x0000000719800000, 0x0000000719800000| Untracked 
| 257|0x0000000719900000, 0x0000000719900000, 0x0000000719a00000|  0%| F|  |TAMS 0x0000000719900000, 0x0000000719900000| Untracked 
| 258|0x0000000719a00000, 0x0000000719a00000, 0x0000000719b00000|  0%| F|  |TAMS 0x0000000719a00000, 0x0000000719a00000| Untracked 
| 259|0x0000000719b00000, 0x0000000719b00000, 0x0000000719c00000|  0%| F|  |TAMS 0x0000000719b00000, 0x0000000719b00000| Untracked 
| 260|0x0000000719c00000, 0x0000000719c00000, 0x0000000719d00000|  0%| F|  |TAMS 0x0000000719c00000, 0x0000000719c00000| Untracked 
| 261|0x0000000719d00000, 0x0000000719d00000, 0x0000000719e00000|  0%| F|  |TAMS 0x0000000719d00000, 0x0000000719d00000| Untracked 
| 262|0x0000000719e00000, 0x0000000719e00000, 0x0000000719f00000|  0%| F|  |TAMS 0x0000000719e00000, 0x0000000719e00000| Untracked 
| 263|0x0000000719f00000, 0x0000000719f00000, 0x000000071a000000|  0%| F|  |TAMS 0x0000000719f00000, 0x0000000719f00000| Untracked 
| 264|0x000000071a000000, 0x000000071a000000, 0x000000071a100000|  0%| F|  |TAMS 0x000000071a000000, 0x000000071a000000| Untracked 
| 265|0x000000071a100000, 0x000000071a100000, 0x000000071a200000|  0%| F|  |TAMS 0x000000071a100000, 0x000000071a100000| Untracked 
| 266|0x000000071a200000, 0x000000071a200000, 0x000000071a300000|  0%| F|  |TAMS 0x000000071a200000, 0x000000071a200000| Untracked 
| 267|0x000000071a300000, 0x000000071a300000, 0x000000071a400000|  0%| F|  |TAMS 0x000000071a300000, 0x000000071a300000| Untracked 
| 268|0x000000071a400000, 0x000000071a400000, 0x000000071a500000|  0%| F|  |TAMS 0x000000071a400000, 0x000000071a400000| Untracked 
| 269|0x000000071a500000, 0x000000071a500000, 0x000000071a600000|  0%| F|  |TAMS 0x000000071a500000, 0x000000071a500000| Untracked 
| 270|0x000000071a600000, 0x000000071a600000, 0x000000071a700000|  0%| F|  |TAMS 0x000000071a600000, 0x000000071a600000| Untracked 
| 271|0x000000071a700000, 0x000000071a700000, 0x000000071a800000|  0%| F|  |TAMS 0x000000071a700000, 0x000000071a700000| Untracked 
| 272|0x000000071a800000, 0x000000071a800000, 0x000000071a900000|  0%| F|  |TAMS 0x000000071a800000, 0x000000071a800000| Untracked 
| 273|0x000000071a900000, 0x000000071a900000, 0x000000071aa00000|  0%| F|  |TAMS 0x000000071a900000, 0x000000071a900000| Untracked 
| 274|0x000000071aa00000, 0x000000071aa00000, 0x000000071ab00000|  0%| F|  |TAMS 0x000000071aa00000, 0x000000071aa00000| Untracked 
| 275|0x000000071ab00000, 0x000000071ab00000, 0x000000071ac00000|  0%| F|  |TAMS 0x000000071ab00000, 0x000000071ab00000| Untracked 
| 276|0x000000071ac00000, 0x000000071ac00000, 0x000000071ad00000|  0%| F|  |TAMS 0x000000071ac00000, 0x000000071ac00000| Untracked 
| 277|0x000000071ad00000, 0x000000071ad00000, 0x000000071ae00000|  0%| F|  |TAMS 0x000000071ad00000, 0x000000071ad00000| Untracked 
| 278|0x000000071ae00000, 0x000000071ae00000, 0x000000071af00000|  0%| F|  |TAMS 0x000000071ae00000, 0x000000071ae00000| Untracked 
| 279|0x000000071af00000, 0x000000071af00000, 0x000000071b000000|  0%| F|  |TAMS 0x000000071af00000, 0x000000071af00000| Untracked 
| 280|0x000000071b000000, 0x000000071b000000, 0x000000071b100000|  0%| F|  |TAMS 0x000000071b000000, 0x000000071b000000| Untracked 
| 281|0x000000071b100000, 0x000000071b100000, 0x000000071b200000|  0%| F|  |TAMS 0x000000071b100000, 0x000000071b100000| Untracked 
| 282|0x000000071b200000, 0x000000071b200000, 0x000000071b300000|  0%| F|  |TAMS 0x000000071b200000, 0x000000071b200000| Untracked 
| 283|0x000000071b300000, 0x000000071b300000, 0x000000071b400000|  0%| F|  |TAMS 0x000000071b300000, 0x000000071b300000| Untracked 
| 284|0x000000071b400000, 0x000000071b400000, 0x000000071b500000|  0%| F|  |TAMS 0x000000071b400000, 0x000000071b400000| Untracked 
| 285|0x000000071b500000, 0x000000071b500000, 0x000000071b600000|  0%| F|  |TAMS 0x000000071b500000, 0x000000071b500000| Untracked 
| 286|0x000000071b600000, 0x000000071b600000, 0x000000071b700000|  0%| F|  |TAMS 0x000000071b600000, 0x000000071b600000| Untracked 
| 287|0x000000071b700000, 0x000000071b700000, 0x000000071b800000|  0%| F|  |TAMS 0x000000071b700000, 0x000000071b700000| Untracked 
| 288|0x000000071b800000, 0x000000071b900000, 0x000000071b900000|100%| E|  |TAMS 0x000000071b800000, 0x000000071b800000| Complete 
| 289|0x000000071b900000, 0x000000071ba00000, 0x000000071ba00000|100%| E|CS|TAMS 0x000000071b900000, 0x000000071b900000| Complete 
| 290|0x000000071ba00000, 0x000000071bb00000, 0x000000071bb00000|100%| E|CS|TAMS 0x000000071ba00000, 0x000000071ba00000| Complete 
| 291|0x000000071bb00000, 0x000000071bc00000, 0x000000071bc00000|100%| E|  |TAMS 0x000000071bb00000, 0x000000071bb00000| Complete 
| 292|0x000000071bc00000, 0x000000071bd00000, 0x000000071bd00000|100%| E|CS|TAMS 0x000000071bc00000, 0x000000071bc00000| Complete 
| 293|0x000000071bd00000, 0x000000071be00000, 0x000000071be00000|100%| E|CS|TAMS 0x000000071bd00000, 0x000000071bd00000| Complete 
| 294|0x000000071be00000, 0x000000071bf00000, 0x000000071bf00000|100%| E|CS|TAMS 0x000000071be00000, 0x000000071be00000| Complete 
| 295|0x000000071bf00000, 0x000000071c000000, 0x000000071c000000|100%| E|CS|TAMS 0x000000071bf00000, 0x000000071bf00000| Complete 
| 296|0x000000071c000000, 0x000000071c100000, 0x000000071c100000|100%| E|CS|TAMS 0x000000071c000000, 0x000000071c000000| Complete 
| 297|0x000000071c100000, 0x000000071c200000, 0x000000071c200000|100%| E|CS|TAMS 0x000000071c100000, 0x000000071c100000| Complete 

Card table byte_map: [0x0000014521c10000,0x00000145223d0000] _byte_map_base: 0x000001451e3c4000

Marking Bits (Prev, Next): (CMBitMap*) 0x000001450a8826a0, (CMBitMap*) 0x000001450a882668
 Prev Bits: [0x0000014526930000, 0x000001452a6d0000)
 Next Bits: [0x0000014522b90000, 0x0000014526930000)

Polling page: 0x00000145087d0000

Metaspace:

Usage:
  Non-class:     39.07 MB capacity,    38.57 MB ( 99%) used,   419.13 KB (  1%) free+waste,   102.00 KB ( <1%) overhead. 
      Class:      4.91 MB capacity,     4.51 MB ( 92%) used,   359.05 KB (  7%) free+waste,    47.88 KB ( <1%) overhead. 
       Both:     43.98 MB capacity,    43.07 MB ( 98%) used,   778.18 KB (  2%) free+waste,   149.88 KB ( <1%) overhead. 

Virtual space:
  Non-class space:       40.00 MB reserved,      39.25 MB ( 98%) committed 
      Class space:        1.00 GB reserved,       5.00 MB ( <1%) committed 
             Both:        1.04 GB reserved,      44.25 MB (  4%) committed 

Chunk freelists:
   Non-Class:  6.50 KB
       Class:  128 bytes
        Both:  6.62 KB

CodeHeap 'non-profiled nmethods': size=120000Kb used=2995Kb max_used=2995Kb free=117004Kb
 bounds [0x00000145199c0000, 0x0000014519cb0000, 0x0000014520ef0000]
CodeHeap 'profiled nmethods': size=120000Kb used=12417Kb max_used=12417Kb free=107582Kb
 bounds [0x0000014512490000, 0x00000145130c0000, 0x00000145199c0000]
CodeHeap 'non-nmethods': size=5760Kb used=1320Kb max_used=1369Kb free=4439Kb
 bounds [0x0000014511ef0000, 0x0000014512160000, 0x0000014512490000]
 total_blobs=6085 nmethods=5353 adapters=643
 compilation: enabled
              stopped_count=0, restarted_count=0
 full_count=0

Compilation events (10 events):
Event: 3771.060 Thread 0x000001452dd82800 nmethod 5373 0x00000145130aca10 code [0x00000145130acda0, 0x00000145130ae7c8]
Event: 3771.113 Thread 0x000001452dd82800 5374       3       java.lang.ref.ReferenceQueue::reallyPoll (65 bytes)
Event: 3771.114 Thread 0x000001452dd82800 nmethod 5374 0x00000145130af390 code [0x00000145130af560, 0x00000145130afa98]
Event: 4263.736 Thread 0x000001452dd82800 5375       3       java.util.WeakHashMap$HashIterator::hasNext (95 bytes)
Event: 4263.736 Thread 0x000001452dd82800 nmethod 5375 0x00000145130afb90 code [0x00000145130afd60, 0x00000145130b0318]
Event: 4263.736 Thread 0x000001452dd81800 5376       4       java.util.WeakHashMap$KeyIterator::next (8 bytes)
Event: 4263.740 Thread 0x000001452dd81800 nmethod 5376 0x0000014519cabe90 code [0x0000014519cac020, 0x0000014519cac438]
Event: 4263.740 Thread 0x000001452dd81800 5378       4       java.util.WeakHashMap$HashIterator::hasNext (95 bytes)
Event: 4263.746 Thread 0x000001452dd81800 nmethod 5378 0x0000014519cac590 code [0x0000014519cac720, 0x0000014519cacb58]
Event: 4263.746 Thread 0x000001452dd81800 5379       4       sun.awt.image.VolatileSurfaceManager::displayChanged (102 bytes)

GC Heap History (10 events):
Event: 1.097 GC heap before
{Heap before GC invocations=3 (full 0):
 garbage-first heap   total 253952K, used 23200K [0x0000000709800000, 0x0000000800000000)
  region size 1024K, 14 young (14336K), 5 survivors (5120K)
 Metaspace       used 20920K, capacity 21158K, committed 21248K, reserved 1069056K
  class space    used 2116K, capacity 2216K, committed 2304K, reserved 1048576K
}
Event: 1.099 GC heap after
{Heap after GC invocations=4 (full 0):
 garbage-first heap   total 253952K, used 15380K [0x0000000709800000, 0x0000000800000000)
  region size 1024K, 4 young (4096K), 4 survivors (4096K)
 Metaspace       used 20920K, capacity 21158K, committed 21248K, reserved 1069056K
  class space    used 2116K, capacity 2216K, committed 2304K, reserved 1048576K
}
Event: 1.394 GC heap before
{Heap before GC invocations=5 (full 0):
 garbage-first heap   total 253952K, used 66580K [0x0000000709800000, 0x0000000800000000)
  region size 1024K, 55 young (56320K), 4 survivors (4096K)
 Metaspace       used 26160K, capacity 26686K, committed 26880K, reserved 1073152K
  class space    used 2571K, capacity 2770K, committed 2816K, reserved 1048576K
}
Event: 1.398 GC heap after
{Heap after GC invocations=6 (full 0):
 garbage-first heap   total 253952K, used 25344K [0x0000000709800000, 0x0000000800000000)
  region size 1024K, 7 young (7168K), 7 survivors (7168K)
 Metaspace       used 26160K, capacity 26686K, committed 26880K, reserved 1073152K
  class space    used 2571K, capacity 2770K, committed 2816K, reserved 1048576K
}
Event: 1.869 GC heap before
{Heap before GC invocations=6 (full 0):
 garbage-first heap   total 253952K, used 63232K [0x0000000709800000, 0x0000000800000000)
  region size 1024K, 45 young (46080K), 7 survivors (7168K)
 Metaspace       used 35065K, capacity 35755K, committed 35840K, reserved 1081344K
  class space    used 3627K, capacity 3924K, committed 3968K, reserved 1048576K
}
Event: 1.872 GC heap after
{Heap after GC invocations=7 (full 0):
 garbage-first heap   total 253952K, used 26942K [0x0000000709800000, 0x0000000800000000)
  region size 1024K, 9 young (9216K), 9 survivors (9216K)
 Metaspace       used 35065K, capacity 35755K, committed 35840K, reserved 1081344K
  class space    used 3627K, capacity 3924K, committed 3968K, reserved 1048576K
}
Event: 3770.876 GC heap before
{Heap before GC invocations=8 (full 0):
 garbage-first heap   total 253952K, used 119102K [0x0000000709800000, 0x0000000800000000)
  region size 1024K, 98 young (100352K), 9 survivors (9216K)
 Metaspace       used 44105K, capacity 45035K, committed 45312K, reserved 1089536K
  class space    used 4616K, capacity 5023K, committed 5120K, reserved 1048576K
}
Event: 3770.914 GC heap after
{Heap after GC invocations=9 (full 0):
 garbage-first heap   total 305152K, used 80516K [0x0000000709800000, 0x0000000800000000)
  region size 1024K, 13 young (13312K), 13 survivors (13312K)
 Metaspace       used 44105K, capacity 45035K, committed 45312K, reserved 1089536K
  class space    used 4616K, capacity 5023K, committed 5120K, reserved 1048576K
}
Event: 3771.008 GC heap before
{Heap before GC invocations=10 (full 0):
 garbage-first heap   total 305152K, used 178820K [0x0000000709800000, 0x0000000800000000)
  region size 1024K, 103 young (105472K), 13 survivors (13312K)
 Metaspace       used 44106K, capacity 45035K, committed 45312K, reserved 1089536K
  class space    used 4616K, capacity 5023K, committed 5120K, reserved 1048576K
}
Event: 3771.042 GC heap after
{Heap after GC invocations=11 (full 0):
 garbage-first heap   total 305152K, used 178810K [0x0000000709800000, 0x0000000800000000)
  region size 1024K, 13 young (13312K), 13 survivors (13312K)
 Metaspace       used 44106K, capacity 45035K, committed 45312K, reserved 1089536K
  class space    used 4616K, capacity 5023K, committed 5120K, reserved 1048576K
}

Deoptimization events (10 events):
Event: 2.554 Thread 0x0000014532220000 Uncommon trap: reason=bimorphic_or_optimized_type_check action=maybe_recompile pc=0x0000014519a2d82c method=java.util.HashMap.putVal(ILjava/lang/Object;Ljava/lang/Object;ZZ)Ljava/lang/Object; @ 91 c2
Event: 2.633 Thread 0x000001453221d800 Uncommon trap: reason=unstable_if action=reinterpret pc=0x0000014519bca56c method=java.lang.ThreadLocal.get()Ljava/lang/Object; @ 11 c2
Event: 9.895 Thread 0x000001453221d800 Uncommon trap: reason=unstable_if action=reinterpret pc=0x0000014519c2f4dc method=java.awt.Component.inside(II)Z @ 9 c2
Event: 16.693 Thread 0x000001453221d800 Uncommon trap: reason=unstable_if action=reinterpret pc=0x0000014519c6901c method=java.awt.geom.AffineTransform.transform([DI[DII)V @ 41 c2
Event: 33.897 Thread 0x000001453221d800 Uncommon trap: reason=unstable_if action=reinterpret pc=0x0000014519c90990 method=java.awt.EventQueue.getPriority(Ljava/awt/AWTEvent;)I @ 22 c2
Event: 33.904 Thread 0x000001453221a800 Uncommon trap: reason=unstable_if action=reinterpret pc=0x0000014519c64d3c method=java.security.AccessControlContext.optimize()Ljava/security/AccessControlContext; @ 49 c2
Event: 341.171 Thread 0x000001453221f800 Uncommon trap: reason=class_check action=make_not_entrant pc=0x0000014519ca08d0 method=java.util.ArrayList.toArray([Ljava/lang/Object;)[Ljava/lang/Object; @ 21 c2
Event: 3771.046 Thread 0x000001453221d800 Uncommon trap: reason=unstable_if action=reinterpret pc=0x0000014519c43560 method=sun.java2d.d3d.D3DGraphicsDevice.getDefaultConfiguration()Ljava/awt/GraphicsConfiguration; @ 4 c2
Event: 3771.144 Thread 0x000001453221f800 Uncommon trap: reason=intrinsic_or_type_checked_inlining action=make_not_entrant pc=0x0000014519ca10a0 method=java.util.ArrayList.toArray([Ljava/lang/Object;)[Ljava/lang/Object; @ 36 c2
Event: 4263.572 Thread 0x000001453221d800 Uncommon trap: reason=unstable_if action=reinterpret pc=0x0000014519ca1e88 method=java.util.WeakHashMap$HashIterator.hasNext()Z @ 30 c2

Classes redefined (0 events):
No events

Internal exceptions (10 events):
Event: 2.016 Thread 0x000001450a820800 Exception <a 'java/lang/NoSuchMethodError'{0x0000000718aa7028}: java.lang.invoke.DirectMethodHandle$Holder.invokeStatic(Ljava/lang/Object;Ljava/lang/Object;Ljava/lang/Object;Ljava/lang/Object;Ljava/lang/Object;Ljava/lang/Object;Ljava/lang/Object;Ljava/lan
Event: 2.016 Thread 0x000001450a820800 Exception <a 'java/lang/NoSuchMethodError'{0x0000000718ac3be0}: java.lang.invoke.DirectMethodHandle$Holder.invokeStatic(Ljava/lang/Object;Ljava/lang/Object;Ljava/lang/Object;Ljava/lang/Object;Ljava/lang/Object;Ljava/lang/Object;Ljava/lang/Object;Ljava/lan
Event: 2.091 Thread 0x000001450a820800 Implicit null exception at 0x0000014519a4f455 to 0x0000014519a4f630
Event: 2.494 Thread 0x000001450a820800 Implicit null exception at 0x0000014519bd1e6b to 0x0000014519bd6890
Event: 2.529 Thread 0x000001450a820800 Implicit null exception at 0x0000014519a59b2c to 0x0000014519a59b5e
Event: 2.561 Thread 0x0000014532220000 Exception <a 'java/lang/NoSuchMethodError'{0x0000000718e12348}: java.lang.invoke.DirectMethodHandle$Holder.invokeVirtual(Ljava/lang/Object;Ljava/lang/Object;)V> (0x0000000718e12348) thrown at [./open/src/hotspot/share/interpreter/linkResolver.cpp, line 77
Event: 2.570 Thread 0x000001450a820800 Exception <a 'java/lang/NoSuchMethodError'{0x0000000717eb9f40}: java.lang.invoke.DirectMethodHandle$Holder.invokeStaticInit(Ljava/lang/Object;)V> (0x0000000717eb9f40) thrown at [./open/src/hotspot/share/interpreter/linkResolver.cpp, line 772]
Event: 2.573 Thread 0x000001450a820800 Exception <a 'java/lang/NoSuchMethodError'{0x0000000717d08ad8}: java.lang.invoke.Invokers$Holder.linkToTargetMethod(Ljava/lang/Object;ILjava/lang/Object;)Ljava/lang/Object;> (0x0000000717d08ad8) thrown at [./open/src/hotspot/share/interpreter/linkResolver
Event: 2.633 Thread 0x000001453221d800 Implicit null exception at 0x0000014519bca46b to 0x0000014519bca558
Event: 33.904 Thread 0x000001453221a800 Implicit null exception at 0x0000014519c6402b to 0x0000014519c64d24

Events (10 events):
Event: 3771.118 Executing VM operation: RevokeBias
Event: 3771.118 Executing VM operation: RevokeBias done
Event: 3771.136 Executing VM operation: RevokeBias
Event: 3771.136 Executing VM operation: RevokeBias done
Event: 3771.144 Thread 0x000001453221f800 Uncommon trap: trap_request=0xffffffcc fr.pc=0x0000014519ca10a0 relative=0x0000000000000300
Event: 3771.144 Thread 0x000001453221f800 DEOPT PACKING pc=0x0000014519ca10a0 sp=0x00000030c11fef10
Event: 3771.144 Thread 0x000001453221f800 DEOPT UNPACKING pc=0x0000014511f168af sp=0x00000030c11feee0 mode 2
Event: 4263.572 Thread 0x000001453221d800 Uncommon trap: trap_request=0xffffff4d fr.pc=0x0000014519ca1e88 relative=0x0000000000000268
Event: 4263.572 Thread 0x000001453221d800 DEOPT PACKING pc=0x0000014519ca1e88 sp=0x00000030c10fd4e0
Event: 4263.572 Thread 0x000001453221d800 DEOPT UNPACKING pc=0x0000014511f168af sp=0x00000030c10fd480 mode 2


Dynamic libraries:
0x00007ff784240000 - 0x00007ff784250000 	C:\Program Files\Java\jdk-11\bin\javaw.exe
0x00007ffcff0f0000 - 0x00007ffcff307000 	C:\WINDOWS\SYSTEM32\ntdll.dll
0x00007ffcfe7f0000 - 0x00007ffcfe8b4000 	C:\WINDOWS\System32\KERNEL32.DLL
0x00007ffcfc750000 - 0x00007ffcfcb0a000 	C:\WINDOWS\System32\KERNELBASE.dll
0x00007ffcfc5b0000 - 0x00007ffcfc6c1000 	C:\WINDOWS\System32\ucrtbase.dll
0x00007ffce79e0000 - 0x00007ffce79f9000 	C:\Program Files\Java\jdk-11\bin\jli.dll
0x00007ffcea480000 - 0x00007ffcea49b000 	C:\Program Files\Java\jdk-11\bin\VCRUNTIME140.dll
0x00007ffcfd3c0000 - 0x00007ffcfd472000 	C:\WINDOWS\System32\ADVAPI32.dll
0x00007ffcfd570000 - 0x00007ffcfd617000 	C:\WINDOWS\System32\msvcrt.dll
0x00007ffcfeee0000 - 0x00007ffcfef87000 	C:\WINDOWS\System32\sechost.dll
0x00007ffcfcdc0000 - 0x00007ffcfcde8000 	C:\WINDOWS\System32\bcrypt.dll
0x00007ffcfef90000 - 0x00007ffcff0a4000 	C:\WINDOWS\System32\RPCRT4.dll
0x00007ffcfeb20000 - 0x00007ffcfecce000 	C:\WINDOWS\System32\USER32.dll
0x00007ffcfc3c0000 - 0x00007ffcfc3e6000 	C:\WINDOWS\System32\win32u.dll
0x00007ffce5810000 - 0x00007ffce5aa2000 	C:\WINDOWS\WinSxS\amd64_microsoft.windows.common-controls_6595b64144ccf1df_6.0.22621.4541_none_2710d1c57384c085\COMCTL32.dll
0x00007ffcfdc50000 - 0x00007ffcfdc79000 	C:\WINDOWS\System32\GDI32.dll
0x00007ffcfc3f0000 - 0x00007ffcfc50b000 	C:\WINDOWS\System32\gdi32full.dll
0x00007ffcfc510000 - 0x00007ffcfc5aa000 	C:\WINDOWS\System32\msvcp_win.dll
0x00007ffcf7ad0000 - 0x00007ffcf7ada000 	C:\WINDOWS\SYSTEM32\VERSION.dll
0x00007ffcfecd0000 - 0x00007ffcfed01000 	C:\WINDOWS\System32\IMM32.DLL
0x00007ffcf9f20000 - 0x00007ffcf9f2c000 	C:\Program Files\Java\jdk-11\bin\vcruntime140_1.dll
0x00007ffce7440000 - 0x00007ffce74ce000 	C:\Program Files\Java\jdk-11\bin\msvcp140.dll
0x00007ffc048d0000 - 0x00007ffc0543d000 	C:\Program Files\Java\jdk-11\bin\server\jvm.dll
0x00007ffcfeed0000 - 0x00007ffcfeed8000 	C:\WINDOWS\System32\PSAPI.DLL
0x00007ffcf6a30000 - 0x00007ffcf6a64000 	C:\WINDOWS\SYSTEM32\WINMM.dll
0x00007ffcf63c0000 - 0x00007ffcf63c9000 	C:\WINDOWS\SYSTEM32\WSOCK32.dll
0x00007ffcfde80000 - 0x00007ffcfdef1000 	C:\WINDOWS\System32\WS2_32.dll
0x00007ffcfb4b0000 - 0x00007ffcfb4c8000 	C:\WINDOWS\SYSTEM32\kernel.appcore.dll
0x00007ffcf9a70000 - 0x00007ffcf9a80000 	C:\Program Files\Java\jdk-11\bin\verify.dll
0x00007ffcf9b40000 - 0x00007ffcf9d72000 	C:\WINDOWS\SYSTEM32\DBGHELP.DLL
0x00007ffcfcfb0000 - 0x00007ffcfd33f000 	C:\WINDOWS\System32\combase.dll
0x00007ffcfd480000 - 0x00007ffcfd557000 	C:\WINDOWS\System32\OLEAUT32.dll
0x00007ffcf1d30000 - 0x00007ffcf1d62000 	C:\WINDOWS\SYSTEM32\dbgcore.DLL
0x00007ffcfcd40000 - 0x00007ffcfcdbb000 	C:\WINDOWS\System32\bcryptPrimitives.dll
0x00007ffce71c0000 - 0x00007ffce71e8000 	C:\Program Files\Java\jdk-11\bin\java.dll
0x00007ffcf4bd0000 - 0x00007ffcf4bda000 	C:\Program Files\Java\jdk-11\bin\jimage.dll
0x00007ffce75f0000 - 0x00007ffce7607000 	C:\Program Files\Java\jdk-11\bin\zip.dll
0x00007ffcfdf70000 - 0x00007ffcfe7e8000 	C:\WINDOWS\System32\SHELL32.dll
0x00007ffcfa2c0000 - 0x00007ffcfabc8000 	C:\WINDOWS\SYSTEM32\windows.storage.dll
0x00007ffcfa180000 - 0x00007ffcfa2bf000 	C:\WINDOWS\SYSTEM32\wintypes.dll
0x00007ffcfd640000 - 0x00007ffcfd73a000 	C:\WINDOWS\System32\SHCORE.dll
0x00007ffcfe910000 - 0x00007ffcfe96e000 	C:\WINDOWS\System32\shlwapi.dll
0x00007ffcfc2f0000 - 0x00007ffcfc31b000 	C:\WINDOWS\SYSTEM32\profapi.dll
0x00007ffce7420000 - 0x00007ffce7439000 	C:\Program Files\Java\jdk-11\bin\net.dll
0x00007ffcf7fd0000 - 0x00007ffcf8106000 	C:\WINDOWS\SYSTEM32\WINHTTP.dll
0x00007ffcfb930000 - 0x00007ffcfb999000 	C:\WINDOWS\system32\mswsock.dll
0x00007ffce72d0000 - 0x00007ffce72e2000 	C:\Program Files\Java\jdk-11\bin\nio.dll
0x00007ffcfbb60000 - 0x00007ffcfbb7b000 	C:\WINDOWS\SYSTEM32\CRYPTSP.dll
0x00007ffcfb410000 - 0x00007ffcfb445000 	C:\WINDOWS\system32\rsaenh.dll
0x00007ffcfb9d0000 - 0x00007ffcfb9f8000 	C:\WINDOWS\SYSTEM32\USERENV.dll
0x00007ffcfbb50000 - 0x00007ffcfbb5c000 	C:\WINDOWS\SYSTEM32\CRYPTBASE.dll
0x00007ffcfaea0000 - 0x00007ffcfaecd000 	C:\WINDOWS\SYSTEM32\IPHLPAPI.DLL
0x00007ffcfde70000 - 0x00007ffcfde79000 	C:\WINDOWS\System32\NSI.dll
0x00007ffcf7ae0000 - 0x00007ffcf7af9000 	C:\WINDOWS\SYSTEM32\dhcpcsvc6.DLL
0x00007ffcf76f0000 - 0x00007ffcf770f000 	C:\WINDOWS\SYSTEM32\dhcpcsvc.DLL
0x00007ffcfaed0000 - 0x00007ffcfafd2000 	C:\WINDOWS\SYSTEM32\DNSAPI.dll
0x00007ffcf4b60000 - 0x00007ffcf4b69000 	C:\Program Files\Java\jdk-11\bin\management.dll
0x00007ffcd79c0000 - 0x00007ffcd7b43000 	C:\Program Files\Java\jdk-11\bin\awt.dll
0x00007ffcf5960000 - 0x00007ffcf59f7000 	C:\WINDOWS\SYSTEM32\apphelp.dll
0x00007ffcf9240000 - 0x00007ffcf92f1000 	C:\WINDOWS\system32\uxtheme.dll
0x00007ffcfdd00000 - 0x00007ffcfde61000 	C:\WINDOWS\System32\MSCTF.dll
0x00007ffcfe970000 - 0x00007ffcfeb15000 	C:\WINDOWS\System32\ole32.dll
0x00007ffcf9500000 - 0x00007ffcf952b000 	C:\WINDOWS\system32\DWMAPI.DLL
0x00007ffcccb40000 - 0x00007ffcccb6e000 	C:\Program Files\Java\jdk-11\bin\javajpeg.dll
0x00007ffcd6920000 - 0x00007ffcd69a7000 	C:\Program Files\Java\jdk-11\bin\freetype.dll
0x00007ffcd5c60000 - 0x00007ffcd5d33000 	C:\Program Files\Java\jdk-11\bin\fontmanager.dll
0x00007ffc572e0000 - 0x00007ffc573e0000 	C:\WINDOWS\system32\opengl32.dll
0x00007ffc56d10000 - 0x00007ffc56d3d000 	C:\WINDOWS\SYSTEM32\GLU32.dll
0x00007ffcf9570000 - 0x00007ffcf95a7000 	C:\WINDOWS\SYSTEM32\dxcore.dll
0x00007ffcd2160000 - 0x00007ffcd2308000 	C:\WINDOWS\system32\d3d9.dll
0x00007ffced170000 - 0x00007ffced328000 	C:\WINDOWS\System32\DriverStore\FileRepository\u0379771.inf_amd64_466f8ae730e6c425\B379389\aticfx64.dll
0x00007ffcc4a90000 - 0x00007ffcc4ac4000 	C:\WINDOWS\System32\DriverStore\FileRepository\u0379771.inf_amd64_466f8ae730e6c425\B379389\atiu9p64.dll
0x00007ffcac580000 - 0x00007ffcad2d4000 	C:\WINDOWS\System32\DriverStore\FileRepository\u0379771.inf_amd64_466f8ae730e6c425\B379389\atiumd64.dll
0x0000000064290000 - 0x0000000065103000 	C:\WINDOWS\System32\DriverStore\FileRepository\u0379771.inf_amd64_466f8ae730e6c425\B379389\atiumd6a.dll
0x00007ffcfd740000 - 0x00007ffcfdbb4000 	C:\WINDOWS\System32\SETUPAPI.dll
0x00007ffcfb210000 - 0x00007ffcfb25d000 	C:\WINDOWS\SYSTEM32\POWRPROF.dll
0x00007ffcfb1f0000 - 0x00007ffcfb203000 	C:\WINDOWS\SYSTEM32\UMPDC.dll
0x00007ffceb1c0000 - 0x00007ffceb1f0000 	C:\WINDOWS\SYSTEM32\amdihk64.dll
0x00007ffcf2290000 - 0x00007ffcf22d9000 	C:\WINDOWS\SYSTEM32\directxdatabasehelper.dll
0x00007ffcd90b0000 - 0x00007ffcd91f5000 	C:\WINDOWS\SYSTEM32\textinputframework.dll
0x00007ffccf800000 - 0x00007ffccf869000 	C:\WINDOWS\system32\Oleacc.dll
0x00007ffcf4070000 - 0x00007ffcf41a3000 	C:\WINDOWS\SYSTEM32\CoreMessaging.dll
0x00007ffcee9f0000 - 0x00007ffceed5d000 	C:\WINDOWS\SYSTEM32\CoreUIComponents.dll
0x00007ffcd9980000 - 0x00007ffcd9a31000 	C:\WINDOWS\SYSTEM32\TextShaping.dll

dbghelp: loaded successfully - version: 4.0.5 - missing functions: none
symbol engine: initialized successfully - sym options: 0x614 - pdb path: .;C:\Program Files\Java\jdk-11\bin;C:\WINDOWS\SYSTEM32;C:\WINDOWS\WinSxS\amd64_microsoft.windows.common-controls_6595b64144ccf1df_6.0.22621.4541_none_2710d1c57384c085;C:\Program Files\Java\jdk-11\bin\server;C:\WINDOWS\System32\DriverStore\FileRepository\u0379771.inf_amd64_466f8ae730e6c425\B379389

VM Arguments:
jvm_args: -Dfile.encoding=UTF-8 
java_command: com.sample.DroolsTest
java_class_path (initial): C:\Users\hkere\eclipse-workspaces\drools\DROOLS-WhatRaceShouldIPlay\target\classes;C:\Users\hkere\eclipse-workspaces\drools-distribution-7.3.0.Final\binaries\activation-1.1.1.jar;C:\Users\hkere\eclipse-workspaces\drools-distribution-7.3.0.Final\binaries\aether-api-1.0.2.v20150114.jar;C:\Users\hkere\eclipse-workspaces\drools-distribution-7.3.0.Final\binaries\aether-connector-basic-1.0.2.v20150114.jar;C:\Users\hkere\eclipse-workspaces\drools-distribution-7.3.0.Final\binaries\aether-impl-1.0.2.v20150114.jar;C:\Users\hkere\eclipse-workspaces\drools-distribution-7.3.0.Final\binaries\aether-spi-1.0.2.v20150114.jar;C:\Users\hkere\eclipse-workspaces\drools-distribution-7.3.0.Final\binaries\aether-transport-file-1.0.2.v20150114.jar;C:\Users\hkere\eclipse-workspaces\drools-distribution-7.3.0.Final\binaries\aether-transport-http-1.0.2.v20150114.jar;C:\Users\hkere\eclipse-workspaces\drools-distribution-7.3.0.Final\binaries\aether-transport-wagon-1.0.2.v20150114.jar;C:\Users\hkere\eclipse-workspaces\drools-distribution-7.3.0.Final\binaries\aether-util-1.0.2.v20150114.jar;C:\Users\hkere\eclipse-workspaces\drools-distribution-7.3.0.Final\binaries\ant-1.8.4.jar;C:\Users\hkere\eclipse-workspaces\drools-distribution-7.3.0.Final\binaries\ant-launcher-1.8.4.jar;C:\Users\hkere\eclipse-workspaces\drools-distribution-7.3.0.Final\binaries\antlr-runtime-3.5.2.jar;C:\Users\hkere\eclipse-workspaces\drools-distribution-7.3.0.Final\binaries\aopalliance-1.0.jar;C:\Users\hkere\eclipse-workspaces\drools-distribution-7.3.0.Final\binaries\cdi-api-1.2.jar;C:\Users\hkere\eclipse-workspaces\drools-distribution-7.3.0.Final\binaries\commons-codec-1.10.jar;C:\Users\hkere\eclipse-workspaces\drools-distribution-7.3.0.Final\binaries\commons-collections4-4.1.jar;C:\Users\hkere\eclipse-workspaces\drools-distribution-7.3.0.Final\binaries\commons-lang-2.6.jar;C:\Users\hkere\eclipse-workspaces\drools-distribution-7.3.0.Final\binaries\commons-lang3-3.4.jar;C:\Users\hkere\eclipse-worksp
Launcher Type: SUN_STANDARD

[Global flags]
     intx CICompilerCount                          = 4                                         {product} {ergonomic}
     uint ConcGCThreads                            = 3                                         {product} {ergonomic}
     uint G1ConcRefinementThreads                  = 10                                        {product} {ergonomic}
   size_t G1HeapRegionSize                         = 1048576                                   {product} {ergonomic}
    uintx GCDrainStackTargetSize                   = 64                                        {product} {ergonomic}
   size_t InitialHeapSize                          = 260046848                                 {product} {ergonomic}
   size_t MarkStackSize                            = 4194304                                   {product} {ergonomic}
   size_t MaxHeapSize                              = 4135583744                                {product} {ergonomic}
   size_t MaxNewSize                               = 2480930816                                {product} {ergonomic}
   size_t MinHeapDeltaBytes                        = 1048576                                   {product} {ergonomic}
    uintx NonNMethodCodeHeapSize                   = 5836300                                {pd product} {ergonomic}
    uintx NonProfiledCodeHeapSize                  = 122910970                              {pd product} {ergonomic}
    uintx ProfiledCodeHeapSize                     = 122910970                              {pd product} {ergonomic}
    uintx ReservedCodeCacheSize                    = 251658240                              {pd product} {ergonomic}
     bool SegmentedCodeCache                       = true                                      {product} {ergonomic}
     bool UseCompressedClassPointers               = true                                 {lp64_product} {ergonomic}
     bool UseCompressedOops                        = true                                 {lp64_product} {ergonomic}
     bool UseG1GC                                  = true                                      {product} {ergonomic}
     bool UseLargePagesIndividualAllocation        = false                                  {pd product} {ergonomic}

Logging:
Log output configuration:
 #0: stdout all=warning uptime,level,tags
 #1: stderr all=off uptime,level,tags

Environment Variables:
JAVA_HOME=C:\Program Files\Java\jdk-21
JRE_HOME=C:\Program Files\Java\jre-1.8
PATH=C:/Program Files/eclipse//plugins/org.eclipse.justj.openjdk.hotspot.jre.full.win32.x86_64_16.0.2.v20210721-1149/jre/bin/server;C:/Program Files/eclipse//plugins/org.eclipse.justj.openjdk.hotspot.jre.full.win32.x86_64_16.0.2.v20210721-1149/jre/bin;C:\Program Files\Common Files\Oracle\Java\javapath;C:\Program Files (x86)\Common Files\Oracle\Java\java8path;C:\Program Files (x86)\Common Files\Oracle\Java\javapath;C:\Windows\system32;C:\Windows;C:\Windows\System32\Wbem;C:\Windows\System32\WindowsPowerShell\v1.0\;C:\Windows\System32\OpenSSH\;C:\Program Files (x86)\NVIDIA Corporation\PhysX\Common;C:\Program Files\NVIDIA Corporation\NVIDIA NvDLISR;C:\WINDOWS\system32;C:\WINDOWS;C:\WINDOWS\System32\Wbem;C:\WINDOWS\System32\WindowsPowerShell\v1.0\;C:\WINDOWS\System32\OpenSSH\;C:\Program Files\PuTTY\;C:\Program Files\Java\jdk-21\bin;C:\Program Files\Microsoft SQL Server\150\Tools\Binn\;C:\Program Files\Microsoft SQL Server\Client SDK\ODBC\170\Tools\Binn\;C:\Program Files\dotnet\;C:\Program Files (x86)\Windows Kits\10\Windows Performance Toolkit\;C:\Program Files\CMake\bin;C:\Program Files\Git\cmd;C:\buildTool\apache-ant-1.10.15\bin;C:\Program Files\Calibre2\;C:\buildTool\apache-maven-3.9.9\bin;C:\Program Files\PowerShell\7\;C:\Program Files\PowerShell\7-preview\preview;ers\hkere\AppData\Local\Packages\PythonSoftwareFoundation.Python.3.12_qbz5n2kfra8p0\LocalCache\local-packages\Python312\Scripts;;C:\ProgramData\chocolatey\bin;C:\Users\hkere\AppData\Local\Microsoft\WindowsApps;C:\Users\hkere\AppData\Local\JetBrains\Toolbox\scripts;C:\Users\hkere\AppData\Local\Programs\MiKTeX\miktex\bin\x64\;C:\Users\hkere\.dotnet\tools;C:\buildTool\apache-ant-1.10.15;C:\Program Files\Java\jdk-21\bin;C:\buildTool\apache-maven-3.9.9\bin;C:\buildTool\apache-maven-3.9.9;C:\Users\hkere\AppData\Local\GitHubDesktop\bin;;C:\Program Files\eclipse;
USERNAME=hkere
OS=Windows_NT
PROCESSOR_IDENTIFIER=AMD64 Family 25 Model 80 Stepping 0, AuthenticAMD



---------------  S Y S T E M  ---------------

OS: Windows 11 , 64 bit Build 22621 (10.0.22621.4391)
Hyper-V role detected

CPU:total 12 (initial active 12) (12 cores per cpu, 2 threads per core) family 25 model 80 stepping 0 microcode 0x0, cmov, cx8, fxsr, mmx, sse, sse2, sse3, ssse3, sse4.1, sse4.2, popcnt, avx, avx2, aes, clmul, erms, mmxext, 3dnowpref, lzcnt, sse4a, ht, tsc, tscinvbit, tscinv, bmi1, bmi2,

Memory: 4k page, system-wide physical 15775M (1163M free)
TotalPageFile size 64927M (AvailPageFile size 1M)
current process WorkingSet (physical memory assigned to process): 405M, peak: 784M
current process commit charge ("private bytes"): 999M, peak: 1134M

vm_info: Java HotSpot(TM) 64-Bit Server VM (11.0.21+9-LTS-193) for windows-amd64 JRE (11.0.21+9-LTS-193), built on Sep 13 2023 11:04:38 by "mach5one" with MS VC++ 17.1 (VS2022)

END.
