#
# There is insufficient memory for the Java Runtime Environment to continue.
# Native memory allocation (mmap) failed to map 52428800 bytes for Failed to commit area from 0x0000000719000000 to 0x000000071c200000 of length 52428800.
# Possible reasons:
#   The system is out of physical RAM or swap space
#   The process is running with CompressedOops enabled, and the Java Heap may be blocking the growth of the native heap
# Possible solutions:
#   Reduce memory load on the system
#   Increase physical memory or swap space
#   Check if swap backing store is full
#   Decrease Java heap size (-Xmx/-Xms)
#   Decrease number of Java threads
#   Decrease Java thread stack sizes (-Xss)
#   Set larger code cache with -XX:ReservedCodeCacheSize=
#   JVM is running with Zero Based Compressed Oops mode in which the Java heap is
#     placed in the first 32GB address space. The Java Heap base address is the
#     maximum limit for the native heap growth. Please use -XX:HeapBaseMinAddress
#     to set the Java Heap base and to place the Java Heap above 32GB virtual address.
# This output file may be truncated or incomplete.
#
#  Out of Memory Error (./open/src/hotspot/os/windows/os_windows.cpp:3298), pid=36152, tid=41164
#
# JRE version: Java(TM) SE Runtime Environment 18.9 (11.0.21+9) (build 11.0.21+9-LTS-193)
# Java VM: Java HotSpot(TM) 64-Bit Server VM 18.9 (11.0.21+9-LTS-193, mixed mode, tiered, compressed oops, g1 gc, windows-amd64)
# No core dump will be written. Minidumps are not enabled by default on client versions of Windows
#

---------------  S U M M A R Y ------------

Command Line: -Dfile.encoding=UTF-8 com.sample.DroolsTest

Host: AMD Ryzen 5 5600H with Radeon Graphics         , 12 cores, 15G,  Windows 11 , 64 bit Build 22621 (10.0.22621.4391)
Time: Sun Dec 15 15:45:12 2024 Central European Standard Time elapsed time: 1.877446 seconds (0d 0h 0m 1s)

---------------  T H R E A D  ---------------

Current thread (0x0000017ac6186000):  VMThread "VM Thread" [stack: 0x0000001efaf00000,0x0000001efb000000] [id=41164]

Stack: [0x0000001efaf00000,0x0000001efb000000]
[error occurred during error reporting (printing stack bounds), id 0xc0000005, EXCEPTION_ACCESS_VIOLATION (0xc0000005) at pc=0x0000017aaac20f2d]

Native frames: (J=compiled Java code, j=interpreted, Vv=VM code, C=native code)
V  [jvm.dll+0x66058a]
V  [jvm.dll+0x7a362f]
V  [jvm.dll+0x7a4cf9]
V  [jvm.dll+0x7a52f5]
V  [jvm.dll+0x7a52ab]
V  [jvm.dll+0x65fa93]
V  [jvm.dll+0x660188]
C  [ntdll.dll+0xa543f]
C  [ntdll.dll+0x1e886]
C  [ntdll.dll+0xa443e]
C  0x0000017aaac20f2d

VM_Operation (0x0000001efa9fad70): CollectForMetadataAllocation, mode: safepoint, requested by thread 0x0000017aa3550800


---------------  P R O C E S S  ---------------

Threads class SMR info:
_java_thread_list=0x0000017ac86b0bf0, length=34, elements={
0x0000017aa3550800, 0x0000017ac618c800, 0x0000017ac618e000, 0x0000017ac6a8e000,
0x0000017ac6a90000, 0x0000017ac6a92800, 0x0000017ac6a96800, 0x0000017ac6a9d000,
0x0000017ac6aa1800, 0x0000017ac6c26000, 0x0000017ac727a000, 0x0000017ac9811000,
0x0000017aca552800, 0x0000017ac9428800, 0x0000017ac9429800, 0x0000017ac942a000,
0x0000017ac83b9800, 0x0000017ac83ba000, 0x0000017ac9832800, 0x0000017ac86f4000,
0x0000017ac843b800, 0x0000017ac843c800, 0x0000017ac843d000, 0x0000017ac843e000,
0x0000017ac8438000, 0x0000017ac843f000, 0x0000017ac8439000, 0x0000017ac843a000,
0x0000017ac843a800, 0x0000017acab0b000, 0x0000017acab0b800, 0x0000017acab0c800,
0x0000017acab0e000, 0x0000017acab08800
}

Java Threads: ( => current thread )
  0x0000017aa3550800 JavaThread "main" [_thread_blocked, id=35384, stack(0x0000001efa900000,0x0000001efaa00000)]
  0x0000017ac618c800 JavaThread "Reference Handler" daemon [_thread_blocked, id=39008, stack(0x0000001efb000000,0x0000001efb100000)]
  0x0000017ac618e000 JavaThread "Finalizer" daemon [_thread_blocked, id=44248, stack(0x0000001efb100000,0x0000001efb200000)]
  0x0000017ac6a8e000 JavaThread "Signal Dispatcher" daemon [_thread_blocked, id=41136, stack(0x0000001efb200000,0x0000001efb300000)]
  0x0000017ac6a90000 JavaThread "Attach Listener" daemon [_thread_blocked, id=43792, stack(0x0000001efb300000,0x0000001efb400000)]
  0x0000017ac6a92800 JavaThread "Service Thread" daemon [_thread_blocked, id=43888, stack(0x0000001efb400000,0x0000001efb500000)]
  0x0000017ac6a96800 JavaThread "C2 CompilerThread0" daemon [_thread_blocked, id=35528, stack(0x0000001efb500000,0x0000001efb600000)]
  0x0000017ac6a9d000 JavaThread "C1 CompilerThread0" daemon [_thread_blocked, id=41248, stack(0x0000001efb600000,0x0000001efb700000)]
  0x0000017ac6aa1800 JavaThread "Sweeper thread" daemon [_thread_blocked, id=43928, stack(0x0000001efb700000,0x0000001efb800000)]
  0x0000017ac6c26000 JavaThread "Common-Cleaner" daemon [_thread_blocked, id=41936, stack(0x0000001efb900000,0x0000001efba00000)]
  0x0000017ac727a000 JavaThread "C2 CompilerThread1" daemon [_thread_blocked, id=35216, stack(0x0000001efba00000,0x0000001efbb00000)]
  0x0000017ac9811000 JavaThread "ForkJoinPool.commonPool-worker-19" daemon [_thread_blocked, id=39088, stack(0x0000001efc900000,0x0000001efca00000)]
  0x0000017aca552800 JavaThread "ForkJoinPool.commonPool-worker-5" daemon [_thread_blocked, id=2284, stack(0x0000001efca00000,0x0000001efcb00000)]
  0x0000017ac9428800 JavaThread "ForkJoinPool.commonPool-worker-23" daemon [_thread_blocked, id=37044, stack(0x0000001efcb00000,0x0000001efcc00000)]
  0x0000017ac9429800 JavaThread "ForkJoinPool.commonPool-worker-9" daemon [_thread_blocked, id=43316, stack(0x0000001efcc00000,0x0000001efcd00000)]
  0x0000017ac942a000 JavaThread "ForkJoinPool.commonPool-worker-27" daemon [_thread_blocked, id=1152, stack(0x0000001efcd00000,0x0000001efce00000)]
  0x0000017ac83b9800 JavaThread "ForkJoinPool.commonPool-worker-17" daemon [_thread_blocked, id=37392, stack(0x0000001efce00000,0x0000001efcf00000)]
  0x0000017ac83ba000 JavaThread "ForkJoinPool.commonPool-worker-31" daemon [_thread_blocked, id=42192, stack(0x0000001efcf00000,0x0000001efd000000)]
  0x0000017ac9832800 JavaThread "ForkJoinPool.commonPool-worker-13" daemon [_thread_blocked, id=30996, stack(0x0000001efd000000,0x0000001efd100000)]
  0x0000017ac86f4000 JavaThread "ForkJoinPool.commonPool-worker-7" daemon [_thread_blocked, id=44236, stack(0x0000001efd100000,0x0000001efd200000)]
  0x0000017ac843b800 JavaThread "ForkJoinPool.commonPool-worker-21" daemon [_thread_blocked, id=43148, stack(0x0000001efd200000,0x0000001efd300000)]
  0x0000017ac843c800 JavaThread "ForkJoinPool.commonPool-worker-3" daemon [_thread_blocked, id=37628, stack(0x0000001efd300000,0x0000001efd400000)]
  0x0000017ac843d000 JavaThread "drools-worker-1" daemon [_thread_blocked, id=42460, stack(0x0000001efd400000,0x0000001efd500000)]
  0x0000017ac843e000 JavaThread "drools-worker-2" daemon [_thread_blocked, id=36404, stack(0x0000001efd500000,0x0000001efd600000)]
  0x0000017ac8438000 JavaThread "drools-worker-3" daemon [_thread_blocked, id=42044, stack(0x0000001efd600000,0x0000001efd700000)]
  0x0000017ac843f000 JavaThread "drools-worker-4" daemon [_thread_blocked, id=27268, stack(0x0000001efd700000,0x0000001efd800000)]
  0x0000017ac8439000 JavaThread "drools-worker-5" daemon [_thread_blocked, id=43684, stack(0x0000001efd800000,0x0000001efd900000)]
  0x0000017ac843a000 JavaThread "drools-worker-6" daemon [_thread_blocked, id=4772, stack(0x0000001efd900000,0x0000001efda00000)]
  0x0000017ac843a800 JavaThread "drools-worker-7" daemon [_thread_blocked, id=43464, stack(0x0000001efda00000,0x0000001efdb00000)]
  0x0000017acab0b000 JavaThread "drools-worker-8" daemon [_thread_blocked, id=36396, stack(0x0000001efdb00000,0x0000001efdc00000)]
  0x0000017acab0b800 JavaThread "drools-worker-9" daemon [_thread_blocked, id=44536, stack(0x0000001efdc00000,0x0000001efdd00000)]
  0x0000017acab0c800 JavaThread "drools-worker-10" daemon [_thread_blocked, id=44728, stack(0x0000001efdd00000,0x0000001efde00000)]
  0x0000017acab0e000 JavaThread "drools-worker-11" daemon [_thread_blocked, id=44540, stack(0x0000001efde00000,0x0000001efdf00000)]
  0x0000017acab08800 JavaThread "drools-worker-12" daemon [_thread_blocked, id=43848, stack(0x0000001efdf00000,0x0000001efe000000)]

Other Threads:
=>0x0000017ac6186000 VMThread "VM Thread" [stack: 0x0000001efaf00000,0x0000001efb000000] [id=41164]
  0x0000017ac6c1d000 WatcherThread [stack: 0x0000001efb800000,0x0000001efb900000] [id=40000]
  0x0000017aa3564800 GCTaskThread "GC Thread#0" [stack: 0x0000001efaa00000,0x0000001efab00000] [id=3076]
  0x0000017ac7d15800 GCTaskThread "GC Thread#1" [stack: 0x0000001efbb00000,0x0000001efbc00000] [id=44288]
  0x0000017ac7d16800 GCTaskThread "GC Thread#2" [stack: 0x0000001efbc00000,0x0000001efbd00000] [id=36508]
  0x0000017ac7d6b800 GCTaskThread "GC Thread#3" [stack: 0x0000001efbd00000,0x0000001efbe00000] [id=42168]
  0x0000017ac7d6c000 GCTaskThread "GC Thread#4" [stack: 0x0000001efbe00000,0x0000001efbf00000] [id=41172]
  0x0000017aa35bf000 ConcurrentGCThread "G1 Main Marker" [stack: 0x0000001efab00000,0x0000001efac00000] [id=44228]
  0x0000017aa35c2000 ConcurrentGCThread "G1 Conc#0" [stack: 0x0000001efac00000,0x0000001efad00000] [id=44492]
  0x0000017aca664800 ConcurrentGCThread "G1 Conc#1" [stack: 0x0000001efc700000,0x0000001efc800000] [id=39796]
  0x0000017ac86b2800 ConcurrentGCThread "G1 Conc#2" [stack: 0x0000001efc800000,0x0000001efc900000] [id=30904]
  0x0000017ac605c800 ConcurrentGCThread "G1 Refine#0" [stack: 0x0000001efad00000,0x0000001efae00000] [id=42408]
  0x0000017ac6c1a000 ConcurrentGCThread "G1 Refine#1" [stack: 0x0000001efbf00000,0x0000001efc000000] [id=42760]
  0x0000017ac75bb800 ConcurrentGCThread "G1 Refine#2" [stack: 0x0000001efc000000,0x0000001efc100000] [id=20276]
  0x0000017ac7d55800 ConcurrentGCThread "G1 Refine#3" [stack: 0x0000001efc100000,0x0000001efc200000] [id=39260]
  0x0000017ac7ceb800 ConcurrentGCThread "G1 Refine#4" [stack: 0x0000001efc200000,0x0000001efc300000] [id=43620]
  0x0000017ac86be800 ConcurrentGCThread "G1 Refine#5" [stack: 0x0000001efc300000,0x0000001efc400000] [id=34904]
  0x0000017ac7f0c000 ConcurrentGCThread "G1 Refine#6" [stack: 0x0000001efc400000,0x0000001efc500000] [id=44516]
  0x0000017ac7bfa000 ConcurrentGCThread "G1 Refine#7" [stack: 0x0000001efc500000,0x0000001efc600000] [id=43740]
  0x0000017ac8267800 ConcurrentGCThread "G1 Refine#8" [stack: 0x0000001efc600000,0x0000001efc700000] [id=43996]
  0x0000017ac605f000 ConcurrentGCThread "G1 Young RemSet Sampling" [stack: 0x0000001efae00000,0x0000001efaf00000] [id=42580]

Threads with active compile tasks:
C2 CompilerThread0     1895 3179 %     4       java.lang.invoke.LambdaForm$Name::replaceNames @ 20 (174 bytes)
C2 CompilerThread1     1895 3180       4       jdk.internal.org.objectweb.asm.Frame::execute (2264 bytes)

VM state:at safepoint (normal execution)

VM Mutex/Monitor currently owned by a thread:  ([mutex/lock_event])
[0x0000017aa354b660] Threads_lock - owner thread: 0x0000017ac6186000
[0x0000017aa354bf60] Heap_lock - owner thread: 0x0000017aa3550800

Heap address: 0x0000000709800000, size: 3944 MB, Compressed Oops mode: Zero based, Oop shift amount: 3
Narrow klass base: 0x0000000800000000, Narrow klass shift: 0
Compressed class space size: 1073741824 Address: 0x0000000800000000

Heap:
 garbage-first heap   total 305152K, used 28054K [0x0000000709800000, 0x0000000800000000)
  region size 1024K, 3 young (3072K), 3 survivors (3072K)
 Metaspace       used 35115K, capacity 35712K, committed 35840K, reserved 1081344K
  class space    used 3627K, capacity 3888K, committed 3968K, reserved 1048576K
Heap Regions: E=young(eden), S=young(survivor), O=old, HS=humongous(starts), HC=humongous(continues), CS=collection set, F=free, A=archive, TAMS=top-at-mark-start (previous, next)
|   0|0x0000000709800000, 0x0000000709900000, 0x0000000709900000|100%|HS|  |TAMS 0x0000000709900000, 0x0000000709900000| Complete 
|   1|0x0000000709900000, 0x0000000709a00000, 0x0000000709a00000|100%| O|  |TAMS 0x0000000709a00000, 0x0000000709a00000| Untracked 
|   2|0x0000000709a00000, 0x0000000709b00000, 0x0000000709b00000|100%| O|  |TAMS 0x0000000709b00000, 0x0000000709b00000| Untracked 
|   3|0x0000000709b00000, 0x0000000709c00000, 0x0000000709c00000|100%| O|  |TAMS 0x0000000709c00000, 0x0000000709c00000| Untracked 
|   4|0x0000000709c00000, 0x0000000709d00000, 0x0000000709d00000|100%| O|  |TAMS 0x0000000709d00000, 0x0000000709d00000| Untracked 
|   5|0x0000000709d00000, 0x0000000709e00000, 0x0000000709e00000|100%| O|  |TAMS 0x0000000709e00000, 0x0000000709e00000| Untracked 
|   6|0x0000000709e00000, 0x0000000709f00000, 0x0000000709f00000|100%| O|  |TAMS 0x0000000709f00000, 0x0000000709f00000| Untracked 
|   7|0x0000000709f00000, 0x000000070a000000, 0x000000070a000000|100%| O|  |TAMS 0x000000070a000000, 0x000000070a000000| Untracked 
|   8|0x000000070a000000, 0x000000070a100000, 0x000000070a100000|100%| O|  |TAMS 0x000000070a100000, 0x000000070a100000| Untracked 
|   9|0x000000070a100000, 0x000000070a200000, 0x000000070a200000|100%| O|  |TAMS 0x000000070a200000, 0x000000070a200000| Untracked 
|  10|0x000000070a200000, 0x000000070a300000, 0x000000070a300000|100%| O|  |TAMS 0x000000070a300000, 0x000000070a300000| Untracked 
|  11|0x000000070a300000, 0x000000070a400000, 0x000000070a400000|100%| O|  |TAMS 0x000000070a386a00, 0x000000070a400000| Untracked 
|  12|0x000000070a400000, 0x000000070a500000, 0x000000070a500000|100%| O|  |TAMS 0x000000070a400000, 0x000000070a500000| Untracked 
|  13|0x000000070a500000, 0x000000070a600000, 0x000000070a600000|100%| O|  |TAMS 0x000000070a500000, 0x000000070a600000| Untracked 
|  14|0x000000070a600000, 0x000000070a700000, 0x000000070a700000|100%| O|  |TAMS 0x000000070a600000, 0x000000070a700000| Untracked 
|  15|0x000000070a700000, 0x000000070a800000, 0x000000070a800000|100%| O|  |TAMS 0x000000070a700000, 0x000000070a800000| Untracked 
|  16|0x000000070a800000, 0x000000070a900000, 0x000000070a900000|100%| O|  |TAMS 0x000000070a800000, 0x000000070a900000| Untracked 
|  17|0x000000070a900000, 0x000000070aa00000, 0x000000070aa00000|100%| O|  |TAMS 0x000000070a900000, 0x000000070aa00000| Untracked 
|  18|0x000000070aa00000, 0x000000070ab00000, 0x000000070ab00000|100%| O|  |TAMS 0x000000070aa00000, 0x000000070ab00000| Untracked 
|  19|0x000000070ab00000, 0x000000070ac00000, 0x000000070ac00000|100%| O|  |TAMS 0x000000070ab00000, 0x000000070ac00000| Untracked 
|  20|0x000000070ac00000, 0x000000070ad00000, 0x000000070ad00000|100%| O|  |TAMS 0x000000070ac00000, 0x000000070ad00000| Untracked 
|  21|0x000000070ad00000, 0x000000070ae00000, 0x000000070ae00000|100%| O|  |TAMS 0x000000070ad00000, 0x000000070ae00000| Untracked 
|  22|0x000000070ae00000, 0x000000070af00000, 0x000000070af00000|100%| O|  |TAMS 0x000000070ae00000, 0x000000070af00000| Untracked 
|  23|0x000000070af00000, 0x000000070b000000, 0x000000070b000000|100%| O|  |TAMS 0x000000070af00000, 0x000000070b000000| Untracked 
|  24|0x000000070b000000, 0x000000070b100000, 0x000000070b100000|100%| O|  |TAMS 0x000000070b000000, 0x000000070b100000| Untracked 
|  25|0x000000070b100000, 0x000000070b124000, 0x000000070b200000| 14%| O|  |TAMS 0x000000070b100000, 0x000000070b124000| Untracked 
|  26|0x000000070b200000, 0x000000070b200000, 0x000000070b300000|  0%| F|  |TAMS 0x000000070b200000, 0x000000070b200000| Untracked 
|  27|0x000000070b300000, 0x000000070b300000, 0x000000070b400000|  0%| F|  |TAMS 0x000000070b300000, 0x000000070b300000| Untracked 
|  28|0x000000070b400000, 0x000000070b400000, 0x000000070b500000|  0%| F|  |TAMS 0x000000070b400000, 0x000000070b400000| Untracked 
|  29|0x000000070b500000, 0x000000070b500000, 0x000000070b600000|  0%| F|  |TAMS 0x000000070b500000, 0x000000070b500000| Untracked 
|  30|0x000000070b600000, 0x000000070b600000, 0x000000070b700000|  0%| F|  |TAMS 0x000000070b600000, 0x000000070b600000| Untracked 
|  31|0x000000070b700000, 0x000000070b700000, 0x000000070b800000|  0%| F|  |TAMS 0x000000070b700000, 0x000000070b700000| Untracked 
|  32|0x000000070b800000, 0x000000070b800000, 0x000000070b900000|  0%| F|  |TAMS 0x000000070b800000, 0x000000070b800000| Untracked 
|  33|0x000000070b900000, 0x000000070b900000, 0x000000070ba00000|  0%| F|  |TAMS 0x000000070b900000, 0x000000070b900000| Untracked 
|  34|0x000000070ba00000, 0x000000070ba00000, 0x000000070bb00000|  0%| F|  |TAMS 0x000000070ba00000, 0x000000070ba00000| Untracked 
|  35|0x000000070bb00000, 0x000000070bb00000, 0x000000070bc00000|  0%| F|  |TAMS 0x000000070bb00000, 0x000000070bb00000| Untracked 
|  36|0x000000070bc00000, 0x000000070bc00000, 0x000000070bd00000|  0%| F|  |TAMS 0x000000070bc00000, 0x000000070bc00000| Untracked 
|  37|0x000000070bd00000, 0x000000070bd00000, 0x000000070be00000|  0%| F|  |TAMS 0x000000070bd00000, 0x000000070bd00000| Untracked 
|  38|0x000000070be00000, 0x000000070be00000, 0x000000070bf00000|  0%| F|  |TAMS 0x000000070be00000, 0x000000070be00000| Untracked 
|  39|0x000000070bf00000, 0x000000070bf00000, 0x000000070c000000|  0%| F|  |TAMS 0x000000070bf00000, 0x000000070bf00000| Untracked 
|  40|0x000000070c000000, 0x000000070c000000, 0x000000070c100000|  0%| F|  |TAMS 0x000000070c000000, 0x000000070c000000| Untracked 
|  41|0x000000070c100000, 0x000000070c100000, 0x000000070c200000|  0%| F|  |TAMS 0x000000070c100000, 0x000000070c100000| Untracked 
|  42|0x000000070c200000, 0x000000070c200000, 0x000000070c300000|  0%| F|  |TAMS 0x000000070c200000, 0x000000070c200000| Untracked 
|  43|0x000000070c300000, 0x000000070c300000, 0x000000070c400000|  0%| F|  |TAMS 0x000000070c300000, 0x000000070c300000| Untracked 
|  44|0x000000070c400000, 0x000000070c400000, 0x000000070c500000|  0%| F|  |TAMS 0x000000070c400000, 0x000000070c400000| Untracked 
|  45|0x000000070c500000, 0x000000070c500000, 0x000000070c600000|  0%| F|  |TAMS 0x000000070c500000, 0x000000070c500000| Untracked 
|  46|0x000000070c600000, 0x000000070c600000, 0x000000070c700000|  0%| F|  |TAMS 0x000000070c600000, 0x000000070c600000| Untracked 
|  47|0x000000070c700000, 0x000000070c700000, 0x000000070c800000|  0%| F|  |TAMS 0x000000070c700000, 0x000000070c700000| Untracked 
|  48|0x000000070c800000, 0x000000070c800000, 0x000000070c900000|  0%| F|  |TAMS 0x000000070c800000, 0x000000070c800000| Untracked 
|  49|0x000000070c900000, 0x000000070c900000, 0x000000070ca00000|  0%| F|  |TAMS 0x000000070c900000, 0x000000070c900000| Untracked 
|  50|0x000000070ca00000, 0x000000070ca00000, 0x000000070cb00000|  0%| F|  |TAMS 0x000000070ca00000, 0x000000070ca00000| Untracked 
|  51|0x000000070cb00000, 0x000000070cb00000, 0x000000070cc00000|  0%| F|  |TAMS 0x000000070cb00000, 0x000000070cb00000| Untracked 
|  52|0x000000070cc00000, 0x000000070cc00000, 0x000000070cd00000|  0%| F|  |TAMS 0x000000070cc00000, 0x000000070cc00000| Untracked 
|  53|0x000000070cd00000, 0x000000070cd00000, 0x000000070ce00000|  0%| F|  |TAMS 0x000000070cd00000, 0x000000070cd00000| Untracked 
|  54|0x000000070ce00000, 0x000000070ce00000, 0x000000070cf00000|  0%| F|  |TAMS 0x000000070ce00000, 0x000000070ce00000| Untracked 
|  55|0x000000070cf00000, 0x000000070cf00000, 0x000000070d000000|  0%| F|  |TAMS 0x000000070cf00000, 0x000000070cf00000| Untracked 
|  56|0x000000070d000000, 0x000000070d000000, 0x000000070d100000|  0%| F|  |TAMS 0x000000070d000000, 0x000000070d000000| Untracked 
|  57|0x000000070d100000, 0x000000070d100000, 0x000000070d200000|  0%| F|  |TAMS 0x000000070d100000, 0x000000070d100000| Untracked 
|  58|0x000000070d200000, 0x000000070d200000, 0x000000070d300000|  0%| F|  |TAMS 0x000000070d200000, 0x000000070d200000| Untracked 
|  59|0x000000070d300000, 0x000000070d300000, 0x000000070d400000|  0%| F|  |TAMS 0x000000070d300000, 0x000000070d300000| Untracked 
|  60|0x000000070d400000, 0x000000070d400000, 0x000000070d500000|  0%| F|  |TAMS 0x000000070d400000, 0x000000070d400000| Untracked 
|  61|0x000000070d500000, 0x000000070d500000, 0x000000070d600000|  0%| F|  |TAMS 0x000000070d500000, 0x000000070d500000| Untracked 
|  62|0x000000070d600000, 0x000000070d600000, 0x000000070d700000|  0%| F|  |TAMS 0x000000070d600000, 0x000000070d600000| Untracked 
|  63|0x000000070d700000, 0x000000070d700000, 0x000000070d800000|  0%| F|  |TAMS 0x000000070d700000, 0x000000070d700000| Untracked 
|  64|0x000000070d800000, 0x000000070d800000, 0x000000070d900000|  0%| F|  |TAMS 0x000000070d800000, 0x000000070d800000| Untracked 
|  65|0x000000070d900000, 0x000000070d900000, 0x000000070da00000|  0%| F|  |TAMS 0x000000070d900000, 0x000000070d900000| Untracked 
|  66|0x000000070da00000, 0x000000070da00000, 0x000000070db00000|  0%| F|  |TAMS 0x000000070da00000, 0x000000070da00000| Untracked 
|  67|0x000000070db00000, 0x000000070db00000, 0x000000070dc00000|  0%| F|  |TAMS 0x000000070db00000, 0x000000070db00000| Untracked 
|  68|0x000000070dc00000, 0x000000070dc00000, 0x000000070dd00000|  0%| F|  |TAMS 0x000000070dc00000, 0x000000070dc00000| Untracked 
|  69|0x000000070dd00000, 0x000000070dd00000, 0x000000070de00000|  0%| F|  |TAMS 0x000000070dd00000, 0x000000070dd00000| Untracked 
|  70|0x000000070de00000, 0x000000070de00000, 0x000000070df00000|  0%| F|  |TAMS 0x000000070de00000, 0x000000070de00000| Untracked 
|  71|0x000000070df00000, 0x000000070df00000, 0x000000070e000000|  0%| F|  |TAMS 0x000000070df00000, 0x000000070df00000| Untracked 
|  72|0x000000070e000000, 0x000000070e000000, 0x000000070e100000|  0%| F|  |TAMS 0x000000070e000000, 0x000000070e000000| Untracked 
|  73|0x000000070e100000, 0x000000070e100000, 0x000000070e200000|  0%| F|  |TAMS 0x000000070e100000, 0x000000070e100000| Untracked 
|  74|0x000000070e200000, 0x000000070e200000, 0x000000070e300000|  0%| F|  |TAMS 0x000000070e200000, 0x000000070e200000| Untracked 
|  75|0x000000070e300000, 0x000000070e300000, 0x000000070e400000|  0%| F|  |TAMS 0x000000070e300000, 0x000000070e300000| Untracked 
|  76|0x000000070e400000, 0x000000070e400000, 0x000000070e500000|  0%| F|  |TAMS 0x000000070e400000, 0x000000070e400000| Untracked 
|  77|0x000000070e500000, 0x000000070e500000, 0x000000070e600000|  0%| F|  |TAMS 0x000000070e500000, 0x000000070e500000| Untracked 
|  78|0x000000070e600000, 0x000000070e600000, 0x000000070e700000|  0%| F|  |TAMS 0x000000070e600000, 0x000000070e600000| Untracked 
|  79|0x000000070e700000, 0x000000070e700000, 0x000000070e800000|  0%| F|  |TAMS 0x000000070e700000, 0x000000070e700000| Untracked 
|  80|0x000000070e800000, 0x000000070e800000, 0x000000070e900000|  0%| F|  |TAMS 0x000000070e800000, 0x000000070e800000| Untracked 
|  81|0x000000070e900000, 0x000000070e900000, 0x000000070ea00000|  0%| F|  |TAMS 0x000000070e900000, 0x000000070e900000| Untracked 
|  82|0x000000070ea00000, 0x000000070ea00000, 0x000000070eb00000|  0%| F|  |TAMS 0x000000070ea00000, 0x000000070ea00000| Untracked 
|  83|0x000000070eb00000, 0x000000070eb00000, 0x000000070ec00000|  0%| F|  |TAMS 0x000000070eb00000, 0x000000070eb00000| Untracked 
|  84|0x000000070ec00000, 0x000000070ec00000, 0x000000070ed00000|  0%| F|  |TAMS 0x000000070ec00000, 0x000000070ec00000| Untracked 
|  85|0x000000070ed00000, 0x000000070ed00000, 0x000000070ee00000|  0%| F|  |TAMS 0x000000070ed00000, 0x000000070ed00000| Untracked 
|  86|0x000000070ee00000, 0x000000070ee00000, 0x000000070ef00000|  0%| F|  |TAMS 0x000000070ee00000, 0x000000070ee00000| Untracked 
|  87|0x000000070ef00000, 0x000000070ef00000, 0x000000070f000000|  0%| F|  |TAMS 0x000000070ef00000, 0x000000070ef00000| Untracked 
|  88|0x000000070f000000, 0x000000070f000000, 0x000000070f100000|  0%| F|  |TAMS 0x000000070f000000, 0x000000070f000000| Untracked 
|  89|0x000000070f100000, 0x000000070f100000, 0x000000070f200000|  0%| F|  |TAMS 0x000000070f100000, 0x000000070f100000| Untracked 
|  90|0x000000070f200000, 0x000000070f200000, 0x000000070f300000|  0%| F|  |TAMS 0x000000070f200000, 0x000000070f200000| Untracked 
|  91|0x000000070f300000, 0x000000070f300000, 0x000000070f400000|  0%| F|  |TAMS 0x000000070f300000, 0x000000070f300000| Untracked 
|  92|0x000000070f400000, 0x000000070f400000, 0x000000070f500000|  0%| F|  |TAMS 0x000000070f400000, 0x000000070f400000| Untracked 
|  93|0x000000070f500000, 0x000000070f500000, 0x000000070f600000|  0%| F|  |TAMS 0x000000070f500000, 0x000000070f500000| Untracked 
|  94|0x000000070f600000, 0x000000070f600000, 0x000000070f700000|  0%| F|  |TAMS 0x000000070f600000, 0x000000070f600000| Untracked 
|  95|0x000000070f700000, 0x000000070f700000, 0x000000070f800000|  0%| F|  |TAMS 0x000000070f700000, 0x000000070f700000| Untracked 
|  96|0x000000070f800000, 0x000000070f800000, 0x000000070f900000|  0%| F|  |TAMS 0x000000070f800000, 0x000000070f800000| Untracked 
|  97|0x000000070f900000, 0x000000070f900000, 0x000000070fa00000|  0%| F|  |TAMS 0x000000070f900000, 0x000000070f900000| Untracked 
|  98|0x000000070fa00000, 0x000000070fa00000, 0x000000070fb00000|  0%| F|  |TAMS 0x000000070fa00000, 0x000000070fa00000| Untracked 
|  99|0x000000070fb00000, 0x000000070fb00000, 0x000000070fc00000|  0%| F|  |TAMS 0x000000070fb00000, 0x000000070fb00000| Untracked 
| 100|0x000000070fc00000, 0x000000070fc00000, 0x000000070fd00000|  0%| F|  |TAMS 0x000000070fc00000, 0x000000070fc00000| Untracked 
| 101|0x000000070fd00000, 0x000000070fd00000, 0x000000070fe00000|  0%| F|  |TAMS 0x000000070fd00000, 0x000000070fd00000| Untracked 
| 102|0x000000070fe00000, 0x000000070fe00000, 0x000000070ff00000|  0%| F|  |TAMS 0x000000070fe00000, 0x000000070fe00000| Untracked 
| 103|0x000000070ff00000, 0x000000070ff00000, 0x0000000710000000|  0%| F|  |TAMS 0x000000070ff00000, 0x000000070ff00000| Untracked 
| 104|0x0000000710000000, 0x0000000710000000, 0x0000000710100000|  0%| F|  |TAMS 0x0000000710000000, 0x0000000710000000| Untracked 
| 105|0x0000000710100000, 0x0000000710100000, 0x0000000710200000|  0%| F|  |TAMS 0x0000000710100000, 0x0000000710100000| Untracked 
| 106|0x0000000710200000, 0x0000000710200000, 0x0000000710300000|  0%| F|  |TAMS 0x0000000710200000, 0x0000000710200000| Untracked 
| 107|0x0000000710300000, 0x0000000710300000, 0x0000000710400000|  0%| F|  |TAMS 0x0000000710300000, 0x0000000710300000| Untracked 
| 108|0x0000000710400000, 0x0000000710400000, 0x0000000710500000|  0%| F|  |TAMS 0x0000000710400000, 0x0000000710400000| Untracked 
| 109|0x0000000710500000, 0x0000000710500000, 0x0000000710600000|  0%| F|  |TAMS 0x0000000710500000, 0x0000000710500000| Untracked 
| 110|0x0000000710600000, 0x0000000710600000, 0x0000000710700000|  0%| F|  |TAMS 0x0000000710600000, 0x0000000710600000| Untracked 
| 111|0x0000000710700000, 0x0000000710700000, 0x0000000710800000|  0%| F|  |TAMS 0x0000000710700000, 0x0000000710700000| Untracked 
| 112|0x0000000710800000, 0x0000000710800000, 0x0000000710900000|  0%| F|  |TAMS 0x0000000710800000, 0x0000000710800000| Untracked 
| 113|0x0000000710900000, 0x0000000710900000, 0x0000000710a00000|  0%| F|  |TAMS 0x0000000710900000, 0x0000000710900000| Untracked 
| 114|0x0000000710a00000, 0x0000000710a00000, 0x0000000710b00000|  0%| F|  |TAMS 0x0000000710a00000, 0x0000000710a00000| Untracked 
| 115|0x0000000710b00000, 0x0000000710b00000, 0x0000000710c00000|  0%| F|  |TAMS 0x0000000710b00000, 0x0000000710b00000| Untracked 
| 116|0x0000000710c00000, 0x0000000710c00000, 0x0000000710d00000|  0%| F|  |TAMS 0x0000000710c00000, 0x0000000710c00000| Untracked 
| 117|0x0000000710d00000, 0x0000000710d00000, 0x0000000710e00000|  0%| F|  |TAMS 0x0000000710d00000, 0x0000000710d00000| Untracked 
| 118|0x0000000710e00000, 0x0000000710e00000, 0x0000000710f00000|  0%| F|  |TAMS 0x0000000710e00000, 0x0000000710e00000| Untracked 
| 119|0x0000000710f00000, 0x0000000710f00000, 0x0000000711000000|  0%| F|  |TAMS 0x0000000710f00000, 0x0000000710f00000| Untracked 
| 120|0x0000000711000000, 0x0000000711000000, 0x0000000711100000|  0%| F|  |TAMS 0x0000000711000000, 0x0000000711000000| Untracked 
| 121|0x0000000711100000, 0x0000000711100000, 0x0000000711200000|  0%| F|  |TAMS 0x0000000711100000, 0x0000000711100000| Untracked 
| 122|0x0000000711200000, 0x0000000711200000, 0x0000000711300000|  0%| F|  |TAMS 0x0000000711200000, 0x0000000711200000| Untracked 
| 123|0x0000000711300000, 0x0000000711300000, 0x0000000711400000|  0%| F|  |TAMS 0x0000000711300000, 0x0000000711300000| Untracked 
| 124|0x0000000711400000, 0x0000000711400000, 0x0000000711500000|  0%| F|  |TAMS 0x0000000711400000, 0x0000000711400000| Untracked 
| 125|0x0000000711500000, 0x0000000711500000, 0x0000000711600000|  0%| F|  |TAMS 0x0000000711500000, 0x0000000711500000| Untracked 
| 126|0x0000000711600000, 0x0000000711600000, 0x0000000711700000|  0%| F|  |TAMS 0x0000000711600000, 0x0000000711600000| Untracked 
| 127|0x0000000711700000, 0x0000000711700000, 0x0000000711800000|  0%| F|  |TAMS 0x0000000711700000, 0x0000000711700000| Untracked 
| 128|0x0000000711800000, 0x0000000711800000, 0x0000000711900000|  0%| F|  |TAMS 0x0000000711800000, 0x0000000711800000| Untracked 
| 129|0x0000000711900000, 0x0000000711900000, 0x0000000711a00000|  0%| F|  |TAMS 0x0000000711900000, 0x0000000711900000| Untracked 
| 130|0x0000000711a00000, 0x0000000711a00000, 0x0000000711b00000|  0%| F|  |TAMS 0x0000000711a00000, 0x0000000711a00000| Untracked 
| 131|0x0000000711b00000, 0x0000000711b00000, 0x0000000711c00000|  0%| F|  |TAMS 0x0000000711b00000, 0x0000000711b00000| Untracked 
| 132|0x0000000711c00000, 0x0000000711c00000, 0x0000000711d00000|  0%| F|  |TAMS 0x0000000711c00000, 0x0000000711c00000| Untracked 
| 133|0x0000000711d00000, 0x0000000711d00000, 0x0000000711e00000|  0%| F|  |TAMS 0x0000000711d00000, 0x0000000711d00000| Untracked 
| 134|0x0000000711e00000, 0x0000000711e00000, 0x0000000711f00000|  0%| F|  |TAMS 0x0000000711e00000, 0x0000000711e00000| Untracked 
| 135|0x0000000711f00000, 0x0000000711f00000, 0x0000000712000000|  0%| F|  |TAMS 0x0000000711f00000, 0x0000000711f00000| Untracked 
| 136|0x0000000712000000, 0x0000000712000000, 0x0000000712100000|  0%| F|  |TAMS 0x0000000712000000, 0x0000000712000000| Untracked 
| 137|0x0000000712100000, 0x0000000712100000, 0x0000000712200000|  0%| F|  |TAMS 0x0000000712100000, 0x0000000712100000| Untracked 
| 138|0x0000000712200000, 0x0000000712200000, 0x0000000712300000|  0%| F|  |TAMS 0x0000000712200000, 0x0000000712200000| Untracked 
| 139|0x0000000712300000, 0x0000000712300000, 0x0000000712400000|  0%| F|  |TAMS 0x0000000712300000, 0x0000000712300000| Untracked 
| 140|0x0000000712400000, 0x0000000712400000, 0x0000000712500000|  0%| F|  |TAMS 0x0000000712400000, 0x0000000712400000| Untracked 
| 141|0x0000000712500000, 0x0000000712500000, 0x0000000712600000|  0%| F|  |TAMS 0x0000000712500000, 0x0000000712500000| Untracked 
| 142|0x0000000712600000, 0x0000000712600000, 0x0000000712700000|  0%| F|  |TAMS 0x0000000712600000, 0x0000000712600000| Untracked 
| 143|0x0000000712700000, 0x0000000712700000, 0x0000000712800000|  0%| F|  |TAMS 0x0000000712700000, 0x0000000712700000| Untracked 
| 144|0x0000000712800000, 0x0000000712800000, 0x0000000712900000|  0%| F|  |TAMS 0x0000000712800000, 0x0000000712800000| Untracked 
| 145|0x0000000712900000, 0x0000000712900000, 0x0000000712a00000|  0%| F|  |TAMS 0x0000000712900000, 0x0000000712900000| Untracked 
| 146|0x0000000712a00000, 0x0000000712a00000, 0x0000000712b00000|  0%| F|  |TAMS 0x0000000712a00000, 0x0000000712a00000| Untracked 
| 147|0x0000000712b00000, 0x0000000712b00000, 0x0000000712c00000|  0%| F|  |TAMS 0x0000000712b00000, 0x0000000712b00000| Untracked 
| 148|0x0000000712c00000, 0x0000000712c00000, 0x0000000712d00000|  0%| F|  |TAMS 0x0000000712c00000, 0x0000000712c00000| Untracked 
| 149|0x0000000712d00000, 0x0000000712d00000, 0x0000000712e00000|  0%| F|  |TAMS 0x0000000712d00000, 0x0000000712d00000| Untracked 
| 150|0x0000000712e00000, 0x0000000712e00000, 0x0000000712f00000|  0%| F|  |TAMS 0x0000000712e00000, 0x0000000712e00000| Untracked 
| 151|0x0000000712f00000, 0x0000000712f00000, 0x0000000713000000|  0%| F|  |TAMS 0x0000000712f00000, 0x0000000712f00000| Untracked 
| 152|0x0000000713000000, 0x0000000713000000, 0x0000000713100000|  0%| F|  |TAMS 0x0000000713000000, 0x0000000713000000| Untracked 
| 153|0x0000000713100000, 0x0000000713100000, 0x0000000713200000|  0%| F|  |TAMS 0x0000000713100000, 0x0000000713100000| Untracked 
| 154|0x0000000713200000, 0x0000000713200000, 0x0000000713300000|  0%| F|  |TAMS 0x0000000713200000, 0x0000000713200000| Untracked 
| 155|0x0000000713300000, 0x0000000713300000, 0x0000000713400000|  0%| F|  |TAMS 0x0000000713300000, 0x0000000713300000| Untracked 
| 156|0x0000000713400000, 0x0000000713400000, 0x0000000713500000|  0%| F|  |TAMS 0x0000000713400000, 0x0000000713400000| Untracked 
| 157|0x0000000713500000, 0x0000000713500000, 0x0000000713600000|  0%| F|  |TAMS 0x0000000713500000, 0x0000000713500000| Untracked 
| 158|0x0000000713600000, 0x0000000713600000, 0x0000000713700000|  0%| F|  |TAMS 0x0000000713600000, 0x0000000713600000| Untracked 
| 159|0x0000000713700000, 0x0000000713700000, 0x0000000713800000|  0%| F|  |TAMS 0x0000000713700000, 0x0000000713700000| Untracked 
| 160|0x0000000713800000, 0x0000000713800000, 0x0000000713900000|  0%| F|  |TAMS 0x0000000713800000, 0x0000000713800000| Untracked 
| 161|0x0000000713900000, 0x0000000713900000, 0x0000000713a00000|  0%| F|  |TAMS 0x0000000713900000, 0x0000000713900000| Untracked 
| 162|0x0000000713a00000, 0x0000000713a00000, 0x0000000713b00000|  0%| F|  |TAMS 0x0000000713a00000, 0x0000000713a00000| Untracked 
| 163|0x0000000713b00000, 0x0000000713b00000, 0x0000000713c00000|  0%| F|  |TAMS 0x0000000713b00000, 0x0000000713b00000| Untracked 
| 164|0x0000000713c00000, 0x0000000713c00000, 0x0000000713d00000|  0%| F|  |TAMS 0x0000000713c00000, 0x0000000713c00000| Untracked 
| 165|0x0000000713d00000, 0x0000000713d00000, 0x0000000713e00000|  0%| F|  |TAMS 0x0000000713d00000, 0x0000000713d00000| Untracked 
| 166|0x0000000713e00000, 0x0000000713e00000, 0x0000000713f00000|  0%| F|  |TAMS 0x0000000713e00000, 0x0000000713e00000| Untracked 
| 167|0x0000000713f00000, 0x0000000713f00000, 0x0000000714000000|  0%| F|  |TAMS 0x0000000713f00000, 0x0000000713f00000| Untracked 
| 168|0x0000000714000000, 0x0000000714000000, 0x0000000714100000|  0%| F|  |TAMS 0x0000000714000000, 0x0000000714000000| Untracked 
| 169|0x0000000714100000, 0x0000000714100000, 0x0000000714200000|  0%| F|  |TAMS 0x0000000714100000, 0x0000000714100000| Untracked 
| 170|0x0000000714200000, 0x0000000714200000, 0x0000000714300000|  0%| F|  |TAMS 0x0000000714200000, 0x0000000714200000| Untracked 
| 171|0x0000000714300000, 0x0000000714300000, 0x0000000714400000|  0%| F|  |TAMS 0x0000000714300000, 0x0000000714300000| Untracked 
| 172|0x0000000714400000, 0x0000000714400000, 0x0000000714500000|  0%| F|  |TAMS 0x0000000714400000, 0x0000000714400000| Untracked 
| 173|0x0000000714500000, 0x0000000714500000, 0x0000000714600000|  0%| F|  |TAMS 0x0000000714500000, 0x0000000714500000| Untracked 
| 174|0x0000000714600000, 0x0000000714600000, 0x0000000714700000|  0%| F|  |TAMS 0x0000000714600000, 0x0000000714600000| Untracked 
| 175|0x0000000714700000, 0x0000000714700000, 0x0000000714800000|  0%| F|  |TAMS 0x0000000714700000, 0x0000000714700000| Untracked 
| 176|0x0000000714800000, 0x0000000714800000, 0x0000000714900000|  0%| F|  |TAMS 0x0000000714800000, 0x0000000714800000| Untracked 
| 177|0x0000000714900000, 0x0000000714900000, 0x0000000714a00000|  0%| F|  |TAMS 0x0000000714900000, 0x0000000714900000| Untracked 
| 178|0x0000000714a00000, 0x0000000714a00000, 0x0000000714b00000|  0%| F|  |TAMS 0x0000000714a00000, 0x0000000714a00000| Untracked 
| 179|0x0000000714b00000, 0x0000000714b00000, 0x0000000714c00000|  0%| F|  |TAMS 0x0000000714b00000, 0x0000000714b00000| Untracked 
| 180|0x0000000714c00000, 0x0000000714c00000, 0x0000000714d00000|  0%| F|  |TAMS 0x0000000714c00000, 0x0000000714c00000| Untracked 
| 181|0x0000000714d00000, 0x0000000714d00000, 0x0000000714e00000|  0%| F|  |TAMS 0x0000000714d00000, 0x0000000714d00000| Untracked 
| 182|0x0000000714e00000, 0x0000000714e00000, 0x0000000714f00000|  0%| F|  |TAMS 0x0000000714e00000, 0x0000000714e00000| Untracked 
| 183|0x0000000714f00000, 0x0000000714f419e0, 0x0000000715000000| 25%| S|CS|TAMS 0x0000000714f00000, 0x0000000714f00000| Complete 
| 184|0x0000000715000000, 0x0000000715100000, 0x0000000715100000|100%| S|CS|TAMS 0x0000000715000000, 0x0000000715000000| Complete 
| 185|0x0000000715100000, 0x0000000715200000, 0x0000000715200000|100%| S|CS|TAMS 0x0000000715100000, 0x0000000715100000| Complete 
| 186|0x0000000715200000, 0x0000000715200000, 0x0000000715300000|  0%| F|  |TAMS 0x0000000715200000, 0x0000000715200000| Untracked 
| 187|0x0000000715300000, 0x0000000715300000, 0x0000000715400000|  0%| F|  |TAMS 0x0000000715300000, 0x0000000715300000| Untracked 
| 188|0x0000000715400000, 0x0000000715400000, 0x0000000715500000|  0%| F|  |TAMS 0x0000000715400000, 0x0000000715400000| Untracked 
| 189|0x0000000715500000, 0x0000000715500000, 0x0000000715600000|  0%| F|  |TAMS 0x0000000715500000, 0x0000000715500000| Untracked 
| 190|0x0000000715600000, 0x0000000715600000, 0x0000000715700000|  0%| F|  |TAMS 0x0000000715600000, 0x0000000715600000| Untracked 
| 191|0x0000000715700000, 0x0000000715700000, 0x0000000715800000|  0%| F|  |TAMS 0x0000000715700000, 0x0000000715700000| Untracked 
| 192|0x0000000715800000, 0x0000000715800000, 0x0000000715900000|  0%| F|  |TAMS 0x0000000715800000, 0x0000000715800000| Untracked 
| 193|0x0000000715900000, 0x0000000715900000, 0x0000000715a00000|  0%| F|  |TAMS 0x0000000715900000, 0x0000000715900000| Untracked 
| 194|0x0000000715a00000, 0x0000000715a00000, 0x0000000715b00000|  0%| F|  |TAMS 0x0000000715a00000, 0x0000000715a00000| Untracked 
| 195|0x0000000715b00000, 0x0000000715b00000, 0x0000000715c00000|  0%| F|  |TAMS 0x0000000715b00000, 0x0000000715b00000| Untracked 
| 196|0x0000000715c00000, 0x0000000715c00000, 0x0000000715d00000|  0%| F|  |TAMS 0x0000000715c00000, 0x0000000715c00000| Untracked 
| 197|0x0000000715d00000, 0x0000000715d00000, 0x0000000715e00000|  0%| F|  |TAMS 0x0000000715d00000, 0x0000000715d00000| Untracked 
| 198|0x0000000715e00000, 0x0000000715e00000, 0x0000000715f00000|  0%| F|  |TAMS 0x0000000715e00000, 0x0000000715e00000| Untracked 
| 199|0x0000000715f00000, 0x0000000715f00000, 0x0000000716000000|  0%| F|  |TAMS 0x0000000715f00000, 0x0000000715f00000| Untracked 
| 200|0x0000000716000000, 0x0000000716000000, 0x0000000716100000|  0%| F|  |TAMS 0x0000000716000000, 0x0000000716000000| Untracked 
| 201|0x0000000716100000, 0x0000000716100000, 0x0000000716200000|  0%| F|  |TAMS 0x0000000716100000, 0x0000000716100000| Untracked 
| 202|0x0000000716200000, 0x0000000716200000, 0x0000000716300000|  0%| F|  |TAMS 0x0000000716200000, 0x0000000716200000| Untracked 
| 203|0x0000000716300000, 0x0000000716300000, 0x0000000716400000|  0%| F|  |TAMS 0x0000000716300000, 0x0000000716300000| Untracked 
| 204|0x0000000716400000, 0x0000000716400000, 0x0000000716500000|  0%| F|  |TAMS 0x0000000716400000, 0x0000000716400000| Untracked 
| 205|0x0000000716500000, 0x0000000716500000, 0x0000000716600000|  0%| F|  |TAMS 0x0000000716500000, 0x0000000716500000| Untracked 
| 206|0x0000000716600000, 0x0000000716600000, 0x0000000716700000|  0%| F|  |TAMS 0x0000000716600000, 0x0000000716600000| Untracked 
| 207|0x0000000716700000, 0x0000000716700000, 0x0000000716800000|  0%| F|  |TAMS 0x0000000716700000, 0x0000000716700000| Untracked 
| 208|0x0000000716800000, 0x0000000716800000, 0x0000000716900000|  0%| F|  |TAMS 0x0000000716800000, 0x0000000716800000| Untracked 
| 209|0x0000000716900000, 0x0000000716900000, 0x0000000716a00000|  0%| F|  |TAMS 0x0000000716900000, 0x0000000716900000| Untracked 
| 210|0x0000000716a00000, 0x0000000716a00000, 0x0000000716b00000|  0%| F|  |TAMS 0x0000000716a00000, 0x0000000716a00000| Untracked 
| 211|0x0000000716b00000, 0x0000000716b00000, 0x0000000716c00000|  0%| F|  |TAMS 0x0000000716b00000, 0x0000000716b00000| Untracked 
| 212|0x0000000716c00000, 0x0000000716c00000, 0x0000000716d00000|  0%| F|  |TAMS 0x0000000716c00000, 0x0000000716c00000| Untracked 
| 213|0x0000000716d00000, 0x0000000716d00000, 0x0000000716e00000|  0%| F|  |TAMS 0x0000000716d00000, 0x0000000716d00000| Untracked 
| 214|0x0000000716e00000, 0x0000000716e00000, 0x0000000716f00000|  0%| F|  |TAMS 0x0000000716e00000, 0x0000000716e00000| Untracked 
| 215|0x0000000716f00000, 0x0000000716f00000, 0x0000000717000000|  0%| F|  |TAMS 0x0000000716f00000, 0x0000000716f00000| Untracked 
| 216|0x0000000717000000, 0x0000000717000000, 0x0000000717100000|  0%| F|  |TAMS 0x0000000717000000, 0x0000000717000000| Untracked 
| 217|0x0000000717100000, 0x0000000717100000, 0x0000000717200000|  0%| F|  |TAMS 0x0000000717100000, 0x0000000717100000| Untracked 
| 218|0x0000000717200000, 0x0000000717200000, 0x0000000717300000|  0%| F|  |TAMS 0x0000000717200000, 0x0000000717200000| Untracked 
| 219|0x0000000717300000, 0x0000000717300000, 0x0000000717400000|  0%| F|  |TAMS 0x0000000717300000, 0x0000000717300000| Untracked 
| 220|0x0000000717400000, 0x0000000717400000, 0x0000000717500000|  0%| F|  |TAMS 0x0000000717400000, 0x0000000717400000| Untracked 
| 221|0x0000000717500000, 0x0000000717500000, 0x0000000717600000|  0%| F|  |TAMS 0x0000000717500000, 0x0000000717500000| Untracked 
| 222|0x0000000717600000, 0x0000000717600000, 0x0000000717700000|  0%| F|  |TAMS 0x0000000717600000, 0x0000000717600000| Untracked 
| 223|0x0000000717700000, 0x0000000717700000, 0x0000000717800000|  0%| F|  |TAMS 0x0000000717700000, 0x0000000717700000| Untracked 
| 224|0x0000000717800000, 0x0000000717800000, 0x0000000717900000|  0%| F|  |TAMS 0x0000000717800000, 0x0000000717800000| Untracked 
| 225|0x0000000717900000, 0x0000000717900000, 0x0000000717a00000|  0%| F|  |TAMS 0x0000000717900000, 0x0000000717900000| Untracked 
| 226|0x0000000717a00000, 0x0000000717a00000, 0x0000000717b00000|  0%| F|  |TAMS 0x0000000717a00000, 0x0000000717a00000| Untracked 
| 227|0x0000000717b00000, 0x0000000717b00000, 0x0000000717c00000|  0%| F|  |TAMS 0x0000000717b00000, 0x0000000717b00000| Untracked 
| 228|0x0000000717c00000, 0x0000000717c00000, 0x0000000717d00000|  0%| F|  |TAMS 0x0000000717c00000, 0x0000000717c00000| Untracked 
| 229|0x0000000717d00000, 0x0000000717d00000, 0x0000000717e00000|  0%| F|  |TAMS 0x0000000717d00000, 0x0000000717d00000| Untracked 
| 230|0x0000000717e00000, 0x0000000717e00000, 0x0000000717f00000|  0%| F|  |TAMS 0x0000000717e00000, 0x0000000717e00000| Untracked 
| 231|0x0000000717f00000, 0x0000000717f00000, 0x0000000718000000|  0%| F|  |TAMS 0x0000000717f00000, 0x0000000717f00000| Untracked 
| 232|0x0000000718000000, 0x0000000718000000, 0x0000000718100000|  0%| F|  |TAMS 0x0000000718000000, 0x0000000718000000| Untracked 
| 233|0x0000000718100000, 0x0000000718100000, 0x0000000718200000|  0%| F|  |TAMS 0x0000000718100000, 0x0000000718100000| Untracked 
| 234|0x0000000718200000, 0x0000000718200000, 0x0000000718300000|  0%| F|  |TAMS 0x0000000718200000, 0x0000000718200000| Untracked 
| 235|0x0000000718300000, 0x0000000718300000, 0x0000000718400000|  0%| F|  |TAMS 0x0000000718300000, 0x0000000718300000| Untracked 
| 236|0x0000000718400000, 0x0000000718400000, 0x0000000718500000|  0%| F|  |TAMS 0x0000000718400000, 0x0000000718400000| Untracked 
| 237|0x0000000718500000, 0x0000000718500000, 0x0000000718600000|  0%| F|  |TAMS 0x0000000718500000, 0x0000000718500000| Untracked 
| 238|0x0000000718600000, 0x0000000718600000, 0x0000000718700000|  0%| F|  |TAMS 0x0000000718600000, 0x0000000718600000| Untracked 
| 239|0x0000000718700000, 0x0000000718700000, 0x0000000718800000|  0%| F|  |TAMS 0x0000000718700000, 0x0000000718700000| Untracked 
| 240|0x0000000718800000, 0x0000000718800000, 0x0000000718900000|  0%| F|  |TAMS 0x0000000718800000, 0x0000000718800000| Untracked 
| 241|0x0000000718900000, 0x0000000718900000, 0x0000000718a00000|  0%| F|  |TAMS 0x0000000718900000, 0x0000000718900000| Untracked 
| 242|0x0000000718a00000, 0x0000000718a00000, 0x0000000718b00000|  0%| F|  |TAMS 0x0000000718a00000, 0x0000000718a00000| Untracked 
| 243|0x0000000718b00000, 0x0000000718b00000, 0x0000000718c00000|  0%| F|  |TAMS 0x0000000718b00000, 0x0000000718b00000| Untracked 
| 244|0x0000000718c00000, 0x0000000718c00000, 0x0000000718d00000|  0%| F|  |TAMS 0x0000000718c00000, 0x0000000718c00000| Untracked 
| 245|0x0000000718d00000, 0x0000000718d00000, 0x0000000718e00000|  0%| F|  |TAMS 0x0000000718d00000, 0x0000000718d00000| Untracked 
| 246|0x0000000718e00000, 0x0000000718e00000, 0x0000000718f00000|  0%| F|  |TAMS 0x0000000718e00000, 0x0000000718e00000| Untracked 
| 247|0x0000000718f00000, 0x0000000718f00000, 0x0000000719000000|  0%| F|  |TAMS 0x0000000718f00000, 0x0000000718f00000| Untracked 

Card table byte_map: [0x0000017aba930000,0x0000017abb0f0000] _byte_map_base: 0x0000017ab70e4000

Marking Bits (Prev, Next): (CMBitMap*) 0x0000017aa35adbb0, (CMBitMap*) 0x0000017aa35adb78
 Prev Bits: [0x0000017abf650000, 0x0000017ac33f0000)
 Next Bits: [0x0000017abb8b0000, 0x0000017abf650000)

Polling page: 0x0000017aa14f0000

Metaspace:

Usage:
  Non-class:     31.08 MB capacity,    30.75 MB ( 99%) used,   272.73 KB ( <1%) free+waste,    63.31 KB ( <1%) overhead. 
      Class:      3.80 MB capacity,     3.54 MB ( 93%) used,   232.79 KB (  6%) free+waste,    27.31 KB ( <1%) overhead. 
       Both:     34.88 MB capacity,    34.29 MB ( 98%) used,   505.52 KB (  1%) free+waste,    90.62 KB ( <1%) overhead. 

Virtual space:
  Non-class space:       32.00 MB reserved,      31.12 MB ( 97%) committed 
      Class space:        1.00 GB reserved,       3.88 MB ( <1%) committed 
             Both:        1.03 GB reserved,      35.00 MB (  3%) committed 

Chunk freelists:
   Non-Class:  6.00 KB
       Class:  2.00 KB
        Both:  8.00 KB

CodeHeap 'non-profiled nmethods': size=120000Kb used=1490Kb max_used=1490Kb free=118509Kb
 bounds [0x0000017ab26f0000, 0x0000017ab2960000, 0x0000017ab9c20000]
CodeHeap 'profiled nmethods': size=120000Kb used=7226Kb max_used=7226Kb free=112773Kb
 bounds [0x0000017aab1c0000, 0x0000017aab8d0000, 0x0000017ab26f0000]
CodeHeap 'non-nmethods': size=5760Kb used=1196Kb max_used=1204Kb free=4563Kb
 bounds [0x0000017aaac20000, 0x0000017aaae90000, 0x0000017aab1c0000]
 total_blobs=3689 nmethods=3142 adapters=458
 compilation: enabled
              stopped_count=0, restarted_count=0
 full_count=0

Compilation events (10 events):
Event: 1.859 Thread 0x0000017ac6a9d000 3183       3       java.lang.invoke.LambdaForm::<init> (115 bytes)
Event: 1.860 Thread 0x0000017ac6a9d000 nmethod 3183 0x0000017aab8cda90 code [0x0000017aab8cdca0, 0x0000017aab8ce368]
Event: 1.860 Thread 0x0000017ac6a9d000 3184       3       java.lang.invoke.LambdaForm::fixResult (31 bytes)
Event: 1.860 Thread 0x0000017ac6a9d000 nmethod 3184 0x0000017aab8ce590 code [0x0000017aab8ce740, 0x0000017aab8ce918]
Event: 1.863 Thread 0x0000017ac727a000 nmethod 3172 0x0000017ab2862b10 code [0x0000017ab2862cc0, 0x0000017ab2863af8]
Event: 1.863 Thread 0x0000017ac727a000 3186       4       java.lang.invoke.LambdaForm$Name::useCount (42 bytes)
Event: 1.864 Thread 0x0000017ac727a000 nmethod 3186 0x0000017ab2864210 code [0x0000017ab2864380, 0x0000017ab2864478]
Event: 1.865 Thread 0x0000017ac727a000 3185       4       java.lang.invoke.LambdaForm$Name::lastUseIndex (36 bytes)
Event: 1.866 Thread 0x0000017ac727a000 nmethod 3185 0x0000017ab2864590 code [0x0000017ab2864700, 0x0000017ab2864838]
Event: 1.866 Thread 0x0000017ac727a000 3180       4       jdk.internal.org.objectweb.asm.Frame::execute (2264 bytes)

GC Heap History (9 events):
Event: 0.665 GC heap before
{Heap before GC invocations=0 (full 0):
 garbage-first heap   total 253952K, used 24576K [0x0000000709800000, 0x0000000800000000)
  region size 1024K, 24 young (24576K), 0 survivors (0K)
 Metaspace       used 13864K, capacity 14178K, committed 14208K, reserved 1062912K
  class space    used 1303K, capacity 1384K, committed 1408K, reserved 1048576K
}
Event: 0.670 GC heap after
{Heap after GC invocations=1 (full 0):
 garbage-first heap   total 253952K, used 8985K [0x0000000709800000, 0x0000000800000000)
  region size 1024K, 3 young (3072K), 3 survivors (3072K)
 Metaspace       used 13864K, capacity 14178K, committed 14208K, reserved 1062912K
  class space    used 1303K, capacity 1384K, committed 1408K, reserved 1048576K
}
Event: 1.020 GC heap before
{Heap before GC invocations=1 (full 0):
 garbage-first heap   total 253952K, used 51993K [0x0000000709800000, 0x0000000800000000)
  region size 1024K, 45 young (46080K), 3 survivors (3072K)
 Metaspace       used 19541K, capacity 19834K, committed 20096K, reserved 1067008K
  class space    used 1948K, capacity 2052K, committed 2176K, reserved 1048576K
}
Event: 1.025 GC heap after
{Heap after GC invocations=2 (full 0):
 garbage-first heap   total 253952K, used 15064K [0x0000000709800000, 0x0000000800000000)
  region size 1024K, 6 young (6144K), 6 survivors (6144K)
 Metaspace       used 19541K, capacity 19834K, committed 20096K, reserved 1067008K
  class space    used 1948K, capacity 2052K, committed 2176K, reserved 1048576K
}
Event: 1.115 GC heap before
{Heap before GC invocations=2 (full 0):
 garbage-first heap   total 253952K, used 24280K [0x0000000709800000, 0x0000000800000000)
  region size 1024K, 16 young (16384K), 6 survivors (6144K)
 Metaspace       used 20921K, capacity 21158K, committed 21248K, reserved 1069056K
  class space    used 2117K, capacity 2216K, committed 2304K, reserved 1048576K
}
Event: 1.120 GC heap after
{Heap after GC invocations=3 (full 0):
 garbage-first heap   total 253952K, used 16431K [0x0000000709800000, 0x0000000800000000)
  region size 1024K, 5 young (5120K), 5 survivors (5120K)
 Metaspace       used 20921K, capacity 21158K, committed 21248K, reserved 1069056K
  class space    used 2117K, capacity 2216K, committed 2304K, reserved 1048576K
}
Event: 1.336 GC heap before
{Heap before GC invocations=4 (full 0):
 garbage-first heap   total 253952K, used 50223K [0x0000000709800000, 0x0000000800000000)
  region size 1024K, 39 young (39936K), 5 survivors (5120K)
 Metaspace       used 23942K, capacity 24357K, committed 24704K, reserved 1071104K
  class space    used 2417K, capacity 2568K, committed 2688K, reserved 1048576K
}
Event: 1.340 GC heap after
{Heap after GC invocations=5 (full 0):
 garbage-first heap   total 253952K, used 25559K [0x0000000709800000, 0x0000000800000000)
  region size 1024K, 5 young (5120K), 5 survivors (5120K)
 Metaspace       used 23942K, capacity 24357K, committed 24704K, reserved 1071104K
  class space    used 2417K, capacity 2568K, committed 2688K, reserved 1048576K
}
Event: 1.872 GC heap before
{Heap before GC invocations=5 (full 0):
 garbage-first heap   total 253952K, used 82903K [0x0000000709800000, 0x0000000800000000)
  region size 1024K, 62 young (63488K), 5 survivors (5120K)
 Metaspace       used 35115K, capacity 35712K, committed 35840K, reserved 1081344K
  class space    used 3627K, capacity 3888K, committed 3968K, reserved 1048576K
}

Deoptimization events (10 events):
Event: 1.210 Thread 0x0000017ac843b800 Uncommon trap: reason=class_check action=maybe_recompile pc=0x0000017ab27b3454 method=org.antlr.runtime.CommonToken.getText()Ljava/lang/String; @ 25 c2
Event: 1.210 Thread 0x0000017ac9429800 Uncommon trap: reason=class_check action=maybe_recompile pc=0x0000017ab27bf814 method=org.antlr.runtime.CommonToken.getText()Ljava/lang/String; @ 25 c2
Event: 1.220 Thread 0x0000017ac942a000 Uncommon trap: reason=unstable_if action=reinterpret pc=0x0000017ab276750c method=java.lang.Integer.equals(Ljava/lang/Object;)Z @ 18 c2
Event: 1.323 Thread 0x0000017ac843b800 Uncommon trap: reason=unstable_if action=reinterpret pc=0x0000017ab27d5418 method=java.util.regex.Matcher.search(I)Z @ 30 c2
Event: 1.540 Thread 0x0000017aa3550800 Uncommon trap: reason=bimorphic_or_optimized_type_check action=maybe_recompile pc=0x0000017ab27f2248 method=java.net.URL.<init>(Ljava/net/URL;Ljava/lang/String;Ljava/net/URLStreamHandler;)V @ 504 c2
Event: 1.563 Thread 0x0000017aa3550800 Uncommon trap: reason=bimorphic_or_optimized_type_check action=maybe_recompile pc=0x0000017ab27f2248 method=java.net.URL.<init>(Ljava/net/URL;Ljava/lang/String;Ljava/net/URLStreamHandler;)V @ 504 c2
Event: 1.564 Thread 0x0000017aa3550800 Uncommon trap: reason=bimorphic_or_optimized_type_check action=maybe_recompile pc=0x0000017ab27f2248 method=java.net.URL.<init>(Ljava/net/URL;Ljava/lang/String;Ljava/net/URLStreamHandler;)V @ 504 c2
Event: 1.566 Thread 0x0000017aa3550800 Uncommon trap: reason=bimorphic_or_optimized_type_check action=maybe_recompile pc=0x0000017ab27f2248 method=java.net.URL.<init>(Ljava/net/URL;Ljava/lang/String;Ljava/net/URLStreamHandler;)V @ 504 c2
Event: 1.635 Thread 0x0000017aa3550800 Uncommon trap: reason=unstable_if action=reinterpret pc=0x0000017ab28211f8 method=org.eclipse.jdt.core.compiler.CharOperation.hashCode([C)I @ 4 c2
Event: 1.708 Thread 0x0000017aa3550800 Uncommon trap: reason=unstable_if action=reinterpret pc=0x0000017ab27c45e8 method=java.lang.StringLatin1.regionMatchesCI([BI[BII)Z @ 66 c2

Classes redefined (0 events):
No events

Internal exceptions (10 events):
Event: 1.660 Thread 0x0000017aa3550800 Exception <a 'java/lang/NoSuchMethodError'{0x00000007162be6f8}: java.lang.invoke.DelegatingMethodHandle$Holder.reinvoke_L(Ljava/lang/Object;IILjava/lang/Object;Ljava/lang/Object;Ljava/lang/Object;Ljava/lang/Object;)Ljava/lang/Object;> (0x00000007162be6f8)
Event: 1.660 Thread 0x0000017aa3550800 Exception <a 'java/lang/NoSuchMethodError'{0x00000007162cd0a8}: java.lang.invoke.DirectMethodHandle$Holder.invokeStatic(Ljava/lang/Object;Ljava/lang/Object;Ljava/lang/Object;Ljava/lang/Object;Ljava/lang/Object;Ljava/lang/Object;I)Ljava/lang/Object;> (0x00
Event: 1.665 Thread 0x0000017aa3550800 Exception <a 'java/io/FileNotFoundException'{0x00000007161587e8}> (0x00000007161587e8) thrown at [./open/src/hotspot/share/prims/jni.cpp, line 611]
Event: 1.672 Thread 0x0000017aa3550800 Exception <a 'java/lang/NoSuchMethodError'{0x0000000716017810}: java.lang.invoke.DirectMethodHandle$Holder.invokeStatic(Ljava/lang/Object;Ljava/lang/Object;Ljava/lang/Object;Ljava/lang/Object;Ljava/lang/Object;Ljava/lang/Object;Ljava/lang/Object;Ljava/lan
Event: 1.673 Thread 0x0000017aa3550800 Exception <a 'java/lang/NoSuchMethodError'{0x00000007160354e8}: java.lang.invoke.DirectMethodHandle$Holder.invokeStatic(Ljava/lang/Object;Ljava/lang/Object;Ljava/lang/Object;Ljava/lang/Object;Ljava/lang/Object;Ljava/lang/Object;Ljava/lang/Object;Ljava/lan
Event: 1.674 Thread 0x0000017aa3550800 Exception <a 'java/lang/NoSuchMethodError'{0x0000000716054270}: java.lang.invoke.DirectMethodHandle$Holder.invokeStatic(Ljava/lang/Object;Ljava/lang/Object;Ljava/lang/Object;Ljava/lang/Object;Ljava/lang/Object;Ljava/lang/Object;Ljava/lang/Object;Ljava/lan
Event: 1.675 Thread 0x0000017aa3550800 Exception <a 'java/lang/NoSuchMethodError'{0x0000000716074680}: java.lang.invoke.DirectMethodHandle$Holder.invokeStatic(Ljava/lang/Object;Ljava/lang/Object;Ljava/lang/Object;Ljava/lang/Object;Ljava/lang/Object;Ljava/lang/Object;Ljava/lang/Object;Ljava/lan
Event: 1.855 Thread 0x0000017aa3550800 Exception <a 'java/lang/ClassNotFoundException'{0x000000071524f960}: sun/awt/resources/spi/awtProvider> (0x000000071524f960) thrown at [./open/src/hotspot/share/classfile/systemDictionary.cpp, line 226]
Event: 1.861 Thread 0x0000017aa3550800 Exception <a 'java/io/FileNotFoundException'{0x000000071528f038}> (0x000000071528f038) thrown at [./open/src/hotspot/share/prims/jni.cpp, line 611]
Event: 1.861 Thread 0x0000017aa3550800 Exception <a 'java/io/FileNotFoundException'{0x0000000715292c20}> (0x0000000715292c20) thrown at [./open/src/hotspot/share/prims/jni.cpp, line 611]

Events (10 events):
Event: 1.871 loading class javax/swing/JComponent$2
Event: 1.871 loading class javax/swing/JComponent$2 done
Event: 1.871 loading class java/awt/FlowLayout
Event: 1.871 loading class java/awt/FlowLayout done
Event: 1.871 loading class java/awt/ComponentOrientation
Event: 1.872 loading class java/awt/ComponentOrientation done
Event: 1.872 loading class java/awt/Component$3
Event: 1.872 loading class java/awt/Component$3 done
Event: 1.872 loading class java/awt/Graphics
Event: 1.872 Executing VM operation: CollectForMetadataAllocation


Dynamic libraries:
0x00007ff784240000 - 0x00007ff784250000 	C:\Program Files\Java\jdk-11\bin\javaw.exe
0x00007ffcff0f0000 - 0x00007ffcff307000 	C:\WINDOWS\SYSTEM32\ntdll.dll
0x00007ffcfe7f0000 - 0x00007ffcfe8b4000 	C:\WINDOWS\System32\KERNEL32.DLL
0x00007ffcfc750000 - 0x00007ffcfcb0a000 	C:\WINDOWS\System32\KERNELBASE.dll
0x00007ffcfc5b0000 - 0x00007ffcfc6c1000 	C:\WINDOWS\System32\ucrtbase.dll
0x00007ffcea480000 - 0x00007ffcea49b000 	C:\Program Files\Java\jdk-11\bin\VCRUNTIME140.dll
0x00007ffce79e0000 - 0x00007ffce79f9000 	C:\Program Files\Java\jdk-11\bin\jli.dll
0x00007ffcfd3c0000 - 0x00007ffcfd472000 	C:\WINDOWS\System32\ADVAPI32.dll
0x00007ffcfd570000 - 0x00007ffcfd617000 	C:\WINDOWS\System32\msvcrt.dll
0x00007ffcfeee0000 - 0x00007ffcfef87000 	C:\WINDOWS\System32\sechost.dll
0x00007ffcfcdc0000 - 0x00007ffcfcde8000 	C:\WINDOWS\System32\bcrypt.dll
0x00007ffcfef90000 - 0x00007ffcff0a4000 	C:\WINDOWS\System32\RPCRT4.dll
0x00007ffcfeb20000 - 0x00007ffcfecce000 	C:\WINDOWS\System32\USER32.dll
0x00007ffcfc3c0000 - 0x00007ffcfc3e6000 	C:\WINDOWS\System32\win32u.dll
0x00007ffcfdc50000 - 0x00007ffcfdc79000 	C:\WINDOWS\System32\GDI32.dll
0x00007ffcfc3f0000 - 0x00007ffcfc50b000 	C:\WINDOWS\System32\gdi32full.dll
0x00007ffce5810000 - 0x00007ffce5aa2000 	C:\WINDOWS\WinSxS\amd64_microsoft.windows.common-controls_6595b64144ccf1df_6.0.22621.4541_none_2710d1c57384c085\COMCTL32.dll
0x00007ffcfc510000 - 0x00007ffcfc5aa000 	C:\WINDOWS\System32\msvcp_win.dll
0x00007ffcf7ad0000 - 0x00007ffcf7ada000 	C:\WINDOWS\SYSTEM32\VERSION.dll
0x00007ffcfecd0000 - 0x00007ffcfed01000 	C:\WINDOWS\System32\IMM32.DLL
0x00007ffcf9f20000 - 0x00007ffcf9f2c000 	C:\Program Files\Java\jdk-11\bin\vcruntime140_1.dll
0x00007ffce7440000 - 0x00007ffce74ce000 	C:\Program Files\Java\jdk-11\bin\msvcp140.dll
0x00007ffc048d0000 - 0x00007ffc0543d000 	C:\Program Files\Java\jdk-11\bin\server\jvm.dll
0x00007ffcfeed0000 - 0x00007ffcfeed8000 	C:\WINDOWS\System32\PSAPI.DLL
0x00007ffcf63c0000 - 0x00007ffcf63c9000 	C:\WINDOWS\SYSTEM32\WSOCK32.dll
0x00007ffcf6a30000 - 0x00007ffcf6a64000 	C:\WINDOWS\SYSTEM32\WINMM.dll
0x00007ffcfde80000 - 0x00007ffcfdef1000 	C:\WINDOWS\System32\WS2_32.dll
0x00007ffcfb4b0000 - 0x00007ffcfb4c8000 	C:\WINDOWS\SYSTEM32\kernel.appcore.dll
0x00007ffcf9a70000 - 0x00007ffcf9a80000 	C:\Program Files\Java\jdk-11\bin\verify.dll
0x00007ffcf9b40000 - 0x00007ffcf9d72000 	C:\WINDOWS\SYSTEM32\DBGHELP.DLL
0x00007ffcfcfb0000 - 0x00007ffcfd33f000 	C:\WINDOWS\System32\combase.dll
0x00007ffcfd480000 - 0x00007ffcfd557000 	C:\WINDOWS\System32\OLEAUT32.dll
0x00007ffcf1d30000 - 0x00007ffcf1d62000 	C:\WINDOWS\SYSTEM32\dbgcore.DLL
0x00007ffcfcd40000 - 0x00007ffcfcdbb000 	C:\WINDOWS\System32\bcryptPrimitives.dll
0x00007ffce71c0000 - 0x00007ffce71e8000 	C:\Program Files\Java\jdk-11\bin\java.dll
0x00007ffcf4bd0000 - 0x00007ffcf4bda000 	C:\Program Files\Java\jdk-11\bin\jimage.dll
0x00007ffce75f0000 - 0x00007ffce7607000 	C:\Program Files\Java\jdk-11\bin\zip.dll
0x00007ffcfdf70000 - 0x00007ffcfe7e8000 	C:\WINDOWS\System32\SHELL32.dll
0x00007ffcfa2c0000 - 0x00007ffcfabc8000 	C:\WINDOWS\SYSTEM32\windows.storage.dll
0x00007ffcfa180000 - 0x00007ffcfa2bf000 	C:\WINDOWS\SYSTEM32\wintypes.dll
0x00007ffcfd640000 - 0x00007ffcfd73a000 	C:\WINDOWS\System32\SHCORE.dll
0x00007ffcfe910000 - 0x00007ffcfe96e000 	C:\WINDOWS\System32\shlwapi.dll
0x00007ffcfc2f0000 - 0x00007ffcfc31b000 	C:\WINDOWS\SYSTEM32\profapi.dll
0x00007ffce7420000 - 0x00007ffce7439000 	C:\Program Files\Java\jdk-11\bin\net.dll
0x00007ffcf7fd0000 - 0x00007ffcf8106000 	C:\WINDOWS\SYSTEM32\WINHTTP.dll
0x00007ffcfb930000 - 0x00007ffcfb999000 	C:\WINDOWS\system32\mswsock.dll
0x00007ffce72d0000 - 0x00007ffce72e2000 	C:\Program Files\Java\jdk-11\bin\nio.dll
0x00007ffcfbb60000 - 0x00007ffcfbb7b000 	C:\WINDOWS\SYSTEM32\CRYPTSP.dll
0x00007ffcfb410000 - 0x00007ffcfb445000 	C:\WINDOWS\system32\rsaenh.dll
0x00007ffcfb9d0000 - 0x00007ffcfb9f8000 	C:\WINDOWS\SYSTEM32\USERENV.dll
0x00007ffcfbb50000 - 0x00007ffcfbb5c000 	C:\WINDOWS\SYSTEM32\CRYPTBASE.dll
0x00007ffcfaea0000 - 0x00007ffcfaecd000 	C:\WINDOWS\SYSTEM32\IPHLPAPI.DLL
0x00007ffcfde70000 - 0x00007ffcfde79000 	C:\WINDOWS\System32\NSI.dll
0x00007ffcf7ae0000 - 0x00007ffcf7af9000 	C:\WINDOWS\SYSTEM32\dhcpcsvc6.DLL
0x00007ffcf76f0000 - 0x00007ffcf770f000 	C:\WINDOWS\SYSTEM32\dhcpcsvc.DLL
0x00007ffcfaed0000 - 0x00007ffcfafd2000 	C:\WINDOWS\SYSTEM32\DNSAPI.dll
0x00007ffcf4b60000 - 0x00007ffcf4b69000 	C:\Program Files\Java\jdk-11\bin\management.dll
0x00007ffcd79c0000 - 0x00007ffcd7b43000 	C:\Program Files\Java\jdk-11\bin\awt.dll
0x00007ffcf5960000 - 0x00007ffcf59f7000 	C:\WINDOWS\SYSTEM32\apphelp.dll

dbghelp: loaded successfully - version: 4.0.5 - missing functions: none
symbol engine: initialized successfully - sym options: 0x614 - pdb path: .;C:\Program Files\Java\jdk-11\bin;C:\WINDOWS\SYSTEM32;C:\WINDOWS\WinSxS\amd64_microsoft.windows.common-controls_6595b64144ccf1df_6.0.22621.4541_none_2710d1c57384c085;C:\Program Files\Java\jdk-11\bin\server

VM Arguments:
jvm_args: -Dfile.encoding=UTF-8 
java_command: com.sample.DroolsTest
java_class_path (initial): C:\Users\hkere\eclipse-workspaces\drools\DROOLS-WhatRaceShouldIPlay\target\classes;C:\Users\hkere\eclipse-workspaces\drools-distribution-7.3.0.Final\binaries\activation-1.1.1.jar;C:\Users\hkere\eclipse-workspaces\drools-distribution-7.3.0.Final\binaries\aether-api-1.0.2.v20150114.jar;C:\Users\hkere\eclipse-workspaces\drools-distribution-7.3.0.Final\binaries\aether-connector-basic-1.0.2.v20150114.jar;C:\Users\hkere\eclipse-workspaces\drools-distribution-7.3.0.Final\binaries\aether-impl-1.0.2.v20150114.jar;C:\Users\hkere\eclipse-workspaces\drools-distribution-7.3.0.Final\binaries\aether-spi-1.0.2.v20150114.jar;C:\Users\hkere\eclipse-workspaces\drools-distribution-7.3.0.Final\binaries\aether-transport-file-1.0.2.v20150114.jar;C:\Users\hkere\eclipse-workspaces\drools-distribution-7.3.0.Final\binaries\aether-transport-http-1.0.2.v20150114.jar;C:\Users\hkere\eclipse-workspaces\drools-distribution-7.3.0.Final\binaries\aether-transport-wagon-1.0.2.v20150114.jar;C:\Users\hkere\eclipse-workspaces\drools-distribution-7.3.0.Final\binaries\aether-util-1.0.2.v20150114.jar;C:\Users\hkere\eclipse-workspaces\drools-distribution-7.3.0.Final\binaries\ant-1.8.4.jar;C:\Users\hkere\eclipse-workspaces\drools-distribution-7.3.0.Final\binaries\ant-launcher-1.8.4.jar;C:\Users\hkere\eclipse-workspaces\drools-distribution-7.3.0.Final\binaries\antlr-runtime-3.5.2.jar;C:\Users\hkere\eclipse-workspaces\drools-distribution-7.3.0.Final\binaries\aopalliance-1.0.jar;C:\Users\hkere\eclipse-workspaces\drools-distribution-7.3.0.Final\binaries\cdi-api-1.2.jar;C:\Users\hkere\eclipse-workspaces\drools-distribution-7.3.0.Final\binaries\commons-codec-1.10.jar;C:\Users\hkere\eclipse-workspaces\drools-distribution-7.3.0.Final\binaries\commons-collections4-4.1.jar;C:\Users\hkere\eclipse-workspaces\drools-distribution-7.3.0.Final\binaries\commons-lang-2.6.jar;C:\Users\hkere\eclipse-workspaces\drools-distribution-7.3.0.Final\binaries\commons-lang3-3.4.jar;C:\Users\hkere\eclipse-worksp
Launcher Type: SUN_STANDARD

[Global flags]
     intx CICompilerCount                          = 4                                         {product} {ergonomic}
     uint ConcGCThreads                            = 3                                         {product} {ergonomic}
     uint G1ConcRefinementThreads                  = 10                                        {product} {ergonomic}
   size_t G1HeapRegionSize                         = 1048576                                   {product} {ergonomic}
    uintx GCDrainStackTargetSize                   = 64                                        {product} {ergonomic}
   size_t InitialHeapSize                          = 260046848                                 {product} {ergonomic}
   size_t MarkStackSize                            = 4194304                                   {product} {ergonomic}
   size_t MaxHeapSize                              = 4135583744                                {product} {ergonomic}
   size_t MaxNewSize                               = 2480930816                                {product} {ergonomic}
   size_t MinHeapDeltaBytes                        = 1048576                                   {product} {ergonomic}
    uintx NonNMethodCodeHeapSize                   = 5836300                                {pd product} {ergonomic}
    uintx NonProfiledCodeHeapSize                  = 122910970                              {pd product} {ergonomic}
    uintx ProfiledCodeHeapSize                     = 122910970                              {pd product} {ergonomic}
    uintx ReservedCodeCacheSize                    = 251658240                              {pd product} {ergonomic}
     bool SegmentedCodeCache                       = true                                      {product} {ergonomic}
     bool UseCompressedClassPointers               = true                                 {lp64_product} {ergonomic}
     bool UseCompressedOops                        = true                                 {lp64_product} {ergonomic}
     bool UseG1GC                                  = true                                      {product} {ergonomic}
     bool UseLargePagesIndividualAllocation        = false                                  {pd product} {ergonomic}

Logging:
Log output configuration:
 #0: stdout all=warning uptime,level,tags
 #1: stderr all=off uptime,level,tags

Environment Variables:
JAVA_HOME=C:\Program Files\Java\jdk-21
JRE_HOME=C:\Program Files\Java\jre-1.8
PATH=C:/Program Files/eclipse//plugins/org.eclipse.justj.openjdk.hotspot.jre.full.win32.x86_64_16.0.2.v20210721-1149/jre/bin/server;C:/Program Files/eclipse//plugins/org.eclipse.justj.openjdk.hotspot.jre.full.win32.x86_64_16.0.2.v20210721-1149/jre/bin;C:\Program Files\Common Files\Oracle\Java\javapath;C:\Program Files (x86)\Common Files\Oracle\Java\java8path;C:\Program Files (x86)\Common Files\Oracle\Java\javapath;C:\Windows\system32;C:\Windows;C:\Windows\System32\Wbem;C:\Windows\System32\WindowsPowerShell\v1.0\;C:\Windows\System32\OpenSSH\;C:\Program Files (x86)\NVIDIA Corporation\PhysX\Common;C:\Program Files\NVIDIA Corporation\NVIDIA NvDLISR;C:\WINDOWS\system32;C:\WINDOWS;C:\WINDOWS\System32\Wbem;C:\WINDOWS\System32\WindowsPowerShell\v1.0\;C:\WINDOWS\System32\OpenSSH\;C:\Program Files\PuTTY\;C:\Program Files\Java\jdk-21\bin;C:\Program Files\Microsoft SQL Server\150\Tools\Binn\;C:\Program Files\Microsoft SQL Server\Client SDK\ODBC\170\Tools\Binn\;C:\Program Files\dotnet\;C:\Program Files (x86)\Windows Kits\10\Windows Performance Toolkit\;C:\Program Files\CMake\bin;C:\Program Files\Git\cmd;C:\buildTool\apache-ant-1.10.15\bin;C:\Program Files\Calibre2\;C:\buildTool\apache-maven-3.9.9\bin;C:\Program Files\PowerShell\7\;C:\Program Files\PowerShell\7-preview\preview;ers\hkere\AppData\Local\Packages\PythonSoftwareFoundation.Python.3.12_qbz5n2kfra8p0\LocalCache\local-packages\Python312\Scripts;;C:\ProgramData\chocolatey\bin;C:\Users\hkere\AppData\Local\Microsoft\WindowsApps;C:\Users\hkere\AppData\Local\JetBrains\Toolbox\scripts;C:\Users\hkere\AppData\Local\Programs\MiKTeX\miktex\bin\x64\;C:\Users\hkere\.dotnet\tools;C:\buildTool\apache-ant-1.10.15;C:\Program Files\Java\jdk-21\bin;C:\buildTool\apache-maven-3.9.9\bin;C:\buildTool\apache-maven-3.9.9;C:\Users\hkere\AppData\Local\GitHubDesktop\bin;;C:\Program Files\eclipse;
USERNAME=hkere
OS=Windows_NT
PROCESSOR_IDENTIFIER=AMD64 Family 25 Model 80 Stepping 0, AuthenticAMD



---------------  S Y S T E M  ---------------

OS: Windows 11 , 64 bit Build 22621 (10.0.22621.4391)
Hyper-V role detected

CPU:total 12 (initial active 12) (12 cores per cpu, 2 threads per core) family 25 model 80 stepping 0 microcode 0x0, cmov, cx8, fxsr, mmx, sse, sse2, sse3, ssse3, sse4.1, sse4.2, popcnt, avx, avx2, aes, clmul, erms, mmxext, 3dnowpref, lzcnt, sse4a, ht, tsc, tscinvbit, tscinv, bmi1, bmi2,

Memory: 4k page, system-wide physical 15775M (523M free)
TotalPageFile size 64927M (AvailPageFile size 16M)
current process WorkingSet (physical memory assigned to process): 217M, peak: 217M
current process commit charge ("private bytes"): 422M, peak: 472M

vm_info: Java HotSpot(TM) 64-Bit Server VM (11.0.21+9-LTS-193) for windows-amd64 JRE (11.0.21+9-LTS-193), built on Sep 13 2023 11:04:38 by "mach5one" with MS VC++ 17.1 (VS2022)

END.
