#
# There is insufficient memory for the Java Runtime Environment to continue.
# Native memory allocation (malloc) failed to allocate 1194016 bytes for Chunk::new
# Possible reasons:
#   The system is out of physical RAM or swap space
#   The process is running with CompressedOops enabled, and the Java Heap may be blocking the growth of the native heap
# Possible solutions:
#   Reduce memory load on the system
#   Increase physical memory or swap space
#   Check if swap backing store is full
#   Decrease Java heap size (-Xmx/-Xms)
#   Decrease number of Java threads
#   Decrease Java thread stack sizes (-Xss)
#   Set larger code cache with -XX:ReservedCodeCacheSize=
#   JVM is running with Zero Based Compressed Oops mode in which the Java heap is
#     placed in the first 32GB address space. The Java Heap base address is the
#     maximum limit for the native heap growth. Please use -XX:HeapBaseMinAddress
#     to set the Java Heap base and to place the Java Heap above 32GB virtual address.
# This output file may be truncated or incomplete.
#
#  Out of Memory Error (./open/src/hotspot/share/memory/arena.cpp:197), pid=44860, tid=45496
#
# JRE version: Java(TM) SE Runtime Environment 18.9 (11.0.21+9) (build 11.0.21+9-LTS-193)
# Java VM: Java HotSpot(TM) 64-Bit Server VM 18.9 (11.0.21+9-LTS-193, mixed mode, tiered, compressed oops, g1 gc, windows-amd64)
# No core dump will be written. Minidumps are not enabled by default on client versions of Windows
#

---------------  S U M M A R Y ------------

Command Line: -Dfile.encoding=UTF-8 com.sample.DroolsTest

Host: AMD Ryzen 5 5600H with Radeon Graphics         , 12 cores, 15G,  Windows 11 , 64 bit Build 22621 (10.0.22621.4391)
Time: Sun Dec 15 15:53:10 2024 Central European Standard Time elapsed time: 1.179353 seconds (0d 0h 0m 1s)

---------------  T H R E A D  ---------------

Current thread (0x000001ca093d4800):  JavaThread "C2 CompilerThread1" daemon [_thread_in_native, id=45496, stack(0x0000003e08300000,0x0000003e08400000)]


Current CompileTask:
C2:   1179 2096   !   4       jdk.internal.loader.URLClassPath$JarLoader::getResource (353 bytes)

Stack: [0x0000003e08300000,0x0000003e08400000]
Native frames: (J=compiled Java code, j=interpreted, Vv=VM code, C=native code)
V  [jvm.dll+0x66058a]
V  [jvm.dll+0x7a362f]
V  [jvm.dll+0x7a4cf9]
V  [jvm.dll+0x7a5393]
V  [jvm.dll+0x258f55]
V  [jvm.dll+0xb2a0c]
V  [jvm.dll+0xb2fcc]
V  [jvm.dll+0x2ca682]
V  [jvm.dll+0x56f76c]
V  [jvm.dll+0x21aae1]
V  [jvm.dll+0x2142c5]
V  [jvm.dll+0x210af4]
V  [jvm.dll+0x18cdb1]
V  [jvm.dll+0x220e99]
V  [jvm.dll+0x21f1bc]
V  [jvm.dll+0x7673c1]
V  [jvm.dll+0x75fc44]
V  [jvm.dll+0x65f435]
C  [ucrtbase.dll+0x29333]
C  [KERNEL32.DLL+0x1259d]
C  [ntdll.dll+0x5af38]


---------------  P R O C E S S  ---------------

Threads class SMR info:
_java_thread_list=0x000001ca0c5c9d50, length=23, elements={
0x000001ca65252000, 0x000001ca08803000, 0x000001ca0880c000, 0x000001ca0885f000,
0x000001ca08861000, 0x000001ca08863000, 0x000001ca0886e800, 0x000001ca08874000,
0x000001ca08876800, 0x000001ca089ee800, 0x000001ca093d4800, 0x000001ca098d1800,
0x000001ca0baa0800, 0x000001ca0a353000, 0x000001ca09d76800, 0x000001ca09b6e000,
0x000001ca09f4a800, 0x000001ca0b899000, 0x000001ca0b89a000, 0x000001ca09d51000,
0x000001ca09d52000, 0x000001ca0c597000, 0x000001ca0c597800
}

Java Threads: ( => current thread )
  0x000001ca65252000 JavaThread "main" [_thread_in_vm, id=43928, stack(0x0000003e07200000,0x0000003e07300000)]
  0x000001ca08803000 JavaThread "Reference Handler" daemon [_thread_blocked, id=41840, stack(0x0000003e07900000,0x0000003e07a00000)]
  0x000001ca0880c000 JavaThread "Finalizer" daemon [_thread_blocked, id=44180, stack(0x0000003e07a00000,0x0000003e07b00000)]
  0x000001ca0885f000 JavaThread "Signal Dispatcher" daemon [_thread_blocked, id=34420, stack(0x0000003e07b00000,0x0000003e07c00000)]
  0x000001ca08861000 JavaThread "Attach Listener" daemon [_thread_blocked, id=40468, stack(0x0000003e07c00000,0x0000003e07d00000)]
  0x000001ca08863000 JavaThread "Service Thread" daemon [_thread_blocked, id=44516, stack(0x0000003e07d00000,0x0000003e07e00000)]
  0x000001ca0886e800 JavaThread "C2 CompilerThread0" daemon [_thread_in_native, id=44328, stack(0x0000003e07e00000,0x0000003e07f00000)]
  0x000001ca08874000 JavaThread "C1 CompilerThread0" daemon [_thread_in_native, id=46528, stack(0x0000003e07f00000,0x0000003e08000000)]
  0x000001ca08876800 JavaThread "Sweeper thread" daemon [_thread_blocked, id=43352, stack(0x0000003e08000000,0x0000003e08100000)]
  0x000001ca089ee800 JavaThread "Common-Cleaner" daemon [_thread_blocked, id=20212, stack(0x0000003e08200000,0x0000003e08300000)]
=>0x000001ca093d4800 JavaThread "C2 CompilerThread1" daemon [_thread_in_native, id=45496, stack(0x0000003e08300000,0x0000003e08400000)]
  0x000001ca098d1800 JavaThread "C2 CompilerThread2" daemon [_thread_in_native, id=46668, stack(0x0000003e08400000,0x0000003e08500000)]
  0x000001ca0baa0800 JavaThread "ForkJoinPool.commonPool-worker-19" daemon [_thread_blocked, id=10816, stack(0x0000003e08d00000,0x0000003e08e00000)]
  0x000001ca0a353000 JavaThread "ForkJoinPool.commonPool-worker-5" daemon [_thread_blocked, id=38492, stack(0x0000003e08e00000,0x0000003e08f00000)]
  0x000001ca09d76800 JavaThread "ForkJoinPool.commonPool-worker-23" daemon [_thread_blocked, id=41872, stack(0x0000003e08f00000,0x0000003e09000000)]
  0x000001ca09b6e000 JavaThread "ForkJoinPool.commonPool-worker-9" daemon [_thread_blocked, id=29652, stack(0x0000003e09000000,0x0000003e09100000)]
  0x000001ca09f4a800 JavaThread "ForkJoinPool.commonPool-worker-27" daemon [_thread_blocked, id=30588, stack(0x0000003e09100000,0x0000003e09200000)]
  0x000001ca0b899000 JavaThread "ForkJoinPool.commonPool-worker-17" daemon [_thread_blocked, id=44352, stack(0x0000003e09200000,0x0000003e09300000)]
  0x000001ca0b89a000 JavaThread "ForkJoinPool.commonPool-worker-31" daemon [_thread_blocked, id=42324, stack(0x0000003e09300000,0x0000003e09400000)]
  0x000001ca09d51000 JavaThread "ForkJoinPool.commonPool-worker-7" daemon [_thread_in_vm, id=42156, stack(0x0000003e09400000,0x0000003e09500000)]
  0x000001ca09d52000 JavaThread "ForkJoinPool.commonPool-worker-13" daemon [_thread_blocked, id=21640, stack(0x0000003e09500000,0x0000003e09600000)]
  0x000001ca0c597000 JavaThread "ForkJoinPool.commonPool-worker-21" daemon [_thread_blocked, id=45192, stack(0x0000003e09600000,0x0000003e09700000)]
  0x000001ca0c597800 JavaThread "ForkJoinPool.commonPool-worker-3" daemon [_thread_blocked, id=46960, stack(0x0000003e09700000,0x0000003e09800000)]

Other Threads:
  0x000001ca07f5c000 VMThread "VM Thread" [stack: 0x0000003e07800000,0x0000003e07900000] [id=42168]
  0x000001ca089ee000 WatcherThread [stack: 0x0000003e08100000,0x0000003e08200000] [id=44740]
  0x000001ca65267800 GCTaskThread "GC Thread#0" [stack: 0x0000003e07300000,0x0000003e07400000] [id=46364]
  0x000001ca09389800 GCTaskThread "GC Thread#1" [stack: 0x0000003e08500000,0x0000003e08600000] [id=44060]
  0x000001ca0938a000 GCTaskThread "GC Thread#2" [stack: 0x0000003e08600000,0x0000003e08700000] [id=35528]
  0x000001ca09939800 GCTaskThread "GC Thread#3" [stack: 0x0000003e08700000,0x0000003e08800000] [id=46964]
  0x000001ca0993a800 GCTaskThread "GC Thread#4" [stack: 0x0000003e08800000,0x0000003e08900000] [id=45200]
  0x000001ca652c2800 ConcurrentGCThread "G1 Main Marker" [stack: 0x0000003e07400000,0x0000003e07500000] [id=45448]
  0x000001ca652c5000 ConcurrentGCThread "G1 Conc#0" [stack: 0x0000003e07500000,0x0000003e07600000] [id=43552]
  0x000001ca0c34c800 ConcurrentGCThread "G1 Conc#1" [stack: 0x0000003e08b00000,0x0000003e08c00000] [id=43628]
  0x000001ca0bd3e000 ConcurrentGCThread "G1 Conc#2" [stack: 0x0000003e08c00000,0x0000003e08d00000] [id=45484]
  0x000001ca07e31800 ConcurrentGCThread "G1 Refine#0" [stack: 0x0000003e07600000,0x0000003e07700000] [id=44444]
  0x000001ca08ac5000 ConcurrentGCThread "G1 Refine#1" [stack: 0x0000003e08900000,0x0000003e08a00000] [id=34344]
  0x000001ca091fc000 ConcurrentGCThread "G1 Refine#2" [stack: 0x0000003e08a00000,0x0000003e08b00000] [id=45768]
  0x000001ca07e33800 ConcurrentGCThread "G1 Young RemSet Sampling" [stack: 0x0000003e07700000,0x0000003e07800000] [id=21836]

Threads with active compile tasks:
C2 CompilerThread0     1195 2164       4       jdk.internal.org.objectweb.asm.Type::getArgumentsAndReturnSizes (151 bytes)
C2 CompilerThread1     1195 2096   !   4       jdk.internal.loader.URLClassPath$JarLoader::getResource (353 bytes)
C2 CompilerThread2     1195 2101   !   4       java.net.URL::<init> (543 bytes)

VM state:not at safepoint (normal execution)

VM Mutex/Monitor currently owned by a thread: None

Heap address: 0x0000000709800000, size: 3944 MB, Compressed Oops mode: Zero based, Oop shift amount: 3
Narrow klass base: 0x0000000800000000, Narrow klass shift: 0
Compressed class space size: 1073741824 Address: 0x0000000800000000

Heap:
 garbage-first heap   total 253952K, used 29618K [0x0000000709800000, 0x0000000800000000)
  region size 1024K, 19 young (19456K), 4 survivors (4096K)
 Metaspace       used 22756K, capacity 23133K, committed 23296K, reserved 1071104K
  class space    used 2326K, capacity 2492K, committed 2560K, reserved 1048576K
Heap Regions: E=young(eden), S=young(survivor), O=old, HS=humongous(starts), HC=humongous(continues), CS=collection set, F=free, A=archive, TAMS=top-at-mark-start (previous, next)
|   0|0x0000000709800000, 0x0000000709900000, 0x0000000709900000|100%|HS|  |TAMS 0x0000000709900000, 0x0000000709800000| Complete 
|   1|0x0000000709900000, 0x0000000709a00000, 0x0000000709a00000|100%| O|  |TAMS 0x0000000709a00000, 0x0000000709900000| Untracked 
|   2|0x0000000709a00000, 0x0000000709b00000, 0x0000000709b00000|100%| O|  |TAMS 0x0000000709b00000, 0x0000000709a00000| Untracked 
|   3|0x0000000709b00000, 0x0000000709c00000, 0x0000000709c00000|100%| O|  |TAMS 0x0000000709c00000, 0x0000000709b00000| Untracked 
|   4|0x0000000709c00000, 0x0000000709d00000, 0x0000000709d00000|100%| O|  |TAMS 0x0000000709d00000, 0x0000000709c00000| Untracked 
|   5|0x0000000709d00000, 0x0000000709e00000, 0x0000000709e00000|100%| O|  |TAMS 0x0000000709e00000, 0x0000000709d00000| Untracked 
|   6|0x0000000709e00000, 0x0000000709f00000, 0x0000000709f00000|100%| O|  |TAMS 0x0000000709f00000, 0x0000000709e00000| Untracked 
|   7|0x0000000709f00000, 0x000000070a000000, 0x000000070a000000|100%| O|  |TAMS 0x000000070a000000, 0x0000000709f00000| Untracked 
|   8|0x000000070a000000, 0x000000070a100000, 0x000000070a100000|100%| O|  |TAMS 0x000000070a100000, 0x000000070a000000| Untracked 
|   9|0x000000070a100000, 0x000000070a200000, 0x000000070a200000|100%| O|  |TAMS 0x000000070a200000, 0x000000070a100000| Untracked 
|  10|0x000000070a200000, 0x000000070a300000, 0x000000070a300000|100%| O|  |TAMS 0x000000070a300000, 0x000000070a200000| Untracked 
|  11|0x000000070a300000, 0x000000070a341c08, 0x000000070a400000| 25%| O|  |TAMS 0x000000070a341c08, 0x000000070a300000| Untracked 
|  12|0x000000070a400000, 0x000000070a400000, 0x000000070a500000|  0%| F|  |TAMS 0x000000070a400000, 0x000000070a400000| Untracked 
|  13|0x000000070a500000, 0x000000070a500000, 0x000000070a600000|  0%| F|  |TAMS 0x000000070a500000, 0x000000070a500000| Untracked 
|  14|0x000000070a600000, 0x000000070a600000, 0x000000070a700000|  0%| F|  |TAMS 0x000000070a600000, 0x000000070a600000| Untracked 
|  15|0x000000070a700000, 0x000000070a700000, 0x000000070a800000|  0%| F|  |TAMS 0x000000070a700000, 0x000000070a700000| Untracked 
|  16|0x000000070a800000, 0x000000070a800000, 0x000000070a900000|  0%| F|  |TAMS 0x000000070a800000, 0x000000070a800000| Untracked 
|  17|0x000000070a900000, 0x000000070a900000, 0x000000070aa00000|  0%| F|  |TAMS 0x000000070a900000, 0x000000070a900000| Untracked 
|  18|0x000000070aa00000, 0x000000070aa00000, 0x000000070ab00000|  0%| F|  |TAMS 0x000000070aa00000, 0x000000070aa00000| Untracked 
|  19|0x000000070ab00000, 0x000000070ab00000, 0x000000070ac00000|  0%| F|  |TAMS 0x000000070ab00000, 0x000000070ab00000| Untracked 
|  20|0x000000070ac00000, 0x000000070ac00000, 0x000000070ad00000|  0%| F|  |TAMS 0x000000070ac00000, 0x000000070ac00000| Untracked 
|  21|0x000000070ad00000, 0x000000070ad00000, 0x000000070ae00000|  0%| F|  |TAMS 0x000000070ad00000, 0x000000070ad00000| Untracked 
|  22|0x000000070ae00000, 0x000000070ae00000, 0x000000070af00000|  0%| F|  |TAMS 0x000000070ae00000, 0x000000070ae00000| Untracked 
|  23|0x000000070af00000, 0x000000070af00000, 0x000000070b000000|  0%| F|  |TAMS 0x000000070af00000, 0x000000070af00000| Untracked 
|  24|0x000000070b000000, 0x000000070b000000, 0x000000070b100000|  0%| F|  |TAMS 0x000000070b000000, 0x000000070b000000| Untracked 
|  25|0x000000070b100000, 0x000000070b100000, 0x000000070b200000|  0%| F|  |TAMS 0x000000070b100000, 0x000000070b100000| Untracked 
|  26|0x000000070b200000, 0x000000070b200000, 0x000000070b300000|  0%| F|  |TAMS 0x000000070b200000, 0x000000070b200000| Untracked 
|  27|0x000000070b300000, 0x000000070b300000, 0x000000070b400000|  0%| F|  |TAMS 0x000000070b300000, 0x000000070b300000| Untracked 
|  28|0x000000070b400000, 0x000000070b400000, 0x000000070b500000|  0%| F|  |TAMS 0x000000070b400000, 0x000000070b400000| Untracked 
|  29|0x000000070b500000, 0x000000070b500000, 0x000000070b600000|  0%| F|  |TAMS 0x000000070b500000, 0x000000070b500000| Untracked 
|  30|0x000000070b600000, 0x000000070b600000, 0x000000070b700000|  0%| F|  |TAMS 0x000000070b600000, 0x000000070b600000| Untracked 
|  31|0x000000070b700000, 0x000000070b700000, 0x000000070b800000|  0%| F|  |TAMS 0x000000070b700000, 0x000000070b700000| Untracked 
|  32|0x000000070b800000, 0x000000070b800000, 0x000000070b900000|  0%| F|  |TAMS 0x000000070b800000, 0x000000070b800000| Untracked 
|  33|0x000000070b900000, 0x000000070b900000, 0x000000070ba00000|  0%| F|  |TAMS 0x000000070b900000, 0x000000070b900000| Untracked 
|  34|0x000000070ba00000, 0x000000070ba00000, 0x000000070bb00000|  0%| F|  |TAMS 0x000000070ba00000, 0x000000070ba00000| Untracked 
|  35|0x000000070bb00000, 0x000000070bb00000, 0x000000070bc00000|  0%| F|  |TAMS 0x000000070bb00000, 0x000000070bb00000| Untracked 
|  36|0x000000070bc00000, 0x000000070bc00000, 0x000000070bd00000|  0%| F|  |TAMS 0x000000070bc00000, 0x000000070bc00000| Untracked 
|  37|0x000000070bd00000, 0x000000070bd00000, 0x000000070be00000|  0%| F|  |TAMS 0x000000070bd00000, 0x000000070bd00000| Untracked 
|  38|0x000000070be00000, 0x000000070be00000, 0x000000070bf00000|  0%| F|  |TAMS 0x000000070be00000, 0x000000070be00000| Untracked 
|  39|0x000000070bf00000, 0x000000070bf00000, 0x000000070c000000|  0%| F|  |TAMS 0x000000070bf00000, 0x000000070bf00000| Untracked 
|  40|0x000000070c000000, 0x000000070c000000, 0x000000070c100000|  0%| F|  |TAMS 0x000000070c000000, 0x000000070c000000| Untracked 
|  41|0x000000070c100000, 0x000000070c100000, 0x000000070c200000|  0%| F|  |TAMS 0x000000070c100000, 0x000000070c100000| Untracked 
|  42|0x000000070c200000, 0x000000070c200000, 0x000000070c300000|  0%| F|  |TAMS 0x000000070c200000, 0x000000070c200000| Untracked 
|  43|0x000000070c300000, 0x000000070c300000, 0x000000070c400000|  0%| F|  |TAMS 0x000000070c300000, 0x000000070c300000| Untracked 
|  44|0x000000070c400000, 0x000000070c400000, 0x000000070c500000|  0%| F|  |TAMS 0x000000070c400000, 0x000000070c400000| Untracked 
|  45|0x000000070c500000, 0x000000070c500000, 0x000000070c600000|  0%| F|  |TAMS 0x000000070c500000, 0x000000070c500000| Untracked 
|  46|0x000000070c600000, 0x000000070c600000, 0x000000070c700000|  0%| F|  |TAMS 0x000000070c600000, 0x000000070c600000| Untracked 
|  47|0x000000070c700000, 0x000000070c700000, 0x000000070c800000|  0%| F|  |TAMS 0x000000070c700000, 0x000000070c700000| Untracked 
|  48|0x000000070c800000, 0x000000070c800000, 0x000000070c900000|  0%| F|  |TAMS 0x000000070c800000, 0x000000070c800000| Untracked 
|  49|0x000000070c900000, 0x000000070c900000, 0x000000070ca00000|  0%| F|  |TAMS 0x000000070c900000, 0x000000070c900000| Untracked 
|  50|0x000000070ca00000, 0x000000070ca00000, 0x000000070cb00000|  0%| F|  |TAMS 0x000000070ca00000, 0x000000070ca00000| Untracked 
|  51|0x000000070cb00000, 0x000000070cb00000, 0x000000070cc00000|  0%| F|  |TAMS 0x000000070cb00000, 0x000000070cb00000| Untracked 
|  52|0x000000070cc00000, 0x000000070cc00000, 0x000000070cd00000|  0%| F|  |TAMS 0x000000070cc00000, 0x000000070cc00000| Untracked 
|  53|0x000000070cd00000, 0x000000070cd00000, 0x000000070ce00000|  0%| F|  |TAMS 0x000000070cd00000, 0x000000070cd00000| Untracked 
|  54|0x000000070ce00000, 0x000000070ce00000, 0x000000070cf00000|  0%| F|  |TAMS 0x000000070ce00000, 0x000000070ce00000| Untracked 
|  55|0x000000070cf00000, 0x000000070cf00000, 0x000000070d000000|  0%| F|  |TAMS 0x000000070cf00000, 0x000000070cf00000| Untracked 
|  56|0x000000070d000000, 0x000000070d000000, 0x000000070d100000|  0%| F|  |TAMS 0x000000070d000000, 0x000000070d000000| Untracked 
|  57|0x000000070d100000, 0x000000070d100000, 0x000000070d200000|  0%| F|  |TAMS 0x000000070d100000, 0x000000070d100000| Untracked 
|  58|0x000000070d200000, 0x000000070d200000, 0x000000070d300000|  0%| F|  |TAMS 0x000000070d200000, 0x000000070d200000| Untracked 
|  59|0x000000070d300000, 0x000000070d300000, 0x000000070d400000|  0%| F|  |TAMS 0x000000070d300000, 0x000000070d300000| Untracked 
|  60|0x000000070d400000, 0x000000070d400000, 0x000000070d500000|  0%| F|  |TAMS 0x000000070d400000, 0x000000070d400000| Untracked 
|  61|0x000000070d500000, 0x000000070d500000, 0x000000070d600000|  0%| F|  |TAMS 0x000000070d500000, 0x000000070d500000| Untracked 
|  62|0x000000070d600000, 0x000000070d600000, 0x000000070d700000|  0%| F|  |TAMS 0x000000070d600000, 0x000000070d600000| Untracked 
|  63|0x000000070d700000, 0x000000070d700000, 0x000000070d800000|  0%| F|  |TAMS 0x000000070d700000, 0x000000070d700000| Untracked 
|  64|0x000000070d800000, 0x000000070d800000, 0x000000070d900000|  0%| F|  |TAMS 0x000000070d800000, 0x000000070d800000| Untracked 
|  65|0x000000070d900000, 0x000000070d900000, 0x000000070da00000|  0%| F|  |TAMS 0x000000070d900000, 0x000000070d900000| Untracked 
|  66|0x000000070da00000, 0x000000070da00000, 0x000000070db00000|  0%| F|  |TAMS 0x000000070da00000, 0x000000070da00000| Untracked 
|  67|0x000000070db00000, 0x000000070db00000, 0x000000070dc00000|  0%| F|  |TAMS 0x000000070db00000, 0x000000070db00000| Untracked 
|  68|0x000000070dc00000, 0x000000070dc00000, 0x000000070dd00000|  0%| F|  |TAMS 0x000000070dc00000, 0x000000070dc00000| Untracked 
|  69|0x000000070dd00000, 0x000000070dd00000, 0x000000070de00000|  0%| F|  |TAMS 0x000000070dd00000, 0x000000070dd00000| Untracked 
|  70|0x000000070de00000, 0x000000070de00000, 0x000000070df00000|  0%| F|  |TAMS 0x000000070de00000, 0x000000070de00000| Untracked 
|  71|0x000000070df00000, 0x000000070df00000, 0x000000070e000000|  0%| F|  |TAMS 0x000000070df00000, 0x000000070df00000| Untracked 
|  72|0x000000070e000000, 0x000000070e000000, 0x000000070e100000|  0%| F|  |TAMS 0x000000070e000000, 0x000000070e000000| Untracked 
|  73|0x000000070e100000, 0x000000070e100000, 0x000000070e200000|  0%| F|  |TAMS 0x000000070e100000, 0x000000070e100000| Untracked 
|  74|0x000000070e200000, 0x000000070e200000, 0x000000070e300000|  0%| F|  |TAMS 0x000000070e200000, 0x000000070e200000| Untracked 
|  75|0x000000070e300000, 0x000000070e300000, 0x000000070e400000|  0%| F|  |TAMS 0x000000070e300000, 0x000000070e300000| Untracked 
|  76|0x000000070e400000, 0x000000070e400000, 0x000000070e500000|  0%| F|  |TAMS 0x000000070e400000, 0x000000070e400000| Untracked 
|  77|0x000000070e500000, 0x000000070e500000, 0x000000070e600000|  0%| F|  |TAMS 0x000000070e500000, 0x000000070e500000| Untracked 
|  78|0x000000070e600000, 0x000000070e600000, 0x000000070e700000|  0%| F|  |TAMS 0x000000070e600000, 0x000000070e600000| Untracked 
|  79|0x000000070e700000, 0x000000070e700000, 0x000000070e800000|  0%| F|  |TAMS 0x000000070e700000, 0x000000070e700000| Untracked 
|  80|0x000000070e800000, 0x000000070e800000, 0x000000070e900000|  0%| F|  |TAMS 0x000000070e800000, 0x000000070e800000| Untracked 
|  81|0x000000070e900000, 0x000000070e900000, 0x000000070ea00000|  0%| F|  |TAMS 0x000000070e900000, 0x000000070e900000| Untracked 
|  82|0x000000070ea00000, 0x000000070ea00000, 0x000000070eb00000|  0%| F|  |TAMS 0x000000070ea00000, 0x000000070ea00000| Untracked 
|  83|0x000000070eb00000, 0x000000070eb00000, 0x000000070ec00000|  0%| F|  |TAMS 0x000000070eb00000, 0x000000070eb00000| Untracked 
|  84|0x000000070ec00000, 0x000000070ec00000, 0x000000070ed00000|  0%| F|  |TAMS 0x000000070ec00000, 0x000000070ec00000| Untracked 
|  85|0x000000070ed00000, 0x000000070ed00000, 0x000000070ee00000|  0%| F|  |TAMS 0x000000070ed00000, 0x000000070ed00000| Untracked 
|  86|0x000000070ee00000, 0x000000070ee00000, 0x000000070ef00000|  0%| F|  |TAMS 0x000000070ee00000, 0x000000070ee00000| Untracked 
|  87|0x000000070ef00000, 0x000000070ef00000, 0x000000070f000000|  0%| F|  |TAMS 0x000000070ef00000, 0x000000070ef00000| Untracked 
|  88|0x000000070f000000, 0x000000070f000000, 0x000000070f100000|  0%| F|  |TAMS 0x000000070f000000, 0x000000070f000000| Untracked 
|  89|0x000000070f100000, 0x000000070f100000, 0x000000070f200000|  0%| F|  |TAMS 0x000000070f100000, 0x000000070f100000| Untracked 
|  90|0x000000070f200000, 0x000000070f200000, 0x000000070f300000|  0%| F|  |TAMS 0x000000070f200000, 0x000000070f200000| Untracked 
|  91|0x000000070f300000, 0x000000070f300000, 0x000000070f400000|  0%| F|  |TAMS 0x000000070f300000, 0x000000070f300000| Untracked 
|  92|0x000000070f400000, 0x000000070f400000, 0x000000070f500000|  0%| F|  |TAMS 0x000000070f400000, 0x000000070f400000| Untracked 
|  93|0x000000070f500000, 0x000000070f500000, 0x000000070f600000|  0%| F|  |TAMS 0x000000070f500000, 0x000000070f500000| Untracked 
|  94|0x000000070f600000, 0x000000070f600000, 0x000000070f700000|  0%| F|  |TAMS 0x000000070f600000, 0x000000070f600000| Untracked 
|  95|0x000000070f700000, 0x000000070f700000, 0x000000070f800000|  0%| F|  |TAMS 0x000000070f700000, 0x000000070f700000| Untracked 
|  96|0x000000070f800000, 0x000000070f800000, 0x000000070f900000|  0%| F|  |TAMS 0x000000070f800000, 0x000000070f800000| Untracked 
|  97|0x000000070f900000, 0x000000070f900000, 0x000000070fa00000|  0%| F|  |TAMS 0x000000070f900000, 0x000000070f900000| Untracked 
|  98|0x000000070fa00000, 0x000000070fa00000, 0x000000070fb00000|  0%| F|  |TAMS 0x000000070fa00000, 0x000000070fa00000| Untracked 
|  99|0x000000070fb00000, 0x000000070fb00000, 0x000000070fc00000|  0%| F|  |TAMS 0x000000070fb00000, 0x000000070fb00000| Untracked 
| 100|0x000000070fc00000, 0x000000070fc00000, 0x000000070fd00000|  0%| F|  |TAMS 0x000000070fc00000, 0x000000070fc00000| Untracked 
| 101|0x000000070fd00000, 0x000000070fd00000, 0x000000070fe00000|  0%| F|  |TAMS 0x000000070fd00000, 0x000000070fd00000| Untracked 
| 102|0x000000070fe00000, 0x000000070fe00000, 0x000000070ff00000|  0%| F|  |TAMS 0x000000070fe00000, 0x000000070fe00000| Untracked 
| 103|0x000000070ff00000, 0x000000070ff00000, 0x0000000710000000|  0%| F|  |TAMS 0x000000070ff00000, 0x000000070ff00000| Untracked 
| 104|0x0000000710000000, 0x0000000710000000, 0x0000000710100000|  0%| F|  |TAMS 0x0000000710000000, 0x0000000710000000| Untracked 
| 105|0x0000000710100000, 0x0000000710100000, 0x0000000710200000|  0%| F|  |TAMS 0x0000000710100000, 0x0000000710100000| Untracked 
| 106|0x0000000710200000, 0x0000000710200000, 0x0000000710300000|  0%| F|  |TAMS 0x0000000710200000, 0x0000000710200000| Untracked 
| 107|0x0000000710300000, 0x0000000710300000, 0x0000000710400000|  0%| F|  |TAMS 0x0000000710300000, 0x0000000710300000| Untracked 
| 108|0x0000000710400000, 0x0000000710400000, 0x0000000710500000|  0%| F|  |TAMS 0x0000000710400000, 0x0000000710400000| Untracked 
| 109|0x0000000710500000, 0x0000000710500000, 0x0000000710600000|  0%| F|  |TAMS 0x0000000710500000, 0x0000000710500000| Untracked 
| 110|0x0000000710600000, 0x0000000710600000, 0x0000000710700000|  0%| F|  |TAMS 0x0000000710600000, 0x0000000710600000| Untracked 
| 111|0x0000000710700000, 0x0000000710700000, 0x0000000710800000|  0%| F|  |TAMS 0x0000000710700000, 0x0000000710700000| Untracked 
| 112|0x0000000710800000, 0x0000000710800000, 0x0000000710900000|  0%| F|  |TAMS 0x0000000710800000, 0x0000000710800000| Untracked 
| 113|0x0000000710900000, 0x0000000710900000, 0x0000000710a00000|  0%| F|  |TAMS 0x0000000710900000, 0x0000000710900000| Untracked 
| 114|0x0000000710a00000, 0x0000000710a00000, 0x0000000710b00000|  0%| F|  |TAMS 0x0000000710a00000, 0x0000000710a00000| Untracked 
| 115|0x0000000710b00000, 0x0000000710b00000, 0x0000000710c00000|  0%| F|  |TAMS 0x0000000710b00000, 0x0000000710b00000| Untracked 
| 116|0x0000000710c00000, 0x0000000710c00000, 0x0000000710d00000|  0%| F|  |TAMS 0x0000000710c00000, 0x0000000710c00000| Untracked 
| 117|0x0000000710d00000, 0x0000000710d00000, 0x0000000710e00000|  0%| F|  |TAMS 0x0000000710d00000, 0x0000000710d00000| Untracked 
| 118|0x0000000710e00000, 0x0000000710e00000, 0x0000000710f00000|  0%| F|  |TAMS 0x0000000710e00000, 0x0000000710e00000| Untracked 
| 119|0x0000000710f00000, 0x0000000710f00000, 0x0000000711000000|  0%| F|  |TAMS 0x0000000710f00000, 0x0000000710f00000| Untracked 
| 120|0x0000000711000000, 0x0000000711000000, 0x0000000711100000|  0%| F|  |TAMS 0x0000000711000000, 0x0000000711000000| Untracked 
| 121|0x0000000711100000, 0x0000000711100000, 0x0000000711200000|  0%| F|  |TAMS 0x0000000711100000, 0x0000000711100000| Untracked 
| 122|0x0000000711200000, 0x0000000711200000, 0x0000000711300000|  0%| F|  |TAMS 0x0000000711200000, 0x0000000711200000| Untracked 
| 123|0x0000000711300000, 0x0000000711300000, 0x0000000711400000|  0%| F|  |TAMS 0x0000000711300000, 0x0000000711300000| Untracked 
| 124|0x0000000711400000, 0x0000000711400000, 0x0000000711500000|  0%| F|  |TAMS 0x0000000711400000, 0x0000000711400000| Untracked 
| 125|0x0000000711500000, 0x0000000711500000, 0x0000000711600000|  0%| F|  |TAMS 0x0000000711500000, 0x0000000711500000| Untracked 
| 126|0x0000000711600000, 0x0000000711600000, 0x0000000711700000|  0%| F|  |TAMS 0x0000000711600000, 0x0000000711600000| Untracked 
| 127|0x0000000711700000, 0x0000000711700000, 0x0000000711800000|  0%| F|  |TAMS 0x0000000711700000, 0x0000000711700000| Untracked 
| 128|0x0000000711800000, 0x0000000711800000, 0x0000000711900000|  0%| F|  |TAMS 0x0000000711800000, 0x0000000711800000| Untracked 
| 129|0x0000000711900000, 0x0000000711900000, 0x0000000711a00000|  0%| F|  |TAMS 0x0000000711900000, 0x0000000711900000| Untracked 
| 130|0x0000000711a00000, 0x0000000711a00000, 0x0000000711b00000|  0%| F|  |TAMS 0x0000000711a00000, 0x0000000711a00000| Untracked 
| 131|0x0000000711b00000, 0x0000000711b00000, 0x0000000711c00000|  0%| F|  |TAMS 0x0000000711b00000, 0x0000000711b00000| Untracked 
| 132|0x0000000711c00000, 0x0000000711c00000, 0x0000000711d00000|  0%| F|  |TAMS 0x0000000711c00000, 0x0000000711c00000| Untracked 
| 133|0x0000000711d00000, 0x0000000711d00000, 0x0000000711e00000|  0%| F|  |TAMS 0x0000000711d00000, 0x0000000711d00000| Untracked 
| 134|0x0000000711e00000, 0x0000000711e00000, 0x0000000711f00000|  0%| F|  |TAMS 0x0000000711e00000, 0x0000000711e00000| Untracked 
| 135|0x0000000711f00000, 0x0000000711f00000, 0x0000000712000000|  0%| F|  |TAMS 0x0000000711f00000, 0x0000000711f00000| Untracked 
| 136|0x0000000712000000, 0x0000000712000000, 0x0000000712100000|  0%| F|  |TAMS 0x0000000712000000, 0x0000000712000000| Untracked 
| 137|0x0000000712100000, 0x0000000712100000, 0x0000000712200000|  0%| F|  |TAMS 0x0000000712100000, 0x0000000712100000| Untracked 
| 138|0x0000000712200000, 0x0000000712200000, 0x0000000712300000|  0%| F|  |TAMS 0x0000000712200000, 0x0000000712200000| Untracked 
| 139|0x0000000712300000, 0x0000000712300000, 0x0000000712400000|  0%| F|  |TAMS 0x0000000712300000, 0x0000000712300000| Untracked 
| 140|0x0000000712400000, 0x0000000712400000, 0x0000000712500000|  0%| F|  |TAMS 0x0000000712400000, 0x0000000712400000| Untracked 
| 141|0x0000000712500000, 0x0000000712500000, 0x0000000712600000|  0%| F|  |TAMS 0x0000000712500000, 0x0000000712500000| Untracked 
| 142|0x0000000712600000, 0x0000000712600000, 0x0000000712700000|  0%| F|  |TAMS 0x0000000712600000, 0x0000000712600000| Untracked 
| 143|0x0000000712700000, 0x0000000712700000, 0x0000000712800000|  0%| F|  |TAMS 0x0000000712700000, 0x0000000712700000| Untracked 
| 144|0x0000000712800000, 0x0000000712800000, 0x0000000712900000|  0%| F|  |TAMS 0x0000000712800000, 0x0000000712800000| Untracked 
| 145|0x0000000712900000, 0x0000000712900000, 0x0000000712a00000|  0%| F|  |TAMS 0x0000000712900000, 0x0000000712900000| Untracked 
| 146|0x0000000712a00000, 0x0000000712a00000, 0x0000000712b00000|  0%| F|  |TAMS 0x0000000712a00000, 0x0000000712a00000| Untracked 
| 147|0x0000000712b00000, 0x0000000712b00000, 0x0000000712c00000|  0%| F|  |TAMS 0x0000000712b00000, 0x0000000712b00000| Untracked 
| 148|0x0000000712c00000, 0x0000000712c00000, 0x0000000712d00000|  0%| F|  |TAMS 0x0000000712c00000, 0x0000000712c00000| Untracked 
| 149|0x0000000712d00000, 0x0000000712d00000, 0x0000000712e00000|  0%| F|  |TAMS 0x0000000712d00000, 0x0000000712d00000| Untracked 
| 150|0x0000000712e00000, 0x0000000712e00000, 0x0000000712f00000|  0%| F|  |TAMS 0x0000000712e00000, 0x0000000712e00000| Untracked 
| 151|0x0000000712f00000, 0x0000000712f00000, 0x0000000713000000|  0%| F|  |TAMS 0x0000000712f00000, 0x0000000712f00000| Untracked 
| 152|0x0000000713000000, 0x0000000713000000, 0x0000000713100000|  0%| F|  |TAMS 0x0000000713000000, 0x0000000713000000| Untracked 
| 153|0x0000000713100000, 0x0000000713100000, 0x0000000713200000|  0%| F|  |TAMS 0x0000000713100000, 0x0000000713100000| Untracked 
| 154|0x0000000713200000, 0x0000000713200000, 0x0000000713300000|  0%| F|  |TAMS 0x0000000713200000, 0x0000000713200000| Untracked 
| 155|0x0000000713300000, 0x0000000713300000, 0x0000000713400000|  0%| F|  |TAMS 0x0000000713300000, 0x0000000713300000| Untracked 
| 156|0x0000000713400000, 0x0000000713400000, 0x0000000713500000|  0%| F|  |TAMS 0x0000000713400000, 0x0000000713400000| Untracked 
| 157|0x0000000713500000, 0x0000000713500000, 0x0000000713600000|  0%| F|  |TAMS 0x0000000713500000, 0x0000000713500000| Untracked 
| 158|0x0000000713600000, 0x0000000713600000, 0x0000000713700000|  0%| F|  |TAMS 0x0000000713600000, 0x0000000713600000| Untracked 
| 159|0x0000000713700000, 0x0000000713700000, 0x0000000713800000|  0%| F|  |TAMS 0x0000000713700000, 0x0000000713700000| Untracked 
| 160|0x0000000713800000, 0x0000000713800000, 0x0000000713900000|  0%| F|  |TAMS 0x0000000713800000, 0x0000000713800000| Untracked 
| 161|0x0000000713900000, 0x0000000713900000, 0x0000000713a00000|  0%| F|  |TAMS 0x0000000713900000, 0x0000000713900000| Untracked 
| 162|0x0000000713a00000, 0x0000000713a00000, 0x0000000713b00000|  0%| F|  |TAMS 0x0000000713a00000, 0x0000000713a00000| Untracked 
| 163|0x0000000713b00000, 0x0000000713b00000, 0x0000000713c00000|  0%| F|  |TAMS 0x0000000713b00000, 0x0000000713b00000| Untracked 
| 164|0x0000000713c00000, 0x0000000713c00000, 0x0000000713d00000|  0%| F|  |TAMS 0x0000000713c00000, 0x0000000713c00000| Untracked 
| 165|0x0000000713d00000, 0x0000000713d00000, 0x0000000713e00000|  0%| F|  |TAMS 0x0000000713d00000, 0x0000000713d00000| Untracked 
| 166|0x0000000713e00000, 0x0000000713e00000, 0x0000000713f00000|  0%| F|  |TAMS 0x0000000713e00000, 0x0000000713e00000| Untracked 
| 167|0x0000000713f00000, 0x0000000713f00000, 0x0000000714000000|  0%| F|  |TAMS 0x0000000713f00000, 0x0000000713f00000| Untracked 
| 168|0x0000000714000000, 0x0000000714000000, 0x0000000714100000|  0%| F|  |TAMS 0x0000000714000000, 0x0000000714000000| Untracked 
| 169|0x0000000714100000, 0x0000000714100000, 0x0000000714200000|  0%| F|  |TAMS 0x0000000714100000, 0x0000000714100000| Untracked 
| 170|0x0000000714200000, 0x0000000714200000, 0x0000000714300000|  0%| F|  |TAMS 0x0000000714200000, 0x0000000714200000| Untracked 
| 171|0x0000000714300000, 0x0000000714300000, 0x0000000714400000|  0%| F|  |TAMS 0x0000000714300000, 0x0000000714300000| Untracked 
| 172|0x0000000714400000, 0x0000000714400000, 0x0000000714500000|  0%| F|  |TAMS 0x0000000714400000, 0x0000000714400000| Untracked 
| 173|0x0000000714500000, 0x0000000714500000, 0x0000000714600000|  0%| F|  |TAMS 0x0000000714500000, 0x0000000714500000| Untracked 
| 174|0x0000000714600000, 0x0000000714600000, 0x0000000714700000|  0%| F|  |TAMS 0x0000000714600000, 0x0000000714600000| Untracked 
| 175|0x0000000714700000, 0x0000000714700000, 0x0000000714800000|  0%| F|  |TAMS 0x0000000714700000, 0x0000000714700000| Untracked 
| 176|0x0000000714800000, 0x0000000714800000, 0x0000000714900000|  0%| F|  |TAMS 0x0000000714800000, 0x0000000714800000| Untracked 
| 177|0x0000000714900000, 0x0000000714900000, 0x0000000714a00000|  0%| F|  |TAMS 0x0000000714900000, 0x0000000714900000| Untracked 
| 178|0x0000000714a00000, 0x0000000714a00000, 0x0000000714b00000|  0%| F|  |TAMS 0x0000000714a00000, 0x0000000714a00000| Untracked 
| 179|0x0000000714b00000, 0x0000000714b00000, 0x0000000714c00000|  0%| F|  |TAMS 0x0000000714b00000, 0x0000000714b00000| Untracked 
| 180|0x0000000714c00000, 0x0000000714c00000, 0x0000000714d00000|  0%| F|  |TAMS 0x0000000714c00000, 0x0000000714c00000| Untracked 
| 181|0x0000000714d00000, 0x0000000714d00000, 0x0000000714e00000|  0%| F|  |TAMS 0x0000000714d00000, 0x0000000714d00000| Untracked 
| 182|0x0000000714e00000, 0x0000000714e00000, 0x0000000714f00000|  0%| F|  |TAMS 0x0000000714e00000, 0x0000000714e00000| Untracked 
| 183|0x0000000714f00000, 0x0000000714f00000, 0x0000000715000000|  0%| F|  |TAMS 0x0000000714f00000, 0x0000000714f00000| Untracked 
| 184|0x0000000715000000, 0x0000000715000000, 0x0000000715100000|  0%| F|  |TAMS 0x0000000715000000, 0x0000000715000000| Untracked 
| 185|0x0000000715100000, 0x0000000715100000, 0x0000000715200000|  0%| F|  |TAMS 0x0000000715100000, 0x0000000715100000| Untracked 
| 186|0x0000000715200000, 0x0000000715200000, 0x0000000715300000|  0%| F|  |TAMS 0x0000000715200000, 0x0000000715200000| Untracked 
| 187|0x0000000715300000, 0x0000000715300000, 0x0000000715400000|  0%| F|  |TAMS 0x0000000715300000, 0x0000000715300000| Untracked 
| 188|0x0000000715400000, 0x0000000715400000, 0x0000000715500000|  0%| F|  |TAMS 0x0000000715400000, 0x0000000715400000| Untracked 
| 189|0x0000000715500000, 0x0000000715500000, 0x0000000715600000|  0%| F|  |TAMS 0x0000000715500000, 0x0000000715500000| Untracked 
| 190|0x0000000715600000, 0x0000000715600000, 0x0000000715700000|  0%| F|  |TAMS 0x0000000715600000, 0x0000000715600000| Untracked 
| 191|0x0000000715700000, 0x0000000715700000, 0x0000000715800000|  0%| F|  |TAMS 0x0000000715700000, 0x0000000715700000| Untracked 
| 192|0x0000000715800000, 0x0000000715800000, 0x0000000715900000|  0%| F|  |TAMS 0x0000000715800000, 0x0000000715800000| Untracked 
| 193|0x0000000715900000, 0x0000000715900000, 0x0000000715a00000|  0%| F|  |TAMS 0x0000000715900000, 0x0000000715900000| Untracked 
| 194|0x0000000715a00000, 0x0000000715a00000, 0x0000000715b00000|  0%| F|  |TAMS 0x0000000715a00000, 0x0000000715a00000| Untracked 
| 195|0x0000000715b00000, 0x0000000715b00000, 0x0000000715c00000|  0%| F|  |TAMS 0x0000000715b00000, 0x0000000715b00000| Untracked 
| 196|0x0000000715c00000, 0x0000000715c00000, 0x0000000715d00000|  0%| F|  |TAMS 0x0000000715c00000, 0x0000000715c00000| Untracked 
| 197|0x0000000715d00000, 0x0000000715d00000, 0x0000000715e00000|  0%| F|  |TAMS 0x0000000715d00000, 0x0000000715d00000| Untracked 
| 198|0x0000000715e00000, 0x0000000715e00000, 0x0000000715f00000|  0%| F|  |TAMS 0x0000000715e00000, 0x0000000715e00000| Untracked 
| 199|0x0000000715f00000, 0x0000000715f00000, 0x0000000716000000|  0%| F|  |TAMS 0x0000000715f00000, 0x0000000715f00000| Untracked 
| 200|0x0000000716000000, 0x0000000716000000, 0x0000000716100000|  0%| F|  |TAMS 0x0000000716000000, 0x0000000716000000| Untracked 
| 201|0x0000000716100000, 0x0000000716100000, 0x0000000716200000|  0%| F|  |TAMS 0x0000000716100000, 0x0000000716100000| Untracked 
| 202|0x0000000716200000, 0x0000000716200000, 0x0000000716300000|  0%| F|  |TAMS 0x0000000716200000, 0x0000000716200000| Untracked 
| 203|0x0000000716300000, 0x0000000716300000, 0x0000000716400000|  0%| F|  |TAMS 0x0000000716300000, 0x0000000716300000| Untracked 
| 204|0x0000000716400000, 0x0000000716400000, 0x0000000716500000|  0%| F|  |TAMS 0x0000000716400000, 0x0000000716400000| Untracked 
| 205|0x0000000716500000, 0x0000000716500000, 0x0000000716600000|  0%| F|  |TAMS 0x0000000716500000, 0x0000000716500000| Untracked 
| 206|0x0000000716600000, 0x0000000716600000, 0x0000000716700000|  0%| F|  |TAMS 0x0000000716600000, 0x0000000716600000| Untracked 
| 207|0x0000000716700000, 0x0000000716700000, 0x0000000716800000|  0%| F|  |TAMS 0x0000000716700000, 0x0000000716700000| Untracked 
| 208|0x0000000716800000, 0x0000000716800000, 0x0000000716900000|  0%| F|  |TAMS 0x0000000716800000, 0x0000000716800000| Untracked 
| 209|0x0000000716900000, 0x0000000716900000, 0x0000000716a00000|  0%| F|  |TAMS 0x0000000716900000, 0x0000000716900000| Untracked 
| 210|0x0000000716a00000, 0x0000000716a00000, 0x0000000716b00000|  0%| F|  |TAMS 0x0000000716a00000, 0x0000000716a00000| Untracked 
| 211|0x0000000716b00000, 0x0000000716b00000, 0x0000000716c00000|  0%| F|  |TAMS 0x0000000716b00000, 0x0000000716b00000| Untracked 
| 212|0x0000000716c00000, 0x0000000716c00000, 0x0000000716d00000|  0%| F|  |TAMS 0x0000000716c00000, 0x0000000716c00000| Untracked 
| 213|0x0000000716d00000, 0x0000000716d00000, 0x0000000716e00000|  0%| F|  |TAMS 0x0000000716d00000, 0x0000000716d00000| Untracked 
| 214|0x0000000716e00000, 0x0000000716e00000, 0x0000000716f00000|  0%| F|  |TAMS 0x0000000716e00000, 0x0000000716e00000| Untracked 
| 215|0x0000000716f00000, 0x0000000716f00000, 0x0000000717000000|  0%| F|  |TAMS 0x0000000716f00000, 0x0000000716f00000| Untracked 
| 216|0x0000000717000000, 0x0000000717000000, 0x0000000717100000|  0%| F|  |TAMS 0x0000000717000000, 0x0000000717000000| Untracked 
| 217|0x0000000717100000, 0x0000000717100000, 0x0000000717200000|  0%| F|  |TAMS 0x0000000717100000, 0x0000000717100000| Untracked 
| 218|0x0000000717200000, 0x0000000717200000, 0x0000000717300000|  0%| F|  |TAMS 0x0000000717200000, 0x0000000717200000| Untracked 
| 219|0x0000000717300000, 0x0000000717300000, 0x0000000717400000|  0%| F|  |TAMS 0x0000000717300000, 0x0000000717300000| Untracked 
| 220|0x0000000717400000, 0x0000000717400000, 0x0000000717500000|  0%| F|  |TAMS 0x0000000717400000, 0x0000000717400000| Untracked 
| 221|0x0000000717500000, 0x0000000717500000, 0x0000000717600000|  0%| F|  |TAMS 0x0000000717500000, 0x0000000717500000| Untracked 
| 222|0x0000000717600000, 0x0000000717600000, 0x0000000717700000|  0%| F|  |TAMS 0x0000000717600000, 0x0000000717600000| Untracked 
| 223|0x0000000717700000, 0x0000000717700000, 0x0000000717800000|  0%| F|  |TAMS 0x0000000717700000, 0x0000000717700000| Untracked 
| 224|0x0000000717800000, 0x0000000717800000, 0x0000000717900000|  0%| F|  |TAMS 0x0000000717800000, 0x0000000717800000| Untracked 
| 225|0x0000000717900000, 0x0000000717900000, 0x0000000717a00000|  0%| F|  |TAMS 0x0000000717900000, 0x0000000717900000| Untracked 
| 226|0x0000000717a00000, 0x0000000717a00000, 0x0000000717b00000|  0%| F|  |TAMS 0x0000000717a00000, 0x0000000717a00000| Untracked 
| 227|0x0000000717b00000, 0x0000000717b00000, 0x0000000717c00000|  0%| F|  |TAMS 0x0000000717b00000, 0x0000000717b00000| Untracked 
| 228|0x0000000717c00000, 0x0000000717cd3fb8, 0x0000000717d00000| 82%| E|  |TAMS 0x0000000717c00000, 0x0000000717c00000| Complete 
| 229|0x0000000717d00000, 0x0000000717e00000, 0x0000000717e00000|100%| E|CS|TAMS 0x0000000717d00000, 0x0000000717d00000| Complete 
| 230|0x0000000717e00000, 0x0000000717f00000, 0x0000000717f00000|100%| E|CS|TAMS 0x0000000717e00000, 0x0000000717e00000| Complete 
| 231|0x0000000717f00000, 0x0000000718000000, 0x0000000718000000|100%| E|CS|TAMS 0x0000000717f00000, 0x0000000717f00000| Complete 
| 232|0x0000000718000000, 0x0000000718100000, 0x0000000718100000|100%| E|CS|TAMS 0x0000000718000000, 0x0000000718000000| Complete 
| 233|0x0000000718100000, 0x0000000718200000, 0x0000000718200000|100%| E|CS|TAMS 0x0000000718100000, 0x0000000718100000| Complete 
| 234|0x0000000718200000, 0x0000000718300000, 0x0000000718300000|100%| E|CS|TAMS 0x0000000718200000, 0x0000000718200000| Complete 
| 235|0x0000000718300000, 0x00000007183aad48, 0x0000000718400000| 66%| S|CS|TAMS 0x0000000718300000, 0x0000000718300000| Complete 
| 236|0x0000000718400000, 0x0000000718500000, 0x0000000718500000|100%| S|CS|TAMS 0x0000000718400000, 0x0000000718400000| Complete 
| 237|0x0000000718500000, 0x0000000718600000, 0x0000000718600000|100%| S|CS|TAMS 0x0000000718500000, 0x0000000718500000| Complete 
| 238|0x0000000718600000, 0x0000000718700000, 0x0000000718700000|100%| S|CS|TAMS 0x0000000718600000, 0x0000000718600000| Complete 
| 239|0x0000000718700000, 0x0000000718800000, 0x0000000718800000|100%| E|CS|TAMS 0x0000000718700000, 0x0000000718700000| Complete 
| 240|0x0000000718800000, 0x0000000718900000, 0x0000000718900000|100%| E|CS|TAMS 0x0000000718800000, 0x0000000718800000| Complete 
| 241|0x0000000718900000, 0x0000000718a00000, 0x0000000718a00000|100%| E|CS|TAMS 0x0000000718900000, 0x0000000718900000| Complete 
| 242|0x0000000718a00000, 0x0000000718b00000, 0x0000000718b00000|100%| E|CS|TAMS 0x0000000718a00000, 0x0000000718a00000| Complete 
| 243|0x0000000718b00000, 0x0000000718c00000, 0x0000000718c00000|100%| E|CS|TAMS 0x0000000718b00000, 0x0000000718b00000| Complete 
| 244|0x0000000718c00000, 0x0000000718d00000, 0x0000000718d00000|100%| E|CS|TAMS 0x0000000718c00000, 0x0000000718c00000| Complete 
| 245|0x0000000718d00000, 0x0000000718e00000, 0x0000000718e00000|100%| E|CS|TAMS 0x0000000718d00000, 0x0000000718d00000| Complete 
| 246|0x0000000718e00000, 0x0000000718f00000, 0x0000000718f00000|100%| E|CS|TAMS 0x0000000718e00000, 0x0000000718e00000| Complete 
| 247|0x0000000718f00000, 0x0000000719000000, 0x0000000719000000|100%| E|CS|TAMS 0x0000000718f00000, 0x0000000718f00000| Complete 

Card table byte_map: [0x000001ca7c630000,0x000001ca7cdf0000] _byte_map_base: 0x000001ca78de4000

Marking Bits (Prev, Next): (CMBitMap*) 0x000001ca652b14f0, (CMBitMap*) 0x000001ca652b14b8
 Prev Bits: [0x000001ca03da0000, 0x000001ca07b40000)
 Next Bits: [0x000001ca00000000, 0x000001ca03da0000)

Polling page: 0x000001ca631c0000

Metaspace:

Usage:
  Non-class:     20.22 MB capacity,    20.02 MB ( 99%) used,   170.90 KB ( <1%) free+waste,    38.31 KB ( <1%) overhead. 
      Class:      2.43 MB capacity,     2.27 MB ( 93%) used,   146.64 KB (  6%) free+waste,    16.44 KB ( <1%) overhead. 
       Both:     22.65 MB capacity,    22.29 MB ( 98%) used,   317.54 KB (  1%) free+waste,    54.75 KB ( <1%) overhead. 

Virtual space:
  Non-class space:       22.00 MB reserved,      20.25 MB ( 92%) committed 
      Class space:        1.00 GB reserved,       2.50 MB ( <1%) committed 
             Both:        1.02 GB reserved,      22.75 MB (  2%) committed 

Chunk freelists:
   Non-Class:  3.88 KB
       Class:  512 bytes
        Both:  4.38 KB

CodeHeap 'non-profiled nmethods': size=120000Kb used=992Kb max_used=992Kb free=119007Kb
 bounds [0x000001ca743f0000, 0x000001ca74660000, 0x000001ca7b920000]
CodeHeap 'profiled nmethods': size=120000Kb used=5046Kb max_used=5046Kb free=114954Kb
 bounds [0x000001ca6cec0000, 0x000001ca6d3b0000, 0x000001ca743f0000]
CodeHeap 'non-nmethods': size=5760Kb used=1132Kb max_used=1178Kb free=4627Kb
 bounds [0x000001ca6c920000, 0x000001ca6cb90000, 0x000001ca6cec0000]
 total_blobs=2658 nmethods=2210 adapters=359
 compilation: enabled
              stopped_count=0, restarted_count=0
 full_count=0

Compilation events (10 events):
Event: 1.171 Thread 0x000001ca08874000 nmethod 2177 0x000001ca6d397110 code [0x000001ca6d3972c0, 0x000001ca6d397568]
Event: 1.171 Thread 0x000001ca08874000 2181       3       org.antlr.runtime.CommonToken::getText (68 bytes)
Event: 1.171 Thread 0x000001ca08874000 nmethod 2181 0x000001ca6d397690 code [0x000001ca6d397880, 0x000001ca6d397ec8]
Event: 1.171 Thread 0x000001ca08874000 2176       3       org.antlr.runtime.ANTLRStringStream::LA (57 bytes)
Event: 1.171 Thread 0x000001ca08874000 nmethod 2176 0x000001ca6d398110 code [0x000001ca6d3982c0, 0x000001ca6d398538]
Event: 1.171 Thread 0x000001ca08874000 2179       3       org.drools.compiler.lang.ParserHelper::validateIdentifierKey (7 bytes)
Event: 1.171 Thread 0x000001ca08874000 nmethod 2179 0x000001ca6d398610 code [0x000001ca6d3987e0, 0x000001ca6d398ab8]
Event: 1.171 Thread 0x000001ca08874000 2183   !   3       org.antlr.runtime.Lexer::nextToken (169 bytes)
Event: 1.172 Thread 0x000001ca08874000 nmethod 2183 0x000001ca6d398c10 code [0x000001ca6d398ea0, 0x000001ca6d399de8]
Event: 1.172 Thread 0x000001ca08874000 2175       3       org.antlr.runtime.ANTLRStringStream::mark (131 bytes)

GC Heap History (8 events):
Event: 0.643 GC heap before
{Heap before GC invocations=0 (full 0):
 garbage-first heap   total 253952K, used 24576K [0x0000000709800000, 0x0000000800000000)
  region size 1024K, 24 young (24576K), 0 survivors (0K)
 Metaspace       used 13862K, capacity 14178K, committed 14208K, reserved 1062912K
  class space    used 1303K, capacity 1384K, committed 1408K, reserved 1048576K
}
Event: 0.648 GC heap after
{Heap after GC invocations=1 (full 0):
 garbage-first heap   total 253952K, used 8950K [0x0000000709800000, 0x0000000800000000)
  region size 1024K, 3 young (3072K), 3 survivors (3072K)
 Metaspace       used 13862K, capacity 14178K, committed 14208K, reserved 1062912K
  class space    used 1303K, capacity 1384K, committed 1408K, reserved 1048576K
}
Event: 0.680 GC heap before
{Heap before GC invocations=1 (full 0):
 garbage-first heap   total 253952K, used 18166K [0x0000000709800000, 0x0000000800000000)
  region size 1024K, 12 young (12288K), 3 survivors (3072K)
 Metaspace       used 13999K, capacity 14308K, committed 14464K, reserved 1062912K
  class space    used 1303K, capacity 1384K, committed 1408K, reserved 1048576K
}
Event: 0.683 GC heap after
{Heap after GC invocations=2 (full 0):
 garbage-first heap   total 253952K, used 11198K [0x0000000709800000, 0x0000000800000000)
  region size 1024K, 2 young (2048K), 2 survivors (2048K)
 Metaspace       used 13999K, capacity 14308K, committed 14464K, reserved 1062912K
  class space    used 1303K, capacity 1384K, committed 1408K, reserved 1048576K
}
Event: 0.995 GC heap before
{Heap before GC invocations=2 (full 0):
 garbage-first heap   total 253952K, used 43966K [0x0000000709800000, 0x0000000800000000)
  region size 1024K, 35 young (35840K), 2 survivors (2048K)
 Metaspace       used 19536K, capacity 19834K, committed 20096K, reserved 1067008K
  class space    used 1947K, capacity 2052K, committed 2176K, reserved 1048576K
}
Event: 0.998 GC heap after
{Heap after GC invocations=3 (full 0):
 garbage-first heap   total 253952K, used 14890K [0x0000000709800000, 0x0000000800000000)
  region size 1024K, 5 young (5120K), 5 survivors (5120K)
 Metaspace       used 19536K, capacity 19834K, committed 20096K, reserved 1067008K
  class space    used 1947K, capacity 2052K, committed 2176K, reserved 1048576K
}
Event: 1.086 GC heap before
{Heap before GC invocations=3 (full 0):
 garbage-first heap   total 253952K, used 23082K [0x0000000709800000, 0x0000000800000000)
  region size 1024K, 14 young (14336K), 5 survivors (5120K)
 Metaspace       used 20920K, capacity 21158K, committed 21248K, reserved 1069056K
  class space    used 2116K, capacity 2216K, committed 2304K, reserved 1048576K
}
Event: 1.088 GC heap after
{Heap after GC invocations=4 (full 0):
 garbage-first heap   total 253952K, used 15282K [0x0000000709800000, 0x0000000800000000)
  region size 1024K, 4 young (4096K), 4 survivors (4096K)
 Metaspace       used 20920K, capacity 21158K, committed 21248K, reserved 1069056K
  class space    used 2116K, capacity 2216K, committed 2304K, reserved 1048576K
}

Deoptimization events (10 events):
Event: 1.169 Thread 0x000001ca0b899000 Uncommon trap: reason=class_check action=maybe_recompile pc=0x000001ca744c73cc method=org.antlr.runtime.Lexer.nextToken()Lorg/antlr/runtime/Token; @ 24 c2
Event: 1.169 Thread 0x000001ca0c597000 Uncommon trap: reason=class_check action=maybe_recompile pc=0x000001ca744cb2cc method=org.antlr.runtime.Lexer.getCharIndex()I @ 4 c2
Event: 1.169 Thread 0x000001ca09d76800 Uncommon trap: reason=class_check action=maybe_recompile pc=0x000001ca744c01d4 method=org.antlr.runtime.CommonToken.getText()Ljava/lang/String; @ 25 c2
Event: 1.169 Thread 0x000001ca0c597800 Uncommon trap: reason=class_check action=maybe_recompile pc=0x000001ca744c01d4 method=org.antlr.runtime.CommonToken.getText()Ljava/lang/String; @ 25 c2
Event: 1.169 Thread 0x000001ca09d76800 Uncommon trap: reason=class_check action=maybe_recompile pc=0x000001ca744bc054 method=org.antlr.runtime.CommonToken.getText()Ljava/lang/String; @ 25 c2
Event: 1.169 Thread 0x000001ca0c597800 Uncommon trap: reason=class_check action=maybe_recompile pc=0x000001ca744bc054 method=org.antlr.runtime.CommonToken.getText()Ljava/lang/String; @ 25 c2
Event: 1.169 Thread 0x000001ca0b89a000 Uncommon trap: reason=class_check action=maybe_recompile pc=0x000001ca744c01d4 method=org.antlr.runtime.CommonToken.getText()Ljava/lang/String; @ 25 c2
Event: 1.170 Thread 0x000001ca65252000 Uncommon trap: reason=class_check action=maybe_recompile pc=0x000001ca744c01d4 method=org.antlr.runtime.CommonToken.getText()Ljava/lang/String; @ 25 c2
Event: 1.170 Thread 0x000001ca09d52000 Uncommon trap: reason=class_check action=maybe_recompile pc=0x000001ca744c01d4 method=org.antlr.runtime.CommonToken.getText()Ljava/lang/String; @ 25 c2
Event: 1.170 Thread 0x000001ca0c597000 Uncommon trap: reason=class_check action=maybe_recompile pc=0x000001ca744c01d4 method=org.antlr.runtime.CommonToken.getText()Ljava/lang/String; @ 25 c2

Classes redefined (0 events):
No events

Internal exceptions (10 events):
Event: 1.114 Thread 0x000001ca65252000 Exception <a 'java/security/PrivilegedActionException'{0x0000000718b2b8d0}> (0x0000000718b2b8d0) thrown at [./open/src/hotspot/share/prims/jvm.cpp, line 1305]
Event: 1.115 Thread 0x000001ca65252000 Exception <a 'java/security/PrivilegedActionException'{0x0000000718b76fd0}> (0x0000000718b76fd0) thrown at [./open/src/hotspot/share/prims/jvm.cpp, line 1305]
Event: 1.115 Thread 0x000001ca65252000 Exception <a 'java/security/PrivilegedActionException'{0x0000000718b77548}> (0x0000000718b77548) thrown at [./open/src/hotspot/share/prims/jvm.cpp, line 1305]
Event: 1.115 Thread 0x000001ca65252000 Exception <a 'java/security/PrivilegedActionException'{0x0000000718b7fe10}> (0x0000000718b7fe10) thrown at [./open/src/hotspot/share/prims/jvm.cpp, line 1305]
Event: 1.115 Thread 0x000001ca65252000 Exception <a 'java/security/PrivilegedActionException'{0x0000000718b80388}> (0x0000000718b80388) thrown at [./open/src/hotspot/share/prims/jvm.cpp, line 1305]
Event: 1.129 Thread 0x000001ca65252000 Exception <a 'java/security/PrivilegedActionException'{0x0000000718adc040}> (0x0000000718adc040) thrown at [./open/src/hotspot/share/prims/jvm.cpp, line 1305]
Event: 1.129 Thread 0x000001ca65252000 Exception <a 'java/security/PrivilegedActionException'{0x0000000718adc5b8}> (0x0000000718adc5b8) thrown at [./open/src/hotspot/share/prims/jvm.cpp, line 1305]
Event: 1.129 Thread 0x000001ca65252000 Exception <a 'java/security/PrivilegedActionException'{0x0000000718907618}> (0x0000000718907618) thrown at [./open/src/hotspot/share/prims/jvm.cpp, line 1305]
Event: 1.129 Thread 0x000001ca65252000 Exception <a 'java/security/PrivilegedActionException'{0x0000000718907b90}> (0x0000000718907b90) thrown at [./open/src/hotspot/share/prims/jvm.cpp, line 1305]
Event: 1.169 Thread 0x000001ca0c597800 Implicit null exception at 0x000001ca744c4cd0 to 0x000001ca744c4dfc

Events (10 events):
Event: 1.171 loading class org/drools/core/facttemplates/FactTemplateObjectType done
Event: 1.171 loading class org/drools/compiler/rule/builder/PatternBuilder$ExprBindings
Event: 1.171 loading class org/drools/compiler/rule/builder/PatternBuilder$ExprBindings done
Event: 1.171 loading class org/drools/compiler/compiler/BoundIdentifiers
Event: 1.171 loading class org/drools/compiler/compiler/BoundIdentifiers done
Event: 1.172 loading class org/mvel2/compiler/ExpressionCompiler
Event: 1.172 loading class org/mvel2/compiler/ExpressionCompiler done
Event: 1.172 Executing VM operation: RevokeBias
Event: 1.172 Executing VM operation: RevokeBias done
Event: 1.172 Executing VM operation: RevokeBias


Dynamic libraries:
0x00007ff784240000 - 0x00007ff784250000 	C:\Program Files\Java\jdk-11\bin\javaw.exe
0x00007ffcff0f0000 - 0x00007ffcff307000 	C:\WINDOWS\SYSTEM32\ntdll.dll
0x00007ffcfe7f0000 - 0x00007ffcfe8b4000 	C:\WINDOWS\System32\KERNEL32.DLL
0x00007ffcfc750000 - 0x00007ffcfcb0a000 	C:\WINDOWS\System32\KERNELBASE.dll
0x00007ffcfc5b0000 - 0x00007ffcfc6c1000 	C:\WINDOWS\System32\ucrtbase.dll
0x00007ffce79e0000 - 0x00007ffce79f9000 	C:\Program Files\Java\jdk-11\bin\jli.dll
0x00007ffcea480000 - 0x00007ffcea49b000 	C:\Program Files\Java\jdk-11\bin\VCRUNTIME140.dll
0x00007ffcfd3c0000 - 0x00007ffcfd472000 	C:\WINDOWS\System32\ADVAPI32.dll
0x00007ffcfd570000 - 0x00007ffcfd617000 	C:\WINDOWS\System32\msvcrt.dll
0x00007ffcfeee0000 - 0x00007ffcfef87000 	C:\WINDOWS\System32\sechost.dll
0x00007ffcfcdc0000 - 0x00007ffcfcde8000 	C:\WINDOWS\System32\bcrypt.dll
0x00007ffcfef90000 - 0x00007ffcff0a4000 	C:\WINDOWS\System32\RPCRT4.dll
0x00007ffcfeb20000 - 0x00007ffcfecce000 	C:\WINDOWS\System32\USER32.dll
0x00007ffcfc3c0000 - 0x00007ffcfc3e6000 	C:\WINDOWS\System32\win32u.dll
0x00007ffce5810000 - 0x00007ffce5aa2000 	C:\WINDOWS\WinSxS\amd64_microsoft.windows.common-controls_6595b64144ccf1df_6.0.22621.4541_none_2710d1c57384c085\COMCTL32.dll
0x00007ffcfdc50000 - 0x00007ffcfdc79000 	C:\WINDOWS\System32\GDI32.dll
0x00007ffcfc3f0000 - 0x00007ffcfc50b000 	C:\WINDOWS\System32\gdi32full.dll
0x00007ffcfc510000 - 0x00007ffcfc5aa000 	C:\WINDOWS\System32\msvcp_win.dll
0x00007ffcf7ad0000 - 0x00007ffcf7ada000 	C:\WINDOWS\SYSTEM32\VERSION.dll
0x00007ffcfecd0000 - 0x00007ffcfed01000 	C:\WINDOWS\System32\IMM32.DLL
0x00007ffcf9f20000 - 0x00007ffcf9f2c000 	C:\Program Files\Java\jdk-11\bin\vcruntime140_1.dll
0x00007ffce7440000 - 0x00007ffce74ce000 	C:\Program Files\Java\jdk-11\bin\msvcp140.dll
0x00007ffc048d0000 - 0x00007ffc0543d000 	C:\Program Files\Java\jdk-11\bin\server\jvm.dll
0x00007ffcfeed0000 - 0x00007ffcfeed8000 	C:\WINDOWS\System32\PSAPI.DLL
0x00007ffcf6a30000 - 0x00007ffcf6a64000 	C:\WINDOWS\SYSTEM32\WINMM.dll
0x00007ffcf63c0000 - 0x00007ffcf63c9000 	C:\WINDOWS\SYSTEM32\WSOCK32.dll
0x00007ffcfde80000 - 0x00007ffcfdef1000 	C:\WINDOWS\System32\WS2_32.dll
0x00007ffcfb4b0000 - 0x00007ffcfb4c8000 	C:\WINDOWS\SYSTEM32\kernel.appcore.dll
0x00007ffcf9a70000 - 0x00007ffcf9a80000 	C:\Program Files\Java\jdk-11\bin\verify.dll
0x00007ffcf9b40000 - 0x00007ffcf9d72000 	C:\WINDOWS\SYSTEM32\DBGHELP.DLL
0x00007ffcfcfb0000 - 0x00007ffcfd33f000 	C:\WINDOWS\System32\combase.dll
0x00007ffcfd480000 - 0x00007ffcfd557000 	C:\WINDOWS\System32\OLEAUT32.dll
0x00007ffcf1d30000 - 0x00007ffcf1d62000 	C:\WINDOWS\SYSTEM32\dbgcore.DLL
0x00007ffcfcd40000 - 0x00007ffcfcdbb000 	C:\WINDOWS\System32\bcryptPrimitives.dll
0x00007ffce71c0000 - 0x00007ffce71e8000 	C:\Program Files\Java\jdk-11\bin\java.dll
0x00007ffcf4bd0000 - 0x00007ffcf4bda000 	C:\Program Files\Java\jdk-11\bin\jimage.dll
0x00007ffce75f0000 - 0x00007ffce7607000 	C:\Program Files\Java\jdk-11\bin\zip.dll
0x00007ffcfdf70000 - 0x00007ffcfe7e8000 	C:\WINDOWS\System32\SHELL32.dll
0x00007ffcfa2c0000 - 0x00007ffcfabc8000 	C:\WINDOWS\SYSTEM32\windows.storage.dll
0x00007ffcfa180000 - 0x00007ffcfa2bf000 	C:\WINDOWS\SYSTEM32\wintypes.dll
0x00007ffcfd640000 - 0x00007ffcfd73a000 	C:\WINDOWS\System32\SHCORE.dll
0x00007ffcfe910000 - 0x00007ffcfe96e000 	C:\WINDOWS\System32\shlwapi.dll
0x00007ffcfc2f0000 - 0x00007ffcfc31b000 	C:\WINDOWS\SYSTEM32\profapi.dll
0x00007ffce7420000 - 0x00007ffce7439000 	C:\Program Files\Java\jdk-11\bin\net.dll
0x00007ffcf7fd0000 - 0x00007ffcf8106000 	C:\WINDOWS\SYSTEM32\WINHTTP.dll
0x00007ffcfb930000 - 0x00007ffcfb999000 	C:\WINDOWS\system32\mswsock.dll
0x00007ffce72d0000 - 0x00007ffce72e2000 	C:\Program Files\Java\jdk-11\bin\nio.dll
0x00007ffcfbb60000 - 0x00007ffcfbb7b000 	C:\WINDOWS\SYSTEM32\CRYPTSP.dll
0x00007ffcfb410000 - 0x00007ffcfb445000 	C:\WINDOWS\system32\rsaenh.dll
0x00007ffcfb9d0000 - 0x00007ffcfb9f8000 	C:\WINDOWS\SYSTEM32\USERENV.dll
0x00007ffcfbb50000 - 0x00007ffcfbb5c000 	C:\WINDOWS\SYSTEM32\CRYPTBASE.dll
0x00007ffcfaea0000 - 0x00007ffcfaecd000 	C:\WINDOWS\SYSTEM32\IPHLPAPI.DLL
0x00007ffcfde70000 - 0x00007ffcfde79000 	C:\WINDOWS\System32\NSI.dll
0x00007ffcf7ae0000 - 0x00007ffcf7af9000 	C:\WINDOWS\SYSTEM32\dhcpcsvc6.DLL
0x00007ffcf76f0000 - 0x00007ffcf770f000 	C:\WINDOWS\SYSTEM32\dhcpcsvc.DLL
0x00007ffcfaed0000 - 0x00007ffcfafd2000 	C:\WINDOWS\SYSTEM32\DNSAPI.dll

dbghelp: loaded successfully - version: 4.0.5 - missing functions: none
symbol engine: initialized successfully - sym options: 0x614 - pdb path: .;C:\Program Files\Java\jdk-11\bin;C:\WINDOWS\SYSTEM32;C:\WINDOWS\WinSxS\amd64_microsoft.windows.common-controls_6595b64144ccf1df_6.0.22621.4541_none_2710d1c57384c085;C:\Program Files\Java\jdk-11\bin\server

VM Arguments:
jvm_args: -Dfile.encoding=UTF-8 
java_command: com.sample.DroolsTest
java_class_path (initial): C:\Users\hkere\eclipse-workspaces\drools\DROOLS-WhatRaceShouldIPlay\target\classes;C:\Users\hkere\eclipse-workspaces\drools-distribution-7.3.0.Final\binaries\activation-1.1.1.jar;C:\Users\hkere\eclipse-workspaces\drools-distribution-7.3.0.Final\binaries\aether-api-1.0.2.v20150114.jar;C:\Users\hkere\eclipse-workspaces\drools-distribution-7.3.0.Final\binaries\aether-connector-basic-1.0.2.v20150114.jar;C:\Users\hkere\eclipse-workspaces\drools-distribution-7.3.0.Final\binaries\aether-impl-1.0.2.v20150114.jar;C:\Users\hkere\eclipse-workspaces\drools-distribution-7.3.0.Final\binaries\aether-spi-1.0.2.v20150114.jar;C:\Users\hkere\eclipse-workspaces\drools-distribution-7.3.0.Final\binaries\aether-transport-file-1.0.2.v20150114.jar;C:\Users\hkere\eclipse-workspaces\drools-distribution-7.3.0.Final\binaries\aether-transport-http-1.0.2.v20150114.jar;C:\Users\hkere\eclipse-workspaces\drools-distribution-7.3.0.Final\binaries\aether-transport-wagon-1.0.2.v20150114.jar;C:\Users\hkere\eclipse-workspaces\drools-distribution-7.3.0.Final\binaries\aether-util-1.0.2.v20150114.jar;C:\Users\hkere\eclipse-workspaces\drools-distribution-7.3.0.Final\binaries\ant-1.8.4.jar;C:\Users\hkere\eclipse-workspaces\drools-distribution-7.3.0.Final\binaries\ant-launcher-1.8.4.jar;C:\Users\hkere\eclipse-workspaces\drools-distribution-7.3.0.Final\binaries\antlr-runtime-3.5.2.jar;C:\Users\hkere\eclipse-workspaces\drools-distribution-7.3.0.Final\binaries\aopalliance-1.0.jar;C:\Users\hkere\eclipse-workspaces\drools-distribution-7.3.0.Final\binaries\cdi-api-1.2.jar;C:\Users\hkere\eclipse-workspaces\drools-distribution-7.3.0.Final\binaries\commons-codec-1.10.jar;C:\Users\hkere\eclipse-workspaces\drools-distribution-7.3.0.Final\binaries\commons-collections4-4.1.jar;C:\Users\hkere\eclipse-workspaces\drools-distribution-7.3.0.Final\binaries\commons-lang-2.6.jar;C:\Users\hkere\eclipse-workspaces\drools-distribution-7.3.0.Final\binaries\commons-lang3-3.4.jar;C:\Users\hkere\eclipse-worksp
Launcher Type: SUN_STANDARD

[Global flags]
     intx CICompilerCount                          = 4                                         {product} {ergonomic}
     uint ConcGCThreads                            = 3                                         {product} {ergonomic}
     uint G1ConcRefinementThreads                  = 10                                        {product} {ergonomic}
   size_t G1HeapRegionSize                         = 1048576                                   {product} {ergonomic}
    uintx GCDrainStackTargetSize                   = 64                                        {product} {ergonomic}
   size_t InitialHeapSize                          = 260046848                                 {product} {ergonomic}
   size_t MarkStackSize                            = 4194304                                   {product} {ergonomic}
   size_t MaxHeapSize                              = 4135583744                                {product} {ergonomic}
   size_t MaxNewSize                               = 2480930816                                {product} {ergonomic}
   size_t MinHeapDeltaBytes                        = 1048576                                   {product} {ergonomic}
    uintx NonNMethodCodeHeapSize                   = 5836300                                {pd product} {ergonomic}
    uintx NonProfiledCodeHeapSize                  = 122910970                              {pd product} {ergonomic}
    uintx ProfiledCodeHeapSize                     = 122910970                              {pd product} {ergonomic}
    uintx ReservedCodeCacheSize                    = 251658240                              {pd product} {ergonomic}
     bool SegmentedCodeCache                       = true                                      {product} {ergonomic}
     bool UseCompressedClassPointers               = true                                 {lp64_product} {ergonomic}
     bool UseCompressedOops                        = true                                 {lp64_product} {ergonomic}
     bool UseG1GC                                  = true                                      {product} {ergonomic}
     bool UseLargePagesIndividualAllocation        = false                                  {pd product} {ergonomic}

Logging:
Log output configuration:
 #0: stdout all=warning uptime,level,tags
 #1: stderr all=off uptime,level,tags

Environment Variables:
JAVA_HOME=C:\Program Files\Java\jdk-21
JRE_HOME=C:\Program Files\Java\jre-1.8
PATH=C:/Program Files/eclipse//plugins/org.eclipse.justj.openjdk.hotspot.jre.full.win32.x86_64_16.0.2.v20210721-1149/jre/bin/server;C:/Program Files/eclipse//plugins/org.eclipse.justj.openjdk.hotspot.jre.full.win32.x86_64_16.0.2.v20210721-1149/jre/bin;C:\Program Files\Common Files\Oracle\Java\javapath;C:\Program Files (x86)\Common Files\Oracle\Java\java8path;C:\Program Files (x86)\Common Files\Oracle\Java\javapath;C:\Windows\system32;C:\Windows;C:\Windows\System32\Wbem;C:\Windows\System32\WindowsPowerShell\v1.0\;C:\Windows\System32\OpenSSH\;C:\Program Files (x86)\NVIDIA Corporation\PhysX\Common;C:\Program Files\NVIDIA Corporation\NVIDIA NvDLISR;C:\WINDOWS\system32;C:\WINDOWS;C:\WINDOWS\System32\Wbem;C:\WINDOWS\System32\WindowsPowerShell\v1.0\;C:\WINDOWS\System32\OpenSSH\;C:\Program Files\PuTTY\;C:\Program Files\Java\jdk-21\bin;C:\Program Files\Microsoft SQL Server\150\Tools\Binn\;C:\Program Files\Microsoft SQL Server\Client SDK\ODBC\170\Tools\Binn\;C:\Program Files\dotnet\;C:\Program Files (x86)\Windows Kits\10\Windows Performance Toolkit\;C:\Program Files\CMake\bin;C:\Program Files\Git\cmd;C:\buildTool\apache-ant-1.10.15\bin;C:\Program Files\Calibre2\;C:\buildTool\apache-maven-3.9.9\bin;C:\Program Files\PowerShell\7\;C:\Program Files\PowerShell\7-preview\preview;ers\hkere\AppData\Local\Packages\PythonSoftwareFoundation.Python.3.12_qbz5n2kfra8p0\LocalCache\local-packages\Python312\Scripts;;C:\ProgramData\chocolatey\bin;C:\Users\hkere\AppData\Local\Microsoft\WindowsApps;C:\Users\hkere\AppData\Local\JetBrains\Toolbox\scripts;C:\Users\hkere\AppData\Local\Programs\MiKTeX\miktex\bin\x64\;C:\Users\hkere\.dotnet\tools;C:\buildTool\apache-ant-1.10.15;C:\Program Files\Java\jdk-21\bin;C:\buildTool\apache-maven-3.9.9\bin;C:\buildTool\apache-maven-3.9.9;C:\Users\hkere\AppData\Local\GitHubDesktop\bin;;C:\Program Files\eclipse;
USERNAME=hkere
OS=Windows_NT
PROCESSOR_IDENTIFIER=AMD64 Family 25 Model 80 Stepping 0, AuthenticAMD



---------------  S Y S T E M  ---------------

OS: Windows 11 , 64 bit Build 22621 (10.0.22621.4391)
Hyper-V role detected

CPU:total 12 (initial active 12) (12 cores per cpu, 2 threads per core) family 25 model 80 stepping 0 microcode 0x0, cmov, cx8, fxsr, mmx, sse, sse2, sse3, ssse3, sse4.1, sse4.2, popcnt, avx, avx2, aes, clmul, erms, mmxext, 3dnowpref, lzcnt, sse4a, ht, tsc, tscinvbit, tscinv, bmi1, bmi2,

Memory: 4k page, system-wide physical 15775M (1746M free)
TotalPageFile size 64927M (AvailPageFile size 5M)
current process WorkingSet (physical memory assigned to process): 168M, peak: 168M
current process commit charge ("private bytes"): 411M, peak: 412M

vm_info: Java HotSpot(TM) 64-Bit Server VM (11.0.21+9-LTS-193) for windows-amd64 JRE (11.0.21+9-LTS-193), built on Sep 13 2023 11:04:38 by "mach5one" with MS VC++ 17.1 (VS2022)

END.
